#
# A fatal error has been detected by the Java Runtime Environment:
#
#  EXCEPTION_ACCESS_VIOLATION (0xc0000005) at pc=0x000001e737a50000, pid=14296, tid=0x0000000000001c28
#
# JRE version: OpenJDK Runtime Environment (8.0_242-b08) (build 1.8.0_242-b08)
# Java VM: OpenJDK 64-Bit Server VM (25.242-b08 mixed mode windows-amd64 compressed oops)
# Problematic frame:
# C  0x000001e737a50000
#
# Failed to write core dump. Minidumps are not enabled by default on client versions of Windows
#
# If you would like to submit a bug report, please visit:
#   
# The crash happened outside the Java Virtual Machine in native code.
# See problematic frame for where to report the bug.
#

---------------  T H R E A D  ---------------

Current thread (0x000001e73894c000):  JavaThread "CraftPresence" [_thread_in_native, id=7208, stack(0x0000009864f00000,0x0000009865000000)]

siginfo: ExceptionCode=0xc0000005, ExceptionInformation=0x0000000000000008 0x000001e737a50000

Registers:
RAX=0x000001e737a50000, RBX=0x0000000000010001, RCX=0x0000000000010001, RDX=0x0000009864ffe9f0
RSP=0x0000009864ffe9b8, RBP=0x0000009864ffeac0, RSI=0x000001e736fdac00, RDI=0x0000000000000002
R8 =0x000001e736fdac00, R9 =0x00007ff804dc37b0, R10=0x00007ff80ba51a10, R11=0x0000009864ffee28
R12=0x0000000000000000, R13=0x00000005c002ffd0, R14=0x00000007c00f8828, R15=0x000001e73894c000
RIP=0x000001e737a50000, EFLAGS=0x0000000000010206

Top of Stack: (sp=0x0000009864ffe9b8)
0x0000009864ffe9b8:   00007ff804dc1f7c 0000009864ffeb00
0x0000009864ffe9c8:   0000009864ffec50 0000009864ffea90
0x0000009864ffe9d8:   0000000000000c00 0000000000000000
0x0000009864ffe9e8:   0000000000000000 57464c4720656854
0x0000009864ffe9f8:   7972617262696c20 20746f6e20736920
0x0000009864ffea08:   696c616974696e69 000000000064657a
0x0000009864ffea18:   00007ff827dd83cb 000001e7438c5ac8
0x0000009864ffea28:   00007ff82a63a880 0000673c399a32ae
0x0000009864ffea38:   000001e73894c000 0000009864ffeb78
0x0000009864ffea48:   00007ff827dd83cb 0000009800000000
0x0000009864ffea58:   000001e73de2bd30 0000673c399a329e
0x0000009864ffea68:   00000007c14e3ee8 0000000000000000
0x0000009864ffea78:   00007ffffdb53490 0000000000000020
0x0000009864ffea88:   00007ffffdb6de7a 000001e73de2bd40
0x0000009864ffea98:   00007ffffdb7ab69 0000000000000000
0x0000009864ffeaa8:   00007ffffdb7aaf3 000001e7051be2b0 

Instructions: (pc=0x000001e737a50000)
0x000001e737a4ffe0:   
[error occurred during error reporting (printing registers, top of stack, instructions near pc), id 0xc0000005]

Register to memory mapping:

RAX=0x000001e737a50000 is an unknown value
RBX=0x0000000000010001 is an unknown value
RCX=0x0000000000010001 is an unknown value
RDX=0x0000009864ffe9f0 is pointing into the stack for thread: 0x000001e73894c000
RSP=0x0000009864ffe9b8 is pointing into the stack for thread: 0x000001e73894c000
RBP=0x0000009864ffeac0 is pointing into the stack for thread: 0x000001e73894c000
RSI=0x000001e736fdac00 is an unknown value
RDI=0x0000000000000002 is an unknown value
R8 =0x000001e736fdac00 is an unknown value
R9 =0x00007ff804dc37b0 is an unknown value
R10=0x00007ff80ba51a10 is an unknown value
R11=0x0000009864ffee28 is pointing into the stack for thread: 0x000001e73894c000
R12=0x0000000000000000 is an unknown value
R13=0x00000005c002ffd0 is an oop
[I 
 - klass: {type array int}
 - length: 256
R14=0x00000007c00f8828 is pointing into metadata
R15=0x000001e73894c000 is a thread


Stack: [0x0000009864f00000,0x0000009865000000],  sp=0x0000009864ffe9b8,  free space=1018k
Native frames: (J=compiled Java code, j=interpreted, Vv=VM code, C=native code)
C  0x000001e737a50000

Java frames: (J=compiled Java code, j=interpreted, Vv=VM code)
J 18139  org.lwjgl.system.JNI.invokePI(JIJ)I (0 bytes) @ 0x000001e70937f2dd [0x000001e70937f220+0xbd]
J 21284 C1 com.gitlab.cdagaming.craftpresence.utils.KeyUtils.onTick()V (150 bytes) @ 0x000001e70a6bdbb4 [0x000001e70a6bd580+0x634]
j  com.gitlab.cdagaming.craftpresence.utils.CommandUtils.reloadData(Z)V+15
j  com.gitlab.cdagaming.craftpresence.CraftPresence.clientTick()V+32
J 35856 C2 com.gitlab.cdagaming.craftpresence.CraftPresence$1.run()V (8 bytes) @ 0x000001e70c22b260 [0x000001e70c22b220+0x40]
J 40057% C2 java.util.TimerThread.mainLoop()V (232 bytes) @ 0x000001e70b904fd8 [0x000001e70b904ce0+0x2f8]
j  java.util.TimerThread.run()V+1
v  ~StubRoutines::call_stub

---------------  P R O C E S S  ---------------

Java Threads: ( => current thread )
  0x000001e73d35d800 JavaThread "Sound engine" daemon [_thread_blocked, id=13292, stack(0x0000009860f00000,0x0000009861000000)]
  0x000001e741138000 JavaThread "REI-SyncRecipes" [_thread_blocked, id=11484, stack(0x0000009868100000,0x0000009868200000)]
  0x000001e735019000 JavaThread "Netty Server IO #1" daemon [_thread_in_native, id=15148, stack(0x0000009867400000,0x0000009867500000)]
  0x000001e735017800 JavaThread "Netty Local Client IO #0" daemon [_thread_blocked, id=11240, stack(0x0000009867300000,0x0000009867400000)]
  0x000001e735016800 JavaThread "Netty Server IO #0" daemon [_thread_in_native, id=12556, stack(0x0000009867100000,0x0000009867200000)]
  0x000001e735019800 JavaThread "ObjectCleanerThread" daemon [_thread_blocked, id=11528, stack(0x0000009867000000,0x0000009867100000)]
  0x000001e735018000 JavaThread "Java2D Disposer" daemon [_thread_blocked, id=9756, stack(0x0000009866c00000,0x0000009866d00000)]
  0x000001e738954000 JavaThread "Snooper Timer" daemon [_thread_blocked, id=15728, stack(0x0000009865900000,0x0000009865a00000)]
  0x000001e73894f800 JavaThread "Thread-224" [_thread_blocked, id=9956, stack(0x0000009865500000,0x0000009865600000)]
  0x000001e73894d800 JavaThread "IPCClient-Reader" [_thread_blocked, id=10208, stack(0x0000009865400000,0x0000009865500000)]
  0x000001e738947800 JavaThread "Abandoned connection cleanup thread" daemon [_thread_blocked, id=1708, stack(0x0000009865000000,0x0000009865100000)]
=>0x000001e73894c000 JavaThread "CraftPresence" [_thread_in_native, id=7208, stack(0x0000009864f00000,0x0000009865000000)]
  0x000001e73656d000 JavaThread "Thread-221" daemon [_thread_in_native, id=6888, stack(0x0000009864b00000,0x0000009864c00000)]
  0x000001e73656c800 JavaThread "Thread-220" daemon [_thread_in_native, id=14404, stack(0x0000009864a00000,0x0000009864b00000)]
  0x000001e73656b800 JavaThread "Thread-219" daemon [_thread_in_native, id=15904, stack(0x0000009864900000,0x0000009864a00000)]
  0x000001e73656a000 JavaThread "Thread-218" daemon [_thread_in_native, id=4296, stack(0x0000009864800000,0x0000009864900000)]
  0x000001e736569800 JavaThread "Thread-217" daemon [_thread_in_native, id=11824, stack(0x0000009864700000,0x0000009864800000)]
  0x000001e73656b000 JavaThread "Thread-216" daemon [_thread_in_native, id=11640, stack(0x0000009864600000,0x0000009864700000)]
  0x000001e736568800 JavaThread "Thread-215" daemon [_thread_in_native, id=1856, stack(0x0000009864500000,0x0000009864600000)]
  0x000001e736561000 JavaThread "Thread-214" daemon [_thread_in_native, id=15100, stack(0x0000009864400000,0x0000009864500000)]
  0x000001e736568000 JavaThread "Thread-213" daemon [_thread_in_native, id=13484, stack(0x0000009864300000,0x0000009864400000)]
  0x000001e736560800 JavaThread "Thread-212" daemon [_thread_in_native, id=11820, stack(0x0000009864200000,0x0000009864300000)]
  0x000001e736567000 JavaThread "Thread-211" daemon [_thread_in_native, id=14072, stack(0x0000009864100000,0x0000009864200000)]
  0x000001e73655f800 JavaThread "Thread-210" daemon [_thread_in_native, id=12872, stack(0x0000009864000000,0x0000009864100000)]
  0x000001e736565000 JavaThread "Thread-209" daemon [_thread_in_native, id=9932, stack(0x0000009863f00000,0x0000009864000000)]
  0x000001e736562000 JavaThread "Snooper Timer" daemon [_thread_blocked, id=13892, stack(0x0000009863e00000,0x0000009863f00000)]
  0x000001e736565800 JavaThread "Timer hack thread" daemon [_thread_blocked, id=8772, stack(0x0000009863d00000,0x0000009863e00000)]
  0x000001e72f66e800 JavaThread "Service Thread" daemon [_thread_blocked, id=12064, stack(0x0000009863400000,0x0000009863500000)]
  0x000001e72f5d9800 JavaThread "C1 CompilerThread3" daemon [_thread_blocked, id=10696, stack(0x0000009863300000,0x0000009863400000)]
  0x000001e72f5d5800 JavaThread "C2 CompilerThread2" daemon [_thread_blocked, id=7764, stack(0x0000009863200000,0x0000009863300000)]
  0x000001e72f5d5000 JavaThread "C2 CompilerThread1" daemon [_thread_blocked, id=3224, stack(0x0000009863100000,0x0000009863200000)]
  0x000001e72f5d3000 JavaThread "C2 CompilerThread0" daemon [_thread_blocked, id=2632, stack(0x0000009863000000,0x0000009863100000)]
  0x000001e72f5c0800 JavaThread "Attach Listener" daemon [_thread_blocked, id=6368, stack(0x0000009862f00000,0x0000009863000000)]
  0x000001e72f5bf800 JavaThread "Signal Dispatcher" daemon [_thread_blocked, id=5104, stack(0x0000009862e00000,0x0000009862f00000)]
  0x000001e72f5bf000 JavaThread "Surrogate Locker Thread (Concurrent GC)" daemon [_thread_blocked, id=12284, stack(0x0000009862d00000,0x0000009862e00000)]
  0x000001e72f55c800 JavaThread "Finalizer" daemon [_thread_blocked, id=15192, stack(0x0000009862c00000,0x0000009862d00000)]
  0x000001e72f552000 JavaThread "Reference Handler" daemon [_thread_blocked, id=5072, stack(0x0000009862b00000,0x0000009862c00000)]
  0x000001e7051d6000 JavaThread "Render thread" [_thread_in_native, id=9304, stack(0x0000009861000000,0x0000009861100000)]

Other Threads:
  0x000001e72acf7800 VMThread [stack: 0x0000009862a00000,0x0000009862b00000] [id=4556]
  0x000001e72f5f8800 WatcherThread [stack: 0x0000009863500000,0x0000009863600000] [id=6684]

VM state:not at safepoint (normal execution)

VM Mutex/Monitor currently owned by a thread: None

heap address: 0x00000005c0000000, size: 8192 MB, Compressed Oops mode: Zero based, Oop shift amount: 3
Narrow klass base: 0x0000000000000000, Narrow klass shift: 3
Compressed class space size: 1073741824 Address: 0x00000007c0000000

Heap:
 garbage-first heap   total 6389760K, used 4267308K [0x00000005c0000000, 0x00000005c2000618, 0x00000007c0000000)
  region size 32768K, 96 young (3145728K), 2 survivors (65536K)
 Metaspace       used 162190K, capacity 190291K, committed 190512K, reserved 1210368K
  class space    used 22925K, capacity 30549K, committed 30648K, reserved 1048576K

Heap Regions: (Y=young(eden), SU=young(survivor), HS=humongous(starts), HC=humongous(continues), CS=collection set, F=free, TS=gc time stamp, PTAMS=previous top-at-mark-start, NTAMS=next top-at-mark-start)
AC   0  O    TS     0 PTAMS 0x00000005c2000000 NTAMS 0x00000005c2000000 space 32768K, 100% used [0x00000005c0000000, 0x00000005c2000000)
AC   0  O    TS     0 PTAMS 0x00000005c4000000 NTAMS 0x00000005c4000000 space 32768K, 100% used [0x00000005c2000000, 0x00000005c4000000)
AC   0  O    TS     0 PTAMS 0x00000005c6000000 NTAMS 0x00000005c6000000 space 32768K, 100% used [0x00000005c4000000, 0x00000005c6000000)
AC   0  O    TS     0 PTAMS 0x00000005c8000000 NTAMS 0x00000005c8000000 space 32768K, 100% used [0x00000005c6000000, 0x00000005c8000000)
AC   0  O    TS     0 PTAMS 0x00000005ca000000 NTAMS 0x00000005ca000000 space 32768K, 100% used [0x00000005c8000000, 0x00000005ca000000)
AC   0  O    TS     0 PTAMS 0x00000005cc000000 NTAMS 0x00000005cc000000 space 32768K, 100% used [0x00000005ca000000, 0x00000005cc000000)
AC   0  O    TS     0 PTAMS 0x00000005ce000000 NTAMS 0x00000005ce000000 space 32768K, 100% used [0x00000005cc000000, 0x00000005ce000000)
AC   0  O    TS     0 PTAMS 0x00000005d0000000 NTAMS 0x00000005d0000000 space 32768K, 100% used [0x00000005ce000000, 0x00000005d0000000)
AC   0  O    TS     0 PTAMS 0x00000005d2000000 NTAMS 0x00000005d2000000 space 32768K, 100% used [0x00000005d0000000, 0x00000005d2000000)
AC   0  O    TS     0 PTAMS 0x00000005d4000000 NTAMS 0x00000005d4000000 space 32768K, 100% used [0x00000005d2000000, 0x00000005d4000000)
AC   0  O    TS     0 PTAMS 0x00000005d6000000 NTAMS 0x00000005d6000000 space 32768K, 100% used [0x00000005d4000000, 0x00000005d6000000)
AC   0  O    TS     0 PTAMS 0x00000005d8000000 NTAMS 0x00000005d8000000 space 32768K, 100% used [0x00000005d6000000, 0x00000005d8000000)
AC   0  O    TS     0 PTAMS 0x00000005da000000 NTAMS 0x00000005da000000 space 32768K, 100% used [0x00000005d8000000, 0x00000005da000000)
AC   0  O    TS     0 PTAMS 0x00000005dc000000 NTAMS 0x00000005dc000000 space 32768K, 100% used [0x00000005da000000, 0x00000005dc000000)
AC   0  O    TS     0 PTAMS 0x00000005de000000 NTAMS 0x00000005de000000 space 32768K, 100% used [0x00000005dc000000, 0x00000005de000000)
AC   0  O    TS     5 PTAMS 0x00000005df81bc00 NTAMS 0x00000005df81bc00 space 32768K, 100% used [0x00000005de000000, 0x00000005e0000000)
AC   0  O    TS     9 PTAMS 0x00000005e0000000 NTAMS 0x00000005e0000000 space 32768K, 100% used [0x00000005e0000000, 0x00000005e2000000)
AC   0  O    TS     9 PTAMS 0x00000005e2000000 NTAMS 0x00000005e2000000 space 32768K, 100% used [0x00000005e2000000, 0x00000005e4000000)
AC   0  O    TS     9 PTAMS 0x00000005e4000000 NTAMS 0x00000005e4000000 space 32768K, 100% used [0x00000005e4000000, 0x00000005e6000000)
AC   0  O    TS     9 PTAMS 0x00000005e6000000 NTAMS 0x00000005e6000000 space 32768K, 100% used [0x00000005e6000000, 0x00000005e8000000)
AC   0  O    TS     9 PTAMS 0x00000005e8000000 NTAMS 0x00000005e8000000 space 32768K, 100% used [0x00000005e8000000, 0x00000005ea000000)
AC   0  O    TS     9 PTAMS 0x00000005ea000000 NTAMS 0x00000005ea000000 space 32768K, 100% used [0x00000005ea000000, 0x00000005ec000000)
AC   0  O    TS     9 PTAMS 0x00000005ec000000 NTAMS 0x00000005ec000000 space 32768K, 100% used [0x00000005ec000000, 0x00000005ee000000)
AC   0  O    TS    15 PTAMS 0x00000005ee000000 NTAMS 0x00000005ee000000 space 32768K, 100% used [0x00000005ee000000, 0x00000005f0000000)
AC   0  O    TS    15 PTAMS 0x00000005f0000000 NTAMS 0x00000005f0000000 space 32768K, 100% used [0x00000005f0000000, 0x00000005f2000000)
AC   0  O    TS    15 PTAMS 0x00000005f2000000 NTAMS 0x00000005f2000000 space 32768K, 100% used [0x00000005f2000000, 0x00000005f4000000)
AC   0  O    TS    15 PTAMS 0x00000005f4000000 NTAMS 0x00000005f4000000 space 32768K, 100% used [0x00000005f4000000, 0x00000005f6000000)
AC   0  O    TS    15 PTAMS 0x00000005f6000000 NTAMS 0x00000005f6000000 space 32768K, 100% used [0x00000005f6000000, 0x00000005f8000000)
AC   0  O    TS    15 PTAMS 0x00000005f8000000 NTAMS 0x00000005f8000000 space 32768K, 100% used [0x00000005f8000000, 0x00000005fa000000)
AC   0  O    TS    17 PTAMS 0x00000005fa000000 NTAMS 0x00000005fa000000 space 32768K, 100% used [0x00000005fa000000, 0x00000005fc000000)
AC   0  O    TS    17 PTAMS 0x00000005fc000000 NTAMS 0x00000005fc000000 space 32768K, 100% used [0x00000005fc000000, 0x00000005fe000000)
AC   0  O    TS    17 PTAMS 0x00000005fe000000 NTAMS 0x00000005fe000000 space 32768K, 100% used [0x00000005fe000000, 0x0000000600000000)
AC   0  O    TS    17 PTAMS 0x0000000600000000 NTAMS 0x0000000600000000 space 32768K, 100% used [0x0000000600000000, 0x0000000602000000)
AC   0  O    TS    17 PTAMS 0x0000000602000000 NTAMS 0x0000000602000000 space 32768K, 100% used [0x0000000602000000, 0x0000000604000000)
AC   0  O    TS    17 PTAMS 0x0000000604000000 NTAMS 0x0000000604000000 space 32768K, 100% used [0x0000000604000000, 0x0000000606000000)
AC   0  O    TS    21 PTAMS 0x0000000606000000 NTAMS 0x0000000606000000 space 32768K,  44% used [0x0000000606000000, 0x0000000608000000)
AC   0  F    TS     0 PTAMS 0x0000000608000000 NTAMS 0x0000000608000000 space 32768K,   0% used [0x0000000608000000, 0x000000060a000000)
AC   0  F    TS     0 PTAMS 0x000000060a000000 NTAMS 0x000000060a000000 space 32768K,   0% used [0x000000060a000000, 0x000000060c000000)
AC   0  F    TS     0 PTAMS 0x000000060c000000 NTAMS 0x000000060c000000 space 32768K,   0% used [0x000000060c000000, 0x000000060e000000)
AC   0  F    TS     0 PTAMS 0x000000060e000000 NTAMS 0x000000060e000000 space 32768K,   0% used [0x000000060e000000, 0x0000000610000000)
AC   0  F    TS     0 PTAMS 0x0000000610000000 NTAMS 0x0000000610000000 space 32768K,   0% used [0x0000000610000000, 0x0000000612000000)
AC   0  F    TS     0 PTAMS 0x0000000612000000 NTAMS 0x0000000612000000 space 32768K,   0% used [0x0000000612000000, 0x0000000614000000)
AC   0  F    TS     0 PTAMS 0x0000000614000000 NTAMS 0x0000000614000000 space 32768K,   0% used [0x0000000614000000, 0x0000000616000000)
AC   0  F    TS     0 PTAMS 0x0000000616000000 NTAMS 0x0000000616000000 space 32768K,   0% used [0x0000000616000000, 0x0000000618000000)
AC   0  F    TS     0 PTAMS 0x0000000618000000 NTAMS 0x0000000618000000 space 32768K,   0% used [0x0000000618000000, 0x000000061a000000)
AC   0  F    TS     0 PTAMS 0x000000061a000000 NTAMS 0x000000061a000000 space 32768K,   0% used [0x000000061a000000, 0x000000061c000000)
AC   0  F    TS     0 PTAMS 0x000000061c000000 NTAMS 0x000000061c000000 space 32768K,   0% used [0x000000061c000000, 0x000000061e000000)
AC   0  F    TS     0 PTAMS 0x000000061e000000 NTAMS 0x000000061e000000 space 32768K,   0% used [0x000000061e000000, 0x0000000620000000)
AC   0  F    TS     0 PTAMS 0x0000000620000000 NTAMS 0x0000000620000000 space 32768K,   0% used [0x0000000620000000, 0x0000000622000000)
AC   0  F    TS     0 PTAMS 0x0000000622000000 NTAMS 0x0000000622000000 space 32768K,   0% used [0x0000000622000000, 0x0000000624000000)
AC   0  F    TS     0 PTAMS 0x0000000624000000 NTAMS 0x0000000624000000 space 32768K,   0% used [0x0000000624000000, 0x0000000626000000)
AC   0  F    TS     0 PTAMS 0x0000000626000000 NTAMS 0x0000000626000000 space 32768K,   0% used [0x0000000626000000, 0x0000000628000000)
AC   0  F    TS     0 PTAMS 0x0000000628000000 NTAMS 0x0000000628000000 space 32768K,   0% used [0x0000000628000000, 0x000000062a000000)
AC   0  F    TS     0 PTAMS 0x000000062a000000 NTAMS 0x000000062a000000 space 32768K,   0% used [0x000000062a000000, 0x000000062c000000)
AC   0  F    TS     0 PTAMS 0x000000062c000000 NTAMS 0x000000062c000000 space 32768K,   0% used [0x000000062c000000, 0x000000062e000000)
AC   0  F    TS     0 PTAMS 0x000000062e000000 NTAMS 0x000000062e000000 space 32768K,   0% used [0x000000062e000000, 0x0000000630000000)
AC   0  F    TS     0 PTAMS 0x0000000630000000 NTAMS 0x0000000630000000 space 32768K,   0% used [0x0000000630000000, 0x0000000632000000)
AC   0  F    TS     0 PTAMS 0x0000000632000000 NTAMS 0x0000000632000000 space 32768K,   0% used [0x0000000632000000, 0x0000000634000000)
AC   0  F    TS     0 PTAMS 0x0000000634000000 NTAMS 0x0000000634000000 space 32768K,   0% used [0x0000000634000000, 0x0000000636000000)
AC   0  F    TS     0 PTAMS 0x0000000636000000 NTAMS 0x0000000636000000 space 32768K,   0% used [0x0000000636000000, 0x0000000638000000)
AC   0  F    TS     0 PTAMS 0x0000000638000000 NTAMS 0x0000000638000000 space 32768K,   0% used [0x0000000638000000, 0x000000063a000000)
AC   0  F    TS     0 PTAMS 0x000000063a000000 NTAMS 0x000000063a000000 space 32768K,   0% used [0x000000063a000000, 0x000000063c000000)
AC   0  F    TS     0 PTAMS 0x000000063c000000 NTAMS 0x000000063c000000 space 32768K,   0% used [0x000000063c000000, 0x000000063e000000)
AC   0  F    TS     0 PTAMS 0x000000063e000000 NTAMS 0x000000063e000000 space 32768K,   0% used [0x000000063e000000, 0x0000000640000000)
AC   0  F    TS     0 PTAMS 0x0000000640000000 NTAMS 0x0000000640000000 space 32768K,   0% used [0x0000000640000000, 0x0000000642000000)
AC   0  F    TS     0 PTAMS 0x0000000642000000 NTAMS 0x0000000642000000 space 32768K,   0% used [0x0000000642000000, 0x0000000644000000)
AC   0  F    TS     0 PTAMS 0x0000000644000000 NTAMS 0x0000000644000000 space 32768K,   0% used [0x0000000644000000, 0x0000000646000000)
AC   0  F    TS     0 PTAMS 0x0000000646000000 NTAMS 0x0000000646000000 space 32768K,   0% used [0x0000000646000000, 0x0000000648000000)
AC   0  F    TS     0 PTAMS 0x0000000648000000 NTAMS 0x0000000648000000 space 32768K,   0% used [0x0000000648000000, 0x000000064a000000)
AC   0  F    TS     0 PTAMS 0x000000064a000000 NTAMS 0x000000064a000000 space 32768K,   0% used [0x000000064a000000, 0x000000064c000000)
AC   0  F    TS     0 PTAMS 0x000000064c000000 NTAMS 0x000000064c000000 space 32768K,   0% used [0x000000064c000000, 0x000000064e000000)
AC   0  F    TS     0 PTAMS 0x000000064e000000 NTAMS 0x000000064e000000 space 32768K,   0% used [0x000000064e000000, 0x0000000650000000)
AC   0  F    TS     0 PTAMS 0x0000000650000000 NTAMS 0x0000000650000000 space 32768K,   0% used [0x0000000650000000, 0x0000000652000000)
AC   0  F    TS     0 PTAMS 0x0000000652000000 NTAMS 0x0000000652000000 space 32768K,   0% used [0x0000000652000000, 0x0000000654000000)
AC   0  F    TS     0 PTAMS 0x0000000654000000 NTAMS 0x0000000654000000 space 32768K,   0% used [0x0000000654000000, 0x0000000656000000)
AC   0  F    TS     0 PTAMS 0x0000000656000000 NTAMS 0x0000000656000000 space 32768K,   0% used [0x0000000656000000, 0x0000000658000000)
AC   0  F    TS     0 PTAMS 0x0000000658000000 NTAMS 0x0000000658000000 space 32768K,   0% used [0x0000000658000000, 0x000000065a000000)
AC   0  F    TS     0 PTAMS 0x000000065a000000 NTAMS 0x000000065a000000 space 32768K,   0% used [0x000000065a000000, 0x000000065c000000)
AC   0  F    TS     0 PTAMS 0x000000065c000000 NTAMS 0x000000065c000000 space 32768K,   0% used [0x000000065c000000, 0x000000065e000000)
AC   0  F    TS     0 PTAMS 0x000000065e000000 NTAMS 0x000000065e000000 space 32768K,   0% used [0x000000065e000000, 0x0000000660000000)
AC   0  F    TS     0 PTAMS 0x0000000660000000 NTAMS 0x0000000660000000 space 32768K,   0% used [0x0000000660000000, 0x0000000662000000)
AC   0  F    TS     0 PTAMS 0x0000000662000000 NTAMS 0x0000000662000000 space 32768K,   0% used [0x0000000662000000, 0x0000000664000000)
AC   0  F    TS     0 PTAMS 0x0000000664000000 NTAMS 0x0000000664000000 space 32768K,   0% used [0x0000000664000000, 0x0000000666000000)
AC   0  F    TS     0 PTAMS 0x0000000666000000 NTAMS 0x0000000666000000 space 32768K,   0% used [0x0000000666000000, 0x0000000668000000)
AC   0  F    TS     0 PTAMS 0x0000000668000000 NTAMS 0x0000000668000000 space 32768K,   0% used [0x0000000668000000, 0x000000066a000000)
AC   0  F    TS     0 PTAMS 0x000000066a000000 NTAMS 0x000000066a000000 space 32768K,   0% used [0x000000066a000000, 0x000000066c000000)
AC   0  F    TS     0 PTAMS 0x000000066c000000 NTAMS 0x000000066c000000 space 32768K,   0% used [0x000000066c000000, 0x000000066e000000)
AC   0  F    TS     0 PTAMS 0x000000066e000000 NTAMS 0x000000066e000000 space 32768K,   0% used [0x000000066e000000, 0x0000000670000000)
AC   0  S CS TS    21 PTAMS 0x0000000670000000 NTAMS 0x0000000670000000 space 32768K,  78% used [0x0000000670000000, 0x0000000672000000)
AC   0  S CS TS    21 PTAMS 0x0000000672000000 NTAMS 0x0000000672000000 space 32768K, 100% used [0x0000000672000000, 0x0000000674000000)
AC   0  F    TS     0 PTAMS 0x0000000674000000 NTAMS 0x0000000674000000 space 32768K,   0% used [0x0000000674000000, 0x0000000676000000)
AC   0  F    TS     0 PTAMS 0x0000000676000000 NTAMS 0x0000000676000000 space 32768K,   0% used [0x0000000676000000, 0x0000000678000000)
AC   0  F    TS     0 PTAMS 0x0000000678000000 NTAMS 0x0000000678000000 space 32768K,   0% used [0x0000000678000000, 0x000000067a000000)
AC   0  F    TS     0 PTAMS 0x000000067a000000 NTAMS 0x000000067a000000 space 32768K,   0% used [0x000000067a000000, 0x000000067c000000)
AC   0  F    TS     0 PTAMS 0x000000067c000000 NTAMS 0x000000067c000000 space 32768K,   0% used [0x000000067c000000, 0x000000067e000000)
AC   0  F    TS     0 PTAMS 0x000000067e000000 NTAMS 0x000000067e000000 space 32768K,   0% used [0x000000067e000000, 0x0000000680000000)
AC   0  F    TS     0 PTAMS 0x0000000680000000 NTAMS 0x0000000680000000 space 32768K,   0% used [0x0000000680000000, 0x0000000682000000)
AC   0  F    TS     0 PTAMS 0x0000000682000000 NTAMS 0x0000000682000000 space 32768K,   0% used [0x0000000682000000, 0x0000000684000000)
AC   0  F    TS     0 PTAMS 0x0000000684000000 NTAMS 0x0000000684000000 space 32768K,   0% used [0x0000000684000000, 0x0000000686000000)
AC   0  F    TS     0 PTAMS 0x0000000686000000 NTAMS 0x0000000686000000 space 32768K,   0% used [0x0000000686000000, 0x0000000688000000)
AC   0  F    TS     0 PTAMS 0x0000000688000000 NTAMS 0x0000000688000000 space 32768K,   0% used [0x0000000688000000, 0x000000068a000000)
AC   0  E    TS     0 PTAMS 0x000000068a000000 NTAMS 0x000000068a000000 space 32768K,  51% used [0x000000068a000000, 0x000000068c000000)
AC   0  E CS TS     0 PTAMS 0x000000068c000000 NTAMS 0x000000068c000000 space 32768K, 100% used [0x000000068c000000, 0x000000068e000000)
AC   0  E CS TS     0 PTAMS 0x000000068e000000 NTAMS 0x000000068e000000 space 32768K, 100% used [0x000000068e000000, 0x0000000690000000)
AC   0  E CS TS     0 PTAMS 0x0000000690000000 NTAMS 0x0000000690000000 space 32768K, 100% used [0x0000000690000000, 0x0000000692000000)
AC   0  E CS TS     0 PTAMS 0x0000000692000000 NTAMS 0x0000000692000000 space 32768K, 100% used [0x0000000692000000, 0x0000000694000000)
AC   0  E CS TS     0 PTAMS 0x0000000694000000 NTAMS 0x0000000694000000 space 32768K, 100% used [0x0000000694000000, 0x0000000696000000)
AC   0  E CS TS     0 PTAMS 0x0000000696000000 NTAMS 0x0000000696000000 space 32768K, 100% used [0x0000000696000000, 0x0000000698000000)
AC   0  E CS TS     0 PTAMS 0x0000000698000000 NTAMS 0x0000000698000000 space 32768K, 100% used [0x0000000698000000, 0x000000069a000000)
AC   0  E CS TS     0 PTAMS 0x000000069a000000 NTAMS 0x000000069a000000 space 32768K, 100% used [0x000000069a000000, 0x000000069c000000)
AC   0  E CS TS     0 PTAMS 0x000000069c000000 NTAMS 0x000000069c000000 space 32768K, 100% used [0x000000069c000000, 0x000000069e000000)
AC   0  E CS TS     0 PTAMS 0x000000069e000000 NTAMS 0x000000069e000000 space 32768K, 100% used [0x000000069e000000, 0x00000006a0000000)
AC   0  E CS TS     7 PTAMS 0x00000006a0000000 NTAMS 0x00000006a0000000 space 32768K, 100% used [0x00000006a0000000, 0x00000006a2000000)
AC   0  E CS TS     7 PTAMS 0x00000006a2000000 NTAMS 0x00000006a2000000 space 32768K, 100% used [0x00000006a2000000, 0x00000006a4000000)
AC   0  E CS TS     7 PTAMS 0x00000006a4000000 NTAMS 0x00000006a4000000 space 32768K, 100% used [0x00000006a4000000, 0x00000006a6000000)
AC   0  E CS TS     7 PTAMS 0x00000006a6000000 NTAMS 0x00000006a6000000 space 32768K, 100% used [0x00000006a6000000, 0x00000006a8000000)
AC   0  E CS TS     7 PTAMS 0x00000006a8000000 NTAMS 0x00000006a8000000 space 32768K, 100% used [0x00000006a8000000, 0x00000006aa000000)
AC   0  E CS TS    13 PTAMS 0x00000006aa000000 NTAMS 0x00000006aa000000 space 32768K, 100% used [0x00000006aa000000, 0x00000006ac000000)
AC   0  E CS TS    13 PTAMS 0x00000006ac000000 NTAMS 0x00000006ac000000 space 32768K, 100% used [0x00000006ac000000, 0x00000006ae000000)
AC   0  E CS TS    13 PTAMS 0x00000006ae000000 NTAMS 0x00000006ae000000 space 32768K, 100% used [0x00000006ae000000, 0x00000006b0000000)
AC   0  E CS TS    19 PTAMS 0x00000006b0000000 NTAMS 0x00000006b0000000 space 32768K, 100% used [0x00000006b0000000, 0x00000006b2000000)
AC   0  E CS TS    19 PTAMS 0x00000006b2000000 NTAMS 0x00000006b2000000 space 32768K, 100% used [0x00000006b2000000, 0x00000006b4000000)
AC   0  E CS TS    13 PTAMS 0x00000006b4000000 NTAMS 0x00000006b4000000 space 32768K, 100% used [0x00000006b4000000, 0x00000006b6000000)
AC   0  E CS TS    13 PTAMS 0x00000006b6000000 NTAMS 0x00000006b6000000 space 32768K, 100% used [0x00000006b6000000, 0x00000006b8000000)
AC   0  E CS TS     3 PTAMS 0x00000006b8000000 NTAMS 0x00000006b8000000 space 32768K, 100% used [0x00000006b8000000, 0x00000006ba000000)
AC   0  E CS TS     3 PTAMS 0x00000006ba000000 NTAMS 0x00000006ba000000 space 32768K, 100% used [0x00000006ba000000, 0x00000006bc000000)
AC   0  E CS TS     3 PTAMS 0x00000006bc000000 NTAMS 0x00000006bc000000 space 32768K, 100% used [0x00000006bc000000, 0x00000006be000000)
AC   0  E CS TS     3 PTAMS 0x00000006be000000 NTAMS 0x00000006be000000 space 32768K, 100% used [0x00000006be000000, 0x00000006c0000000)
AC   0  E CS TS     3 PTAMS 0x00000006c0000000 NTAMS 0x00000006c0000000 space 32768K, 100% used [0x00000006c0000000, 0x00000006c2000000)
AC   0  E CS TS     0 PTAMS 0x00000006c2000000 NTAMS 0x00000006c2000000 space 32768K, 100% used [0x00000006c2000000, 0x00000006c4000000)
AC   0  E CS TS     0 PTAMS 0x00000006c4000000 NTAMS 0x00000006c4000000 space 32768K, 100% used [0x00000006c4000000, 0x00000006c6000000)
AC   0  E CS TS     0 PTAMS 0x00000006c6000000 NTAMS 0x00000006c6000000 space 32768K, 100% used [0x00000006c6000000, 0x00000006c8000000)
AC   0  E CS TS    11 PTAMS 0x00000006c8000000 NTAMS 0x00000006c8000000 space 32768K, 100% used [0x00000006c8000000, 0x00000006ca000000)
AC   0  E CS TS    11 PTAMS 0x00000006ca000000 NTAMS 0x00000006ca000000 space 32768K, 100% used [0x00000006ca000000, 0x00000006cc000000)
AC   0  E CS TS    11 PTAMS 0x00000006cc000000 NTAMS 0x00000006cc000000 space 32768K, 100% used [0x00000006cc000000, 0x00000006ce000000)
AC   0  E CS TS     0 PTAMS 0x00000006ce000000 NTAMS 0x00000006ce000000 space 32768K, 100% used [0x00000006ce000000, 0x00000006d0000000)
AC   0  E CS TS     5 PTAMS 0x00000006d0000000 NTAMS 0x00000006d0000000 space 32768K, 100% used [0x00000006d0000000, 0x00000006d2000000)
AC   0  E CS TS     5 PTAMS 0x00000006d2000000 NTAMS 0x00000006d2000000 space 32768K, 100% used [0x00000006d2000000, 0x00000006d4000000)
AC   0  E CS TS     5 PTAMS 0x00000006d4000000 NTAMS 0x00000006d4000000 space 32768K, 100% used [0x00000006d4000000, 0x00000006d6000000)
AC   0  E CS TS     5 PTAMS 0x00000006d6000000 NTAMS 0x00000006d6000000 space 32768K, 100% used [0x00000006d6000000, 0x00000006d8000000)
AC   0  E CS TS     5 PTAMS 0x00000006d8000000 NTAMS 0x00000006d8000000 space 32768K, 100% used [0x00000006d8000000, 0x00000006da000000)
AC   0  E CS TS     5 PTAMS 0x00000006da000000 NTAMS 0x00000006da000000 space 32768K, 100% used [0x00000006da000000, 0x00000006dc000000)
AC   0  E CS TS     5 PTAMS 0x00000006dc000000 NTAMS 0x00000006dc000000 space 32768K, 100% used [0x00000006dc000000, 0x00000006de000000)
AC   0  E CS TS     9 PTAMS 0x00000006de000000 NTAMS 0x00000006de000000 space 32768K, 100% used [0x00000006de000000, 0x00000006e0000000)
AC   0  E CS TS     9 PTAMS 0x00000006e0000000 NTAMS 0x00000006e0000000 space 32768K, 100% used [0x00000006e0000000, 0x00000006e2000000)
AC   0  E CS TS     9 PTAMS 0x00000006e2000000 NTAMS 0x00000006e2000000 space 32768K, 100% used [0x00000006e2000000, 0x00000006e4000000)
AC   0  E CS TS     9 PTAMS 0x00000006e4000000 NTAMS 0x00000006e4000000 space 32768K, 100% used [0x00000006e4000000, 0x00000006e6000000)
AC   0  E CS TS     9 PTAMS 0x00000006e6000000 NTAMS 0x00000006e6000000 space 32768K, 100% used [0x00000006e6000000, 0x00000006e8000000)
AC   0  E CS TS     9 PTAMS 0x00000006e8000000 NTAMS 0x00000006e8000000 space 32768K, 100% used [0x00000006e8000000, 0x00000006ea000000)
AC   0  E CS TS     0 PTAMS 0x00000006ea000000 NTAMS 0x00000006ea000000 space 32768K, 100% used [0x00000006ea000000, 0x00000006ec000000)
AC   0  E CS TS     0 PTAMS 0x00000006ec000000 NTAMS 0x00000006ec000000 space 32768K, 100% used [0x00000006ec000000, 0x00000006ee000000)
AC   0  E CS TS     0 PTAMS 0x00000006ee000000 NTAMS 0x00000006ee000000 space 32768K, 100% used [0x00000006ee000000, 0x00000006f0000000)
AC   0  E CS TS     0 PTAMS 0x00000006f0000000 NTAMS 0x00000006f0000000 space 32768K, 100% used [0x00000006f0000000, 0x00000006f2000000)
AC   0  E CS TS    17 PTAMS 0x00000006f2000000 NTAMS 0x00000006f2000000 space 32768K, 100% used [0x00000006f2000000, 0x00000006f4000000)
AC   0  E CS TS    17 PTAMS 0x00000006f4000000 NTAMS 0x00000006f4000000 space 32768K, 100% used [0x00000006f4000000, 0x00000006f6000000)
AC   0  E CS TS    17 PTAMS 0x00000006f6000000 NTAMS 0x00000006f6000000 space 32768K, 100% used [0x00000006f6000000, 0x00000006f8000000)
AC   0  E CS TS     1 PTAMS 0x00000006f8000000 NTAMS 0x00000006f8000000 space 32768K, 100% used [0x00000006f8000000, 0x00000006fa000000)
AC   0  E CS TS     1 PTAMS 0x00000006fa000000 NTAMS 0x00000006fa000000 space 32768K, 100% used [0x00000006fa000000, 0x00000006fc000000)
AC   0  E CS TS    15 PTAMS 0x00000006fc000000 NTAMS 0x00000006fc000000 space 32768K, 100% used [0x00000006fc000000, 0x00000006fe000000)
AC   0  E CS TS    15 PTAMS 0x00000006fe000000 NTAMS 0x00000006fe000000 space 32768K, 100% used [0x00000006fe000000, 0x0000000700000000)
AC   0  E CS TS    15 PTAMS 0x0000000700000000 NTAMS 0x0000000700000000 space 32768K, 100% used [0x0000000700000000, 0x0000000702000000)
AC   0  E CS TS    15 PTAMS 0x0000000702000000 NTAMS 0x0000000702000000 space 32768K, 100% used [0x0000000702000000, 0x0000000704000000)
AC   0  E CS TS    15 PTAMS 0x0000000704000000 NTAMS 0x0000000704000000 space 32768K, 100% used [0x0000000704000000, 0x0000000706000000)
AC   0  E CS TS     0 PTAMS 0x0000000706000000 NTAMS 0x0000000706000000 space 32768K, 100% used [0x0000000706000000, 0x0000000708000000)
AC   0  E CS TS     0 PTAMS 0x0000000708000000 NTAMS 0x0000000708000000 space 32768K, 100% used [0x0000000708000000, 0x000000070a000000)
AC   0  E CS TS     0 PTAMS 0x000000070a000000 NTAMS 0x000000070a000000 space 32768K, 100% used [0x000000070a000000, 0x000000070c000000)
AC   0  E CS TS     0 PTAMS 0x000000070c000000 NTAMS 0x000000070c000000 space 32768K, 100% used [0x000000070c000000, 0x000000070e000000)
AC   0  E CS TS     0 PTAMS 0x000000070e000000 NTAMS 0x000000070e000000 space 32768K, 100% used [0x000000070e000000, 0x0000000710000000)
AC   0  E CS TS     0 PTAMS 0x0000000710000000 NTAMS 0x0000000710000000 space 32768K, 100% used [0x0000000710000000, 0x0000000712000000)
AC   0  E CS TS     0 PTAMS 0x0000000712000000 NTAMS 0x0000000712000000 space 32768K, 100% used [0x0000000712000000, 0x0000000714000000)
AC   0  E CS TS     0 PTAMS 0x0000000714000000 NTAMS 0x0000000714000000 space 32768K, 100% used [0x0000000714000000, 0x0000000716000000)
AC   0  E CS TS     0 PTAMS 0x0000000716000000 NTAMS 0x0000000716000000 space 32768K, 100% used [0x0000000716000000, 0x0000000718000000)
AC   0  E CS TS     0 PTAMS 0x0000000718000000 NTAMS 0x0000000718000000 space 32768K, 100% used [0x0000000718000000, 0x000000071a000000)
AC   0  E CS TS     0 PTAMS 0x000000071a000000 NTAMS 0x000000071a000000 space 32768K, 100% used [0x000000071a000000, 0x000000071c000000)
AC   0  E CS TS     0 PTAMS 0x000000071c000000 NTAMS 0x000000071c000000 space 32768K, 100% used [0x000000071c000000, 0x000000071e000000)
AC   0  E CS TS     0 PTAMS 0x000000071e000000 NTAMS 0x000000071e000000 space 32768K, 100% used [0x000000071e000000, 0x0000000720000000)
AC   0  E CS TS     0 PTAMS 0x0000000720000000 NTAMS 0x0000000720000000 space 32768K, 100% used [0x0000000720000000, 0x0000000722000000)
AC   0  E CS TS     0 PTAMS 0x0000000722000000 NTAMS 0x0000000722000000 space 32768K, 100% used [0x0000000722000000, 0x0000000724000000)
AC   0  E CS TS     0 PTAMS 0x0000000724000000 NTAMS 0x0000000724000000 space 32768K, 100% used [0x0000000724000000, 0x0000000726000000)
AC   0  E CS TS     0 PTAMS 0x0000000726000000 NTAMS 0x0000000726000000 space 32768K, 100% used [0x0000000726000000, 0x0000000728000000)
AC   0  E CS TS     0 PTAMS 0x0000000728000000 NTAMS 0x0000000728000000 space 32768K, 100% used [0x0000000728000000, 0x000000072a000000)
AC   0  E CS TS     0 PTAMS 0x000000072a000000 NTAMS 0x000000072a000000 space 32768K, 100% used [0x000000072a000000, 0x000000072c000000)
AC   0  E CS TS     0 PTAMS 0x000000072c000000 NTAMS 0x000000072c000000 space 32768K, 100% used [0x000000072c000000, 0x000000072e000000)
AC   0  E CS TS     0 PTAMS 0x000000072e000000 NTAMS 0x000000072e000000 space 32768K, 100% used [0x000000072e000000, 0x0000000730000000)
AC   0  E CS TS     0 PTAMS 0x0000000730000000 NTAMS 0x0000000730000000 space 32768K, 100% used [0x0000000730000000, 0x0000000732000000)
AC   0  E CS TS     0 PTAMS 0x0000000732000000 NTAMS 0x0000000732000000 space 32768K, 100% used [0x0000000732000000, 0x0000000734000000)
AC   0  E CS TS     0 PTAMS 0x0000000734000000 NTAMS 0x0000000734000000 space 32768K, 100% used [0x0000000734000000, 0x0000000736000000)
AC   0  E CS TS     0 PTAMS 0x0000000736000000 NTAMS 0x0000000736000000 space 32768K, 100% used [0x0000000736000000, 0x0000000738000000)
AC   0  E CS TS     0 PTAMS 0x0000000738000000 NTAMS 0x0000000738000000 space 32768K, 100% used [0x0000000738000000, 0x000000073a000000)
AC   0  E CS TS     0 PTAMS 0x000000073a000000 NTAMS 0x000000073a000000 space 32768K, 100% used [0x000000073a000000, 0x000000073c000000)
AC   0  E CS TS     0 PTAMS 0x000000073c000000 NTAMS 0x000000073c000000 space 32768K, 100% used [0x000000073c000000, 0x000000073e000000)
AC   0  E CS TS     0 PTAMS 0x000000073e000000 NTAMS 0x000000073e000000 space 32768K, 100% used [0x000000073e000000, 0x0000000740000000)
AC   0  E CS TS     0 PTAMS 0x0000000740000000 NTAMS 0x0000000740000000 space 32768K, 100% used [0x0000000740000000, 0x0000000742000000)
AC   0  E CS TS     0 PTAMS 0x0000000742000000 NTAMS 0x0000000742000000 space 32768K, 100% used [0x0000000742000000, 0x0000000744000000)
AC   0  E CS TS     0 PTAMS 0x0000000744000000 NTAMS 0x0000000744000000 space 32768K, 100% used [0x0000000744000000, 0x0000000746000000)

Card table byte_map: [0x000001e718a10000,0x000001e719a10000] byte_map_base: 0x000001e715c10000

Marking Bits (Prev, Next): (CMBitMap*) 0x000001e70527fdc8, (CMBitMap*) 0x000001e70527fe20
 Prev Bits: [0x000001e71aa10000, 0x000001e722a10000)
 Next Bits: [0x000001e722a10000, 0x000001e72aa10000)

Polling page: 0x000001e705330000

CodeCache: size=245760Kb used=109018Kb max_used=109635Kb free=136741Kb
 bounds [0x000001e706bb0000, 0x000001e70d7b0000, 0x000001e715bb0000]
 total_blobs=29602 nmethods=27452 adapters=2060
 compilation: enabled

Compilation events (10 events):
Event: 1545.575 Thread 0x000001e72f5d3000 40214       4       net.minecraft.class_1011::close (39 bytes)
Event: 1545.576 Thread 0x000001e72f5d3000 nmethod 40214 0x000001e708215950 code [0x000001e708215aa0, 0x000001e708215b98]
Event: 1545.577 Thread 0x000001e72f5d9800 40215       3       net.minecraft.class_391$$Lambda$8561/478842387::accept (8 bytes)
Event: 1545.577 Thread 0x000001e72f5d9800 nmethod 40215 0x000001e707ec2350 code [0x000001e707ec24c0, 0x000001e707ec27d0]
Event: 1545.595 Thread 0x000001e72f5d9800 40217       3       net.minecraft.class_4536::method_24957 (13 bytes)
Event: 1545.596 Thread 0x000001e72f5d9800 nmethod 40217 0x000001e706d7b010 code [0x000001e706d7b200, 0x000001e706d7ba80]
Event: 1545.598 Thread 0x000001e72f5d9800 40218       3       net.minecraft.class_4536$$Lambda$5288/589411118::get (7 bytes)
Event: 1545.598 Thread 0x000001e72f5d9800 nmethod 40218 0x000001e707b84810 code [0x000001e707b849a0, 0x000001e707b84d98]
Event: 1545.599 Thread 0x000001e72f5d9800 40219   !   3       org.lwjgl.opengl.GL11C::glDeleteTextures (42 bytes)
Event: 1545.600 Thread 0x000001e72f5d9800 nmethod 40219 0x000001e70b87b1d0 code [0x000001e70b87b420, 0x000001e70b87c3f0]

GC Heap History (10 events):
Event: 71.557 GC heap before
{Heap before GC invocations=84 (full 0):
 garbage-first heap   total 6389760K, used 3064596K [0x00000005c0000000, 0x00000005c2000618, 0x00000007c0000000)
  region size 32768K, 71 young (2326528K), 3 survivors (98304K)
 Metaspace       used 149258K, capacity 174199K, committed 174512K, reserved 1196032K
  class space    used 21465K, capacity 28619K, committed 28728K, reserved 1048576K
Event: 71.620 GC heap after
Heap after GC invocations=85 (full 0):
 garbage-first heap   total 6389760K, used 993856K [0x00000005c0000000, 0x00000005c2000618, 0x00000007c0000000)
  region size 32768K, 7 young (229376K), 7 survivors (229376K)
 Metaspace       used 149258K, capacity 174199K, committed 174512K, reserved 1196032K
  class space    used 21465K, capacity 28619K, committed 28728K, reserved 1048576K
}
Event: 74.658 GC heap before
{Heap before GC invocations=85 (full 0):
 garbage-first heap   total 6389760K, used 2042432K [0x00000005c0000000, 0x00000005c2000618, 0x00000007c0000000)
  region size 32768K, 39 young (1277952K), 7 survivors (229376K)
 Metaspace       used 156594K, capacity 183245K, committed 183472K, reserved 1202176K
  class space    used 22521K, capacity 29984K, committed 30008K, reserved 1048576K
Event: 74.734 GC heap after
Heap after GC invocations=86 (full 0):
 garbage-first heap   total 6389760K, used 1129674K [0x00000005c0000000, 0x00000005c2000618, 0x00000007c0000000)
  region size 32768K, 5 young (163840K), 5 survivors (163840K)
 Metaspace       used 156594K, capacity 183245K, committed 183472K, reserved 1202176K
  class space    used 22521K, capacity 29984K, committed 30008K, reserved 1048576K
}
Event: 374.846 GC heap before
{Heap before GC invocations=86 (full 0):
 garbage-first heap   total 6389760K, used 2243786K [0x00000005c0000000, 0x00000005c2000618, 0x00000007c0000000)
  region size 32768K, 39 young (1277952K), 5 survivors (163840K)
 Metaspace       used 159535K, capacity 186945K, committed 187056K, reserved 1206272K
  class space    used 22695K, capacity 30232K, committed 30264K, reserved 1048576K
Event: 374.878 GC heap after
Heap after GC invocations=87 (full 0):
 garbage-first heap   total 6389760K, used 1247913K [0x00000005c0000000, 0x00000005c2000618, 0x00000007c0000000)
  region size 32768K, 3 young (98304K), 3 survivors (98304K)
 Metaspace       used 159535K, capacity 186945K, committed 187056K, reserved 1206272K
  class space    used 22695K, capacity 30232K, committed 30264K, reserved 1048576K
}
Event: 545.354 GC heap before
{Heap before GC invocations=87 (full 0):
 garbage-first heap   total 6389760K, used 3541673K [0x00000005c0000000, 0x00000005c2000618, 0x00000007c0000000)
  region size 32768K, 73 young (2392064K), 3 survivors (98304K)
 Metaspace       used 162008K, capacity 190041K, committed 190128K, reserved 1208320K
  class space    used 22895K, capacity 30508K, committed 30520K, reserved 1048576K
Event: 545.376 GC heap after
Heap after GC invocations=88 (full 0):
 garbage-first heap   total 6389760K, used 1213746K [0x00000005c0000000, 0x00000005c2000618, 0x00000007c0000000)
  region size 32768K, 2 young (65536K), 2 survivors (65536K)
 Metaspace       used 162008K, capacity 190041K, committed 190128K, reserved 1208320K
  class space    used 22895K, capacity 30508K, committed 30520K, reserved 1048576K
}
Event: 996.536 GC heap before
{Heap before GC invocations=88 (full 0):
 garbage-first heap   total 6389760K, used 4588850K [0x00000005c0000000, 0x00000005c2000618, 0x00000007c0000000)
  region size 32768K, 105 young (3440640K), 2 survivors (65536K)
 Metaspace       used 162050K, capacity 190133K, committed 190384K, reserved 1210368K
  class space    used 22899K, capacity 30512K, committed 30520K, reserved 1048576K
Event: 996.549 GC heap after
Heap after GC invocations=89 (full 0):
 garbage-first heap   total 6389760K, used 1219884K [0x00000005c0000000, 0x00000005c2000618, 0x00000007c0000000)
  region size 32768K, 2 young (65536K), 2 survivors (65536K)
 Metaspace       used 162050K, capacity 190133K, committed 190384K, reserved 1210368K
  class space    used 22899K, capacity 30512K, committed 30520K, reserved 1048576K
}

Deoptimization events (10 events):
Event: 1545.595 Thread 0x000001e73d355000 Uncommon trap: reason=unstable_if action=reinterpret pc=0x000001e709c7b044 method=java.util.concurrent.ForkJoinPool.scan(Ljava/util/concurrent/ForkJoinPool$WorkQueue;I)Ljava/util/concurrent/ForkJoinTask; @ 321
Event: 1545.595 Thread 0x000001e74113c000 Uncommon trap: reason=unstable_if action=reinterpret pc=0x000001e709c7b044 method=java.util.concurrent.ForkJoinPool.scan(Ljava/util/concurrent/ForkJoinPool$WorkQueue;I)Ljava/util/concurrent/ForkJoinTask; @ 321
Event: 1545.595 Thread 0x000001e73d354000 Uncommon trap: reason=unstable_if action=reinterpret pc=0x000001e70b49847c method=java.util.concurrent.ForkJoinPool.awaitWork(Ljava/util/concurrent/ForkJoinPool$WorkQueue;I)Z @ 8
Event: 1545.595 Thread 0x000001e74113c000 Uncommon trap: reason=unstable_if action=reinterpret pc=0x000001e70b49847c method=java.util.concurrent.ForkJoinPool.awaitWork(Ljava/util/concurrent/ForkJoinPool$WorkQueue;I)Z @ 8
Event: 1545.595 Thread 0x000001e73d35a000 Uncommon trap: reason=unstable_if action=reinterpret pc=0x000001e709c7b044 method=java.util.concurrent.ForkJoinPool.scan(Ljava/util/concurrent/ForkJoinPool$WorkQueue;I)Ljava/util/concurrent/ForkJoinTask; @ 321
Event: 1545.595 Thread 0x000001e73d35e000 Uncommon trap: reason=unstable_if action=reinterpret pc=0x000001e70b49847c method=java.util.concurrent.ForkJoinPool.awaitWork(Ljava/util/concurrent/ForkJoinPool$WorkQueue;I)Z @ 8
Event: 1545.595 Thread 0x000001e73d355800 Uncommon trap: reason=unstable_if action=reinterpret pc=0x000001e70d599b68 method=java.util.concurrent.SynchronousQueue$TransferStack.awaitFulfill(Ljava/util/concurrent/SynchronousQueue$TransferStack$SNode;ZJ)Ljava/util/concurrent/SynchronousQueue$Transfe
Event: 1545.595 Thread 0x000001e73d35c800 Uncommon trap: reason=unstable_if action=reinterpret pc=0x000001e70d599b68 method=java.util.concurrent.SynchronousQueue$TransferStack.awaitFulfill(Ljava/util/concurrent/SynchronousQueue$TransferStack$SNode;ZJ)Ljava/util/concurrent/SynchronousQueue$Transfe
Event: 1545.596 Thread 0x000001e73d355800 Uncommon trap: reason=unstable_if action=reinterpret pc=0x000001e70affe8b0 method=java.util.concurrent.ThreadPoolExecutor.runStateAtLeast(II)Z @ 2
Event: 1545.596 Thread 0x000001e7051d6000 Uncommon trap: reason=unstable_if action=reinterpret pc=0x000001e70affe8b0 method=java.util.concurrent.ThreadPoolExecutor.runStateAtLeast(II)Z @ 2

Classes redefined (0 events):
No events

Internal exceptions (10 events):
Event: 1544.656 Thread 0x000001e738955800 Exception <a 'sun/nio/fs/WindowsException'> (0x000000068cf17110) thrown at [C:\cygwin64\tmp\openjdk-jdk8u-windows-x64-hotspot\workspace\build\src\hotspot\src\share\vm\prims\jni.cpp, line 710]
Event: 1544.656 Thread 0x000001e738955800 Exception <a 'sun/nio/fs/WindowsException'> (0x000000068cf17360) thrown at [C:\cygwin64\tmp\openjdk-jdk8u-windows-x64-hotspot\workspace\build\src\hotspot\src\share\vm\prims\jni.cpp, line 710]
Event: 1544.656 Thread 0x000001e738955800 Exception <a 'sun/nio/fs/WindowsException'> (0x000000068cf17708) thrown at [C:\cygwin64\tmp\openjdk-jdk8u-windows-x64-hotspot\workspace\build\src\hotspot\src\share\vm\prims\jni.cpp, line 710]
Event: 1544.656 Thread 0x000001e738955800 Exception <a 'sun/nio/fs/WindowsException'> (0x000000068cf185b0) thrown at [C:\cygwin64\tmp\openjdk-jdk8u-windows-x64-hotspot\workspace\build\src\hotspot\src\share\vm\prims\jni.cpp, line 710]
Event: 1544.659 Thread 0x000001e738955800 Exception <a 'java/lang/IncompatibleClassChangeError': Found class java.lang.Object, but interface was expected> (0x000000068cf1f0b8) thrown at [C:\cygwin64\tmp\openjdk-jdk8u-windows-x64-hotspot\workspace\build\src\hotspot\src\share\vm\interpreter\linkRes
Event: 1544.715 Thread 0x000001e7051d6000 Implicit null exception at 0x000001e70a43f2d3 to 0x000001e70a43fc49
Event: 1544.715 Thread 0x000001e7051d6000 Implicit null exception at 0x000001e70cd9250a to 0x000001e70cd93f95
Event: 1544.723 Thread 0x000001e73894c000 Implicit null exception at 0x000001e70d456e74 to 0x000001e70d45b235
Event: 1545.285 Thread 0x000001e73894f800 NullPointerException at vtable entry 0x000001e706fa920f
Event: 1545.285 Thread 0x000001e73894f800 Exception <a 'java/lang/NullPointerException'> (0x00000006b01f9dd0) thrown at [C:\cygwin64\tmp\openjdk-jdk8u-windows-x64-hotspot\workspace\build\src\hotspot\src\share\vm\runtime\sharedRuntime.cpp, line 605]

Events (10 events):
Event: 1545.602 Thread 0x000001e72f5d9800 flushing nmethod 0x000001e70c434510
Event: 1545.602 Thread 0x000001e72f5d9800 flushing nmethod 0x000001e70c436750
Event: 1545.602 Thread 0x000001e72f5d9800 flushing nmethod 0x000001e70c4effd0
Event: 1545.602 Thread 0x000001e72f5d9800 flushing nmethod 0x000001e70c4fbf90
Event: 1545.602 Thread 0x000001e72f5d9800 flushing nmethod 0x000001e70c5c86d0
Event: 1545.602 Thread 0x000001e72f5d9800 flushing nmethod 0x000001e70c5eb350
Event: 1545.602 Thread 0x000001e72f5d9800 flushing nmethod 0x000001e70c6895d0
Event: 1545.602 Thread 0x000001e72f5d9800 flushing nmethod 0x000001e70c6c5590
Event: 1545.602 Thread 0x000001e72f5d9800 flushing nmethod 0x000001e70c6ca150
Event: 1545.602 Thread 0x000001e72f5d9800 flushing nmethod 0x000001e70c704a50


Dynamic libraries:
0x00007ff6e5f80000 - 0x00007ff6e5fba000 	C:\_gdl\java\8u242-b08\bin\java.exe
0x00007ff82a5f0000 - 0x00007ff82a7e6000 	C:\WINDOWS\SYSTEM32\ntdll.dll
0x00007ff829040000 - 0x00007ff8290fd000 	C:\WINDOWS\System32\KERNEL32.DLL
0x00007ff827d90000 - 0x00007ff828058000 	C:\WINDOWS\System32\KERNELBASE.dll
0x00007ff829ef0000 - 0x00007ff829f9c000 	C:\WINDOWS\System32\ADVAPI32.dll
0x00007ff8299e0000 - 0x00007ff829a7e000 	C:\WINDOWS\System32\msvcrt.dll
0x00007ff829510000 - 0x00007ff8295ab000 	C:\WINDOWS\System32\sechost.dll
0x00007ff8291d0000 - 0x00007ff8292f4000 	C:\WINDOWS\System32\RPCRT4.dll
0x00007ff829fa0000 - 0x00007ff82a140000 	C:\WINDOWS\System32\USER32.dll
0x00007ff828060000 - 0x00007ff828082000 	C:\WINDOWS\System32\win32u.dll
0x00007ff829ec0000 - 0x00007ff829eea000 	C:\WINDOWS\System32\GDI32.dll
0x00007ff8283a0000 - 0x00007ff8284a9000 	C:\WINDOWS\System32\gdi32full.dll
0x00007ff8284b0000 - 0x00007ff82854d000 	C:\WINDOWS\System32\msvcp_win.dll
0x00007ff828550000 - 0x00007ff828650000 	C:\WINDOWS\System32\ucrtbase.dll
0x00007ff81a5d0000 - 0x00007ff81a86b000 	C:\WINDOWS\WinSxS\amd64_microsoft.windows.common-controls_6595b64144ccf1df_6.0.19041.488_none_ca04af081b815d21\COMCTL32.dll
0x00007ff8296d0000 - 0x00007ff829700000 	C:\WINDOWS\System32\IMM32.DLL
0x00007ffffdb30000 - 0x00007ffffdc1f000 	C:\_gdl\java\8u242-b08\bin\msvcr120.dll
0x00007ff801d20000 - 0x00007ff801dc6000 	C:\_gdl\java\8u242-b08\bin\msvcp120.dll
0x0000000070210000 - 0x0000000070a11000 	C:\_gdl\java\8u242-b08\bin\server\jvm.dll
0x00007ff829760000 - 0x00007ff829768000 	C:\WINDOWS\System32\PSAPI.DLL
0x00007ff823b60000 - 0x00007ff823b69000 	C:\WINDOWS\SYSTEM32\WSOCK32.dll
0x00007ff820d60000 - 0x00007ff820d6a000 	C:\WINDOWS\SYSTEM32\VERSION.dll
0x00007ff81b6b0000 - 0x00007ff81b6d7000 	C:\WINDOWS\SYSTEM32\WINMM.dll
0x00007ff8294a0000 - 0x00007ff82950b000 	C:\WINDOWS\System32\WS2_32.dll
0x00007ff8224e0000 - 0x00007ff8224ef000 	C:\_gdl\java\8u242-b08\bin\verify.dll
0x00007ff80fb30000 - 0x00007ff80fb58000 	C:\_gdl\java\8u242-b08\bin\java.dll
0x00007ff816140000 - 0x00007ff816156000 	C:\_gdl\java\8u242-b08\bin\zip.dll
0x00007ff828650000 - 0x00007ff828d91000 	C:\WINDOWS\System32\SHELL32.dll
0x00007ff825ea0000 - 0x00007ff826635000 	C:\WINDOWS\SYSTEM32\windows.storage.dll
0x00007ff829a80000 - 0x00007ff829dd5000 	C:\WINDOWS\System32\combase.dll
0x00007ff8277a0000 - 0x00007ff8277cc000 	C:\WINDOWS\SYSTEM32\Wldp.dll
0x00007ff829860000 - 0x00007ff82990e000 	C:\WINDOWS\System32\SHCORE.dll
0x00007ff829700000 - 0x00007ff829755000 	C:\WINDOWS\System32\shlwapi.dll
0x00007ff827c60000 - 0x00007ff827c86000 	C:\WINDOWS\SYSTEM32\profapi.dll
0x00007ff8196b0000 - 0x00007ff8196bd000 	C:\_gdl\java\8u242-b08\bin\management.dll
0x00007ff811300000 - 0x00007ff81131a000 	C:\_gdl\java\8u242-b08\bin\net.dll
0x00007ff827520000 - 0x00007ff82758a000 	C:\WINDOWS\system32\mswsock.dll
0x00007ff8034e0000 - 0x00007ff8034f7000 	C:\WINDOWS\system32\napinsp.dll
0x00007ff8033c0000 - 0x00007ff8033db000 	C:\WINDOWS\system32\pnrpnsp.dll
0x00007ff8033e0000 - 0x00007ff8033f5000 	C:\WINDOWS\system32\wshbth.dll
0x00007ff823ad0000 - 0x00007ff823aed000 	C:\WINDOWS\system32\NLAapi.dll
0x00007ff8271c0000 - 0x00007ff8271fb000 	C:\WINDOWS\SYSTEM32\IPHLPAPI.DLL
0x00007ff827210000 - 0x00007ff8272db000 	C:\WINDOWS\SYSTEM32\DNSAPI.dll
0x00007ff829300000 - 0x00007ff829308000 	C:\WINDOWS\System32\NSI.dll
0x00007ff800de0000 - 0x00007ff800df2000 	C:\WINDOWS\System32\winrnr.dll
0x00007ff81f1f0000 - 0x00007ff81f1fa000 	C:\Windows\System32\rasadhlp.dll
0x00007ff81e200000 - 0x00007ff81e27f000 	C:\WINDOWS\System32\fwpuclnt.dll
0x00007ff828370000 - 0x00007ff828397000 	C:\WINDOWS\System32\bcrypt.dll
0x00007ff8101e0000 - 0x00007ff8101f2000 	C:\_gdl\java\8u242-b08\bin\nio.dll
0x00007ff80c250000 - 0x00007ff80c273000 	C:\_gdl\java\8u242-b08\bin\sunec.dll
0x00007ff827700000 - 0x00007ff827718000 	C:\WINDOWS\SYSTEM32\CRYPTSP.dll
0x00007ff826e40000 - 0x00007ff826e74000 	C:\WINDOWS\system32\rsaenh.dll
0x00007ff827c20000 - 0x00007ff827c4e000 	C:\WINDOWS\SYSTEM32\USERENV.dll
0x00007ff8280e0000 - 0x00007ff82815f000 	C:\WINDOWS\System32\bcryptprimitives.dll
0x00007ff8276f0000 - 0x00007ff8276fc000 	C:\WINDOWS\SYSTEM32\CRYPTBASE.dll
0x00007ff821aa0000 - 0x00007ff821ab7000 	C:\WINDOWS\SYSTEM32\dhcpcsvc6.DLL
0x00007ff820dd0000 - 0x00007ff820ded000 	C:\WINDOWS\SYSTEM32\dhcpcsvc.DLL
0x00007ff80ba50000 - 0x00007ff80bac2000 	C:\Users\Kelvin\AppData\Local\Temp\lwjglKelvin\3.2.2-build-10\lwjgl.dll
0x00007ff804dc0000 - 0x00007ff804e1e000 	C:\Users\Kelvin\AppData\Local\Temp\lwjglKelvin\3.2.2-build-10\glfw.dll
0x00007ff826a70000 - 0x00007ff826aa3000 	C:\WINDOWS\SYSTEM32\ntmarta.dll
0x00007ff816f20000 - 0x00007ff816f2b000 	C:\_gdl\java\8u242-b08\bin\sunmscapi.dll
0x00007ff828160000 - 0x00007ff8282bd000 	C:\WINDOWS\System32\CRYPT32.dll
0x00007fffe5e70000 - 0x00007fffe60c1000 	C:\Users\Kelvin\AppData\Local\Temp\lwjglKelvin\3.2.2-build-10\jemalloc.dll
0x00007ff825740000 - 0x00007ff8257de000 	C:\WINDOWS\system32\uxtheme.dll
0x00007ff800e50000 - 0x00007ff800e95000 	C:\WINDOWS\SYSTEM32\dinput8.dll
0x00007ff80fb10000 - 0x00007ff80fb21000 	C:\WINDOWS\SYSTEM32\xinput1_4.dll
0x00007ff828090000 - 0x00007ff8280de000 	C:\WINDOWS\System32\cfgmgr32.dll
0x00007ff827ae0000 - 0x00007ff827b0c000 	C:\WINDOWS\SYSTEM32\DEVOBJ.dll
0x00007ff8168e0000 - 0x00007ff816a32000 	C:\WINDOWS\SYSTEM32\inputhost.dll
0x00007ff829910000 - 0x00007ff8299dd000 	C:\WINDOWS\System32\OLEAUT32.dll
0x00007ff823d20000 - 0x00007ff823e76000 	C:\WINDOWS\SYSTEM32\wintypes.dll
0x00007ff823600000 - 0x00007ff8236f7000 	C:\WINDOWS\SYSTEM32\PROPSYS.dll
0x00007ff8253e0000 - 0x00007ff8254d2000 	C:\WINDOWS\SYSTEM32\CoreMessaging.dll
0x00007ff824d00000 - 0x00007ff82505e000 	C:\WINDOWS\SYSTEM32\CoreUIComponents.dll
0x00007ff825ca0000 - 0x00007ff825cb2000 	C:\WINDOWS\SYSTEM32\kernel.appcore.dll
0x00007ff8259b0000 - 0x00007ff8259df000 	C:\WINDOWS\SYSTEM32\dwmapi.dll
0x00007ff8295b0000 - 0x00007ff8296c5000 	C:\WINDOWS\System32\MSCTF.dll
0x00007ff826640000 - 0x00007ff82664d000 	C:\WINDOWS\SYSTEM32\HID.DLL
0x00007ff82a140000 - 0x00007ff82a5a7000 	C:\WINDOWS\System32\SETUPAPI.DLL
0x00007ff827d30000 - 0x00007ff827d90000 	C:\WINDOWS\System32\WINTRUST.dll
0x00007ff827920000 - 0x00007ff827932000 	C:\WINDOWS\SYSTEM32\MSASN1.dll
0x00007ffff4400000 - 0x00007ffff4525000 	C:\WINDOWS\SYSTEM32\opengl32.dll
0x00007ff80b9b0000 - 0x00007ff80b9dc000 	C:\WINDOWS\SYSTEM32\GLU32.dll
0x00007ff829120000 - 0x00007ff8291c9000 	C:\WINDOWS\System32\clbcatq.dll
0x00007fffd05c0000 - 0x00007fffd2f58000 	C:\WINDOWS\System32\DriverStore\FileRepository\nv_dispi.inf_amd64_324f172f3e662ec5\nvoglv64.dll
0x00007ff829310000 - 0x00007ff82943a000 	C:\WINDOWS\System32\ole32.dll
0x00007ff823880000 - 0x00007ff823894000 	C:\WINDOWS\SYSTEM32\WTSAPI32.dll
0x00007ff81f220000 - 0x00007ff81f25b000 	C:\WINDOWS\SYSTEM32\dxcore.dll
0x00007ffff4700000 - 0x00007ffff49ae000 	C:\WINDOWS\system32\nvspcap64.dll
0x00007ff827330000 - 0x00007ff82737b000 	C:\WINDOWS\SYSTEM32\powrprof.dll
0x00007ff8271a0000 - 0x00007ff8271b2000 	C:\WINDOWS\SYSTEM32\UMPDC.dll
0x00007ff826ae0000 - 0x00007ff826b3a000 	C:\WINDOWS\SYSTEM32\WINSTA.dll
0x00007ff816a40000 - 0x00007ff816b3c000 	C:\WINDOWS\SYSTEM32\textinputframework.dll
0x00007ffffebd0000 - 0x00007ffffec28000 	C:\Users\Kelvin\AppData\Local\Temp\lwjglKelvin\3.2.2-build-10\lwjgl_opengl.dll
0x00007ffffc880000 - 0x00007ffffc8ff000 	C:\Users\Kelvin\AppData\Local\Temp\lwjglKelvin\3.2.2-build-10\lwjgl_stb.dll
0x00007ff820df0000 - 0x00007ff820e9e000 	C:\WINDOWS\SYSTEM32\mscms.dll
0x00007ff820db0000 - 0x00007ff820dc1000 	C:\WINDOWS\SYSTEM32\ColorAdapterClient.dll
0x00007ff823240000 - 0x00007ff823283000 	C:\WINDOWS\SYSTEM32\icm32.dll
0x00007ff800ca0000 - 0x00007ff800ce2000 	C:\Users\Kelvin\AppData\Local\Temp\jna--2051171159\jna3091409454020482547.dll
0x00007ff80b770000 - 0x00007ff80b78a000 	C:\_gdl\instances\Craft to Exile [Harmony]\natives\SAPIWrapper_x64.dll
0x00007ff81fdd0000 - 0x00007ff81fe55000 	C:\WINDOWS\System32\MMDevApi.dll
0x00007ffff57f0000 - 0x00007ffff5904000 	C:\Users\Kelvin\AppData\Local\Temp\lwjglKelvin\3.2.2-build-10\OpenAL.dll
0x00007ff803ea0000 - 0x00007ff804021000 	C:\WINDOWS\SYSTEM32\AUDIOSES.DLL
0x00007ff8258c0000 - 0x00007ff8258d4000 	C:\WINDOWS\SYSTEM32\resourcepolicyclient.dll
0x00007fffe8e50000 - 0x00007fffe8fe5000 	C:\_gdl\java\8u242-b08\bin\awt.dll
0x00007ff825610000 - 0x00007ff8256a0000 	C:\WINDOWS\SYSTEM32\apphelp.dll
0x00007ff811080000 - 0x00007ff811264000 	C:\WINDOWS\SYSTEM32\dbghelp.dll

VM Arguments:
jvm_args: -XX:HeapDumpPath=MojangTricksIntelDriversForPerformance_javaw.exe_minecraft.exe.heapdump -Dos.name=Windows 10 -Dos.version=10.0 -Djava.library.path=C:\_gdl\instances\Craft to Exile [Harmony]\natives -Dminecraft.launcher.brand=GDLauncher -Dminecraft.launcher.version=1.0 -Xmx8192m -Xms8192m -Dminecraft.applet.TargetDirectory=C:\_gdl\instances\Craft to Exile [Harmony] -Dfml.ignorePatchDiscrepancies=true -Dfml.ignoreInvalidMinecraftCertificates=true -XX:HeapDumpPath=MojangTricksIntelDriversForPerformance_javaw.exe_minecraft.exe.heapdump -Xms256m -XX:+UseG1GC -Dsun.rmi.dgc.server.gcInterval=2147483646 -XX:+UnlockExperimentalVMOptions -XX:G1NewSizePercent=20 -XX:G1ReservePercent=20 -XX:MaxGCPauseMillis=50 -XX:G1HeapRegionSize=32M 
java_command: cpw.mods.modlauncher.Launcher --width 854 --height 480 --username Mahjerion --version 1.16.2 --gameDir C:\_gdl\instances\Craft to Exile [Harmony] --assetsDir C:\_gdl\datastore\assets --assetIndex 1.16 --uuid 078e6d6a263646289d0d28d4dd831d5f --accessToken eyJhbGciOiJIUzI1NiJ9.eyJzdWIiOiJlMTdjMzAwM2Q5MDk4YjAzMThiYzljN2VlODFlOTFhNCIsInlnZ3QiOiJlN2VkNzFiM2VkMTA0OGJiOWQ3OWE0ZGI2YzdhYTU4NSIsInNwciI6IjA3OGU2ZDZhMjYzNjQ2Mjg5ZDBkMjhkNGRkODMxZDVmIiwiaXNzIjoiWWdnZHJhc2lsLUF1dGgiLCJleHAiOjE2MDY0MjgxMDAsImlhdCI6MTYwNjI1NTMwMH0.svY-1cQZWIryjn5jjED6xWAPu49dRWDKKsHEOWkWHBw --userType mojang --versionType release --launchTarget fmlclient --fml.forgeVersion 33.0.61 --fml.mcVersion 1.16.2 --fml.forgeGroup net.minecraftforge --fml.mcpVersion 20200812.004259
java_class_path (initial): C:\_gdl\datastore\libraries\net\minecraftforge\forge\1.16.2-33.0.61\forge-1.16.2-33.0.61.jar;C:\_gdl\datastore\libraries\org\ow2\asm\asm\7.2\asm-7.2.jar;C:\_gdl\datastore\libraries\org\ow2\asm\asm-commons\7.2\asm-commons-7.2.jar;C:\_gdl\datastore\libraries\org\ow2\asm\asm-tree\7.2\asm-tree-7.2.jar;C:\_gdl\datastore\libraries\org\ow2\asm\asm-util\7.2\asm-util-7.2.jar;C:\_gdl\datastore\libraries\org\ow2\asm\asm-analysis\7.2\asm-analysis-7.2.jar;C:\_gdl\datastore\libraries\cpw\mods\modlauncher\7.0.1\modlauncher-7.0.1.jar;C:\_gdl\datastore\libraries\cpw\mods\grossjava9hacks\1.3.0\grossjava9hacks-1.3.0.jar;C:\_gdl\datastore\libraries\net\minecraftforge\accesstransformers\2.2.0-shadowed\accesstransformers-2.2.0-shadowed.jar;C:\_gdl\datastore\libraries\net\minecraftforge\eventbus\3.0.3-service\eventbus-3.0.3-service.jar;C:\_gdl\datastore\libraries\net\minecraftforge\forgespi\3.1.1\forgespi-3.1.1.jar;C:\_gdl\datastore\libraries\net\minecraftforge\coremods\3.0.0\coremods-3.0.0.jar;C:\_gdl\datastore\libraries\net\minecraftforge\unsafe\0.2.0\unsafe-0.2.0.jar;C:\_gdl\datastore\libraries\com\electronwill\night-config\core\3.6.2\core-3.6.2.jar;C:\_gdl\datastore\libraries\com\electronwill\night-config\toml\3.6.2\toml-3.6.2.jar;C:\_gdl\datastore\libraries\org\jline\jline\3.12.1\jline-3.12.1.jar;C:\_gdl\datastore\libraries\org\apache\maven\maven-artifact\3.6.0\maven-artifact-3.6.0.jar;C:\_gdl\datastore\libraries\net\jodah\typetools\0.8.1\typetools-0.8.1.jar;C:\_gdl\datastore\libraries\org\apache\logging\log4j\log4j-api\2.11.2\log4j-api-2.11.2.jar;C:\_gdl\datastore\libraries\org\apache\logging\log4j\log4j-core\2.11.2\log4j-core-2.11.2.jar;C:\_gdl\datastore\libraries\net\minecrell\terminalconsoleappender\1.2.0\terminalconsoleappender-1.2.0.jar;C:\_gdl\datastore\libraries\net\sf\jopt-simple\jopt-simple\5.0.4\jopt-simple-5.0.4.jar;C:\_gdl\datastore\libraries\org\spongepowered\mixin\0.8\mixin-0.8.jar;C:\_gdl\datastore\libraries\com\mojang\patchy\1.1\patchy-1.
Launcher Type: SUN_STANDARD

Environment Variables:
JAVA_HOME=C:\Program Files\AdoptOpenJDK\jdk-8.0.265.01-hotspot\
PATH=C:\Program Files\AdoptOpenJDK\jdk-8.0.265.01-hotspot\bin;C:\Program Files\AdoptOpenJDK\jdk-11.0.8.10-hotspot\bin;C:\Program Files (x86)\Common Files\Oracle\Java\javapath;C:\Windows\system32;C:\Windows;C:\Windows\System32\Wbem;C:\Windows\System32\WindowsPowerShell\v1.0\;C:\Windows\System32\OpenSSH\;C:\Program Files (x86)\NVIDIA Corporation\PhysX\Common;C:\Program Files\NVIDIA Corporation\NVIDIA NvDLISR;C:\WINDOWS\system32;C:\WINDOWS;C:\WINDOWS\System32\Wbem;C:\WINDOWS\System32\WindowsPowerShell\v1.0\;C:\WINDOWS\System32\OpenSSH\;C:\Program Files\AdoptOpenJDK\jdk-8.0.265.01-hotspot\\bin;C:\Users\Kelvin\AppData\Local\Programs\Python\Python38-32\Scripts;C:\Users\Kelvin\AppData\Local\Microsoft\WindowsApps;C:\Users\Kelvin\AppData\Local\GitHubDesktop\bin;C:\Program Files\JetBrains\PyCharm Community Edition 2020.2.1\bin;;C:\Program Files\JetBrains\IntelliJ IDEA Community Edition 2020.2.1\bin;;C:\Users\Kelvin\AppData\Local\Microsoft\WindowsApps;
USERNAME=Kelvin
OS=Windows_NT
PROCESSOR_IDENTIFIER=AMD64 Family 23 Model 8 Stepping 2, AuthenticAMD



---------------  S Y S T E M  ---------------

OS: Windows 10.0 , 64 bit Build 19041 (10.0.19041.546)

CPU:total 12 (initial active 12) (12 cores per cpu, 1 threads per core) family 23 model 8 stepping 2, cmov, cx8, fxsr, mmx, sse, sse2, sse3, ssse3, sse4.1, sse4.2, popcnt, avx, avx2, aes, clmul, mmxext, 3dnowpref, lzcnt, sse4a, tsc, tscinvbit, tscinv, bmi1

Memory: 4k page, physical 33501216k(20760832k free), swap 35598368k(19035512k free)

vm_info: OpenJDK 64-Bit Server VM (25.242-b08) for windows-amd64 JRE (1.8.0_242-b08), built on Jan 19 2020 14:45:52 by "jenkins" with MS VC++ 12.0 (VS2013)

time: Tue Nov 24 17:27:48 2020
timezone: Eastern Standard Time
elapsed time: 1545 seconds (0d 0h 25m 45s)

