#
# A fatal error has been detected by the Java Runtime Environment:
#
#  EXCEPTION_ACCESS_VIOLATION (0xc0000005) at pc=0x0000025465f10000, pid=3376, tid=0x00000000000012a8
#
# JRE version: OpenJDK Runtime Environment (8.0_242-b08) (build 1.8.0_242-b08)
# Java VM: OpenJDK 64-Bit Server VM (25.242-b08 mixed mode windows-amd64 compressed oops)
# Problematic frame:
# C  0x0000025465f10000
#
# Failed to write core dump. Minidumps are not enabled by default on client versions of Windows
#
# If you would like to submit a bug report, please visit:
#   
# The crash happened outside the Java Virtual Machine in native code.
# See problematic frame for where to report the bug.
#

---------------  T H R E A D  ---------------

Current thread (0x000002546806d000):  JavaThread "CraftPresence" [_thread_in_native, id=4776, stack(0x0000006a22f00000,0x0000006a23000000)]

siginfo: ExceptionCode=0xc0000005, ExceptionInformation=0x0000000000000008 0x0000025465f10000

Registers:
RAX=0x0000025465f10000, RBX=0x0000000000010001, RCX=0x0000000000010001, RDX=0x0000006a22ffeac0
RSP=0x0000006a22ffea88, RBP=0x0000006a22ffeb90, RSI=0x0000025465127a40, RDI=0x000000000001ff27
R8 =0x0000025465127a40, R9 =0x00007ffd60b637b0, R10=0x00007ffd5acc1a10, R11=0x0000006a22ffeef8
R12=0x0000000000000000, R13=0x0000000000000470, R14=0x00000000000103eb, R15=0x000002546806d000
RIP=0x0000025465f10000, EFLAGS=0x0000000000010206

Top of Stack: (sp=0x0000006a22ffea88)
0x0000006a22ffea88:   00007ffd60b61f7c 0000006a22ffebd0
0x0000006a22ffea98:   0000006a22ffed00 000002546806d000
0x0000006a22ffeaa8:   000000006ffef100 0000013000000001
0x0000006a22ffeab8:   000002545bee9590 57464c4720656854
0x0000006a22ffeac8:   7972617262696c20 20746f6e20736920
0x0000006a22ffead8:   696c616974696e69 000002540064657a
0x0000006a22ffeae8:   000000006ff62af5 0000000000000004
0x0000006a22ffeaf8:   0000000000000000 0000000000000000
0x0000006a22ffeb08:   000002546806d000 0000000000000000
0x0000006a22ffeb18:   0000000070142c61 000002546806d000
0x0000006a22ffeb28:   0000006a22ffebb0 0000006a22ffebb0
0x0000006a22ffeb38:   00000007c1402e18 000002546806d000
0x0000006a22ffeb48:   0000000000000001 000002545bee6180
0x0000006a22ffeb58:   000002546806d000 000002546806d000
0x0000006a22ffeb68:   00000000dbbe7675 000002545bee6180
0x0000006a22ffeb78:   0000000070142f32 000002546d076aa0 

Instructions: (pc=0x0000025465f10000)
0x0000025465f0ffe0:   
[error occurred during error reporting (printing registers, top of stack, instructions near pc), id 0xc0000005]

Register to memory mapping:

RAX=0x0000025465f10000 is an unknown value
RBX=0x0000000000010001 is an unknown value
RCX=0x0000000000010001 is an unknown value
RDX=0x0000006a22ffeac0 is pointing into the stack for thread: 0x000002546806d000
RSP=0x0000006a22ffea88 is pointing into the stack for thread: 0x000002546806d000
RBP=0x0000006a22ffeb90 is pointing into the stack for thread: 0x000002546806d000
RSI=0x0000025465127a40 is an unknown value
RDI=0x000000000001ff27 is an unknown value
R8 =0x0000025465127a40 is an unknown value
R9 =0x00007ffd60b637b0 is an unknown value
R10=0x00007ffd5acc1a10 is an unknown value
R11=0x0000006a22ffeef8 is pointing into the stack for thread: 0x000002546806d000
R12=0x0000000000000000 is an unknown value
R13=0x0000000000000470 is an unknown value
R14=0x00000000000103eb is an unknown value
R15=0x000002546806d000 is a thread


Stack: [0x0000006a22f00000,0x0000006a23000000],  sp=0x0000006a22ffea88,  free space=1018k
Native frames: (J=compiled Java code, j=interpreted, Vv=VM code, C=native code)
C  0x0000025465f10000

Java frames: (J=compiled Java code, j=interpreted, Vv=VM code)
J 17330  org.lwjgl.system.JNI.invokePI(JIJ)I (0 bytes) @ 0x0000025445fdce1d [0x0000025445fdcd60+0xbd]
J 22144 C1 com.gitlab.cdagaming.craftpresence.utils.KeyUtils.onTick()V (150 bytes) @ 0x0000025446d2e914 [0x0000025446d2e2e0+0x634]
J 20472 C1 com.gitlab.cdagaming.craftpresence.utils.CommandUtils.reloadData(Z)V (155 bytes) @ 0x00000254462f48e4 [0x00000254462f47e0+0x104]
J 22142 C1 com.gitlab.cdagaming.craftpresence.CraftPresence.clientTick()V (461 bytes) @ 0x0000025446d23f54 [0x0000025446d23dc0+0x194]
J 22140 C1 com.gitlab.cdagaming.craftpresence.CraftPresence$1.run()V (8 bytes) @ 0x0000025446cfee0c [0x0000025446cfed40+0xcc]
j  java.util.TimerThread.mainLoop()V+221
j  java.util.TimerThread.run()V+1
v  ~StubRoutines::call_stub

---------------  P R O C E S S  ---------------

Java Threads: ( => current thread )
  0x00000254655f8800 JavaThread "Sound engine" daemon [_thread_blocked, id=9232, stack(0x0000006a20000000,0x0000006a20100000)]
  0x000002542964d800 JavaThread "ForkJoinPool.commonPool-worker-7" daemon [_thread_blocked, id=11268, stack(0x0000006a1ff00000,0x0000006a20000000)]
  0x0000025429645800 JavaThread "ForkJoinPool.commonPool-worker-5" daemon [_thread_blocked, id=18180, stack(0x0000006a26600000,0x0000006a26700000)]
  0x000002542964a800 JavaThread "ForkJoinPool.commonPool-worker-12" daemon [_thread_blocked, id=10144, stack(0x0000006a26400000,0x0000006a26500000)]
  0x0000025429648800 JavaThread "REI-SyncRecipes" [_thread_blocked, id=7372, stack(0x0000006a26300000,0x0000006a26400000)]
  0x0000025468076000 JavaThread "Netty Server IO #1" daemon [_thread_in_native, id=516, stack(0x0000006a25700000,0x0000006a25800000)]
  0x0000025468074000 JavaThread "Netty Local Client IO #0" daemon [_thread_blocked, id=7444, stack(0x0000006a25600000,0x0000006a25700000)]
  0x00000254668ab800 JavaThread "Netty Server IO #0" daemon [_thread_in_native, id=11228, stack(0x0000006a25400000,0x0000006a25500000)]
  0x00000254604ae800 JavaThread "ObjectCleanerThread" daemon [_thread_blocked, id=17548, stack(0x0000006a23f00000,0x0000006a24000000)]
  0x00000254655f2800 JavaThread "Java2D Disposer" daemon [_thread_blocked, id=14748, stack(0x0000006a21e00000,0x0000006a21f00000)]
  0x000002546689e000 JavaThread "Snooper Timer" daemon [_thread_blocked, id=10996, stack(0x0000006a21d00000,0x0000006a21e00000)]
  0x000002546689e800 JavaThread "ForkJoinPool.commonPool-worker-3" daemon [_thread_blocked, id=19176, stack(0x0000006a25000000,0x0000006a25100000)]
  0x000002546806a000 JavaThread "ForkJoinPool.commonPool-worker-8" daemon [_thread_blocked, id=18080, stack(0x0000006a24d00000,0x0000006a24e00000)]
  0x0000025468070000 JavaThread "ForkJoinPool.commonPool-worker-15" daemon [_thread_blocked, id=7276, stack(0x0000006a24c00000,0x0000006a24d00000)]
  0x00000254604b4800 JavaThread "ForkJoinPool.commonPool-worker-6" daemon [_thread_blocked, id=9180, stack(0x0000006a24b00000,0x0000006a24c00000)]
  0x00000254604af000 JavaThread "ForkJoinPool.commonPool-worker-13" daemon [_thread_blocked, id=5280, stack(0x0000006a24300000,0x0000006a24400000)]
  0x0000025465600000 JavaThread "ForkJoinPool.commonPool-worker-11" daemon [_thread_blocked, id=8268, stack(0x0000006a23000000,0x0000006a23100000)]
  0x0000025468072800 JavaThread "Thread-215" [_thread_blocked, id=9528, stack(0x0000006a23500000,0x0000006a23600000)]
  0x0000025468068800 JavaThread "ForkJoinPool.commonPool-worker-9" daemon [_thread_blocked, id=14008, stack(0x0000006a23300000,0x0000006a23400000)]
  0x000002546806e800 JavaThread "IPCClient-Reader" [_thread_blocked, id=17616, stack(0x0000006a23200000,0x0000006a23300000)]
  0x0000025468067000 JavaThread "Abandoned connection cleanup thread" daemon [_thread_blocked, id=10284, stack(0x0000006a23100000,0x0000006a23200000)]
=>0x000002546806d000 JavaThread "CraftPresence" [_thread_in_native, id=4776, stack(0x0000006a22f00000,0x0000006a23000000)]
  0x000002546806b000 JavaThread "Thread-212" daemon [_thread_in_native, id=15180, stack(0x0000006a22d00000,0x0000006a22e00000)]
  0x00000254604b3800 JavaThread "Thread-211" daemon [_thread_in_native, id=9188, stack(0x0000006a22c00000,0x0000006a22d00000)]
  0x00000254684a7800 JavaThread "Thread-210" daemon [_thread_in_native, id=14140, stack(0x0000006a22b00000,0x0000006a22c00000)]
  0x00000254684a6800 JavaThread "Thread-209" daemon [_thread_in_native, id=9868, stack(0x0000006a22a00000,0x0000006a22b00000)]
  0x00000254684ac800 JavaThread "Thread-208" daemon [_thread_in_native, id=17812, stack(0x0000006a22900000,0x0000006a22a00000)]
  0x00000254684a6000 JavaThread "Thread-207" daemon [_thread_in_native, id=18528, stack(0x0000006a22800000,0x0000006a22900000)]
  0x00000254684ac000 JavaThread "Thread-206" daemon [_thread_in_native, id=1728, stack(0x0000006a22700000,0x0000006a22800000)]
  0x00000254684a9800 JavaThread "Thread-205" daemon [_thread_in_native, id=15048, stack(0x0000006a22600000,0x0000006a22700000)]
  0x00000254684aa800 JavaThread "Thread-204" daemon [_thread_in_native, id=18856, stack(0x0000006a22500000,0x0000006a22600000)]
  0x00000254684a8000 JavaThread "Thread-203" daemon [_thread_in_native, id=6072, stack(0x0000006a22400000,0x0000006a22500000)]
  0x00000254684ab000 JavaThread "Thread-202" daemon [_thread_in_native, id=18724, stack(0x0000006a22300000,0x0000006a22400000)]
  0x00000254684a9000 JavaThread "Thread-201" daemon [_thread_in_native, id=11788, stack(0x0000006a22200000,0x0000006a22300000)]
  0x000002546849e800 JavaThread "Thread-200" daemon [_thread_in_native, id=3596, stack(0x0000006a22100000,0x0000006a22200000)]
  0x00000254684a3800 JavaThread "Snooper Timer" daemon [_thread_blocked, id=8792, stack(0x0000006a22000000,0x0000006a22100000)]
  0x000002546849f000 JavaThread "Timer hack thread" daemon [_thread_blocked, id=2052, stack(0x0000006a21f00000,0x0000006a22000000)]
  0x00000254604ad800 JavaThread "Worker-Bootstrap-1" daemon [_thread_blocked, id=3348, stack(0x0000006a21800000,0x0000006a21900000)]
  0x000002545ee14800 JavaThread "Service Thread" daemon [_thread_blocked, id=11536, stack(0x0000006a21600000,0x0000006a21700000)]
  0x000002545c95f800 JavaThread "C1 CompilerThread3" daemon [_thread_blocked, id=19256, stack(0x0000006a21500000,0x0000006a21600000)]
  0x000002545c95f000 JavaThread "C2 CompilerThread2" daemon [_thread_in_native, id=5124, stack(0x0000006a21400000,0x0000006a21500000)]
  0x000002545c953800 JavaThread "C2 CompilerThread1" daemon [_thread_in_native, id=2596, stack(0x0000006a21300000,0x0000006a21400000)]
  0x000002545c94f000 JavaThread "C2 CompilerThread0" daemon [_thread_blocked, id=3176, stack(0x0000006a21200000,0x0000006a21300000)]
  0x000002545c94b800 JavaThread "Attach Listener" daemon [_thread_blocked, id=18572, stack(0x0000006a21100000,0x0000006a21200000)]
  0x000002545c94a800 JavaThread "Signal Dispatcher" daemon [_thread_blocked, id=2776, stack(0x0000006a21000000,0x0000006a21100000)]
  0x000002545c920000 JavaThread "Finalizer" daemon [_thread_blocked, id=16800, stack(0x0000006a20f00000,0x0000006a21000000)]
  0x000002545c915000 JavaThread "Reference Handler" daemon [_thread_blocked, id=9392, stack(0x0000006a20e00000,0x0000006a20f00000)]
  0x0000025441b98000 JavaThread "Render thread" [_thread_in_native, id=18804, stack(0x0000006a20200000,0x0000006a20300000)]

Other Threads:
  0x000002545c8e9800 VMThread [stack: 0x0000006a20d00000,0x0000006a20e00000] [id=3560]
  0x000002545c96d800 WatcherThread [stack: 0x0000006a21700000,0x0000006a21800000] [id=9260]

VM state:not at safepoint (normal execution)

VM Mutex/Monitor currently owned by a thread:  ([mutex/lock_event])
[0x0000025441b95700] CodeCache_lock - owner thread: 0x000002545c953800
[0x0000025441b96710] Compile_lock - owner thread: 0x000002545c953800
[0x0000025441b97110] MethodCompileQueue_lock - owner thread: 0x000002545c953800

heap address: 0x00000006c0000000, size: 4096 MB, Compressed Oops mode: Zero based, Oop shift amount: 3
Narrow klass base: 0x0000000000000000, Narrow klass shift: 3
Compressed class space size: 1073741824 Address: 0x00000007c0000000

Heap:
 PSYoungGen      total 1095168K, used 601857K [0x000000076ab00000, 0x00000007c0000000, 0x00000007c0000000)
  eden space 786432K, 72% used [0x000000076ab00000,0x000000078db62a10,0x000000079ab00000)
  from space 308736K, 9% used [0x00000007ad280000,0x00000007aeddda38,0x00000007c0000000)
  to   space 302592K, 0% used [0x000000079ab00000,0x000000079ab00000,0x00000007ad280000)
 ParOldGen       total 1159168K, used 807386K [0x00000006c0000000, 0x0000000706c00000, 0x000000076ab00000)
  object space 1159168K, 69% used [0x00000006c0000000,0x00000006f1476b68,0x0000000706c00000)
 Metaspace       used 155622K, capacity 182098K, committed 182232K, reserved 1202176K
  class space    used 22028K, capacity 29382K, committed 29440K, reserved 1048576K

Card table byte_map: [0x0000025452900000,0x0000025453110000] byte_map_base: 0x000002544f300000

Marking Bits: (ParMarkBitMap*) 0x00000000706d8030
 Begin Bits: [0x0000025453670000, 0x0000025457670000)
 End Bits:   [0x0000025457670000, 0x000002545b670000)

Polling page: 0x0000025441ce0000

CodeCache: size=245760Kb used=88044Kb max_used=89455Kb free=157715Kb
 bounds [0x0000025443540000, 0x0000025448d30000, 0x0000025452540000]
 total_blobs=28028 nmethods=25875 adapters=2059
 compilation: enabled

Compilation events (10 events):
Event: 69.876 Thread 0x000002545c94f000 36847       4       net.minecraft.class_2509$$Lambda$6504/1047901227::accept (12 bytes)
Event: 69.881 Thread 0x000002545c94f000 nmethod 36847 0x0000025447d42d50 code [0x0000025447d42ee0, 0x0000025447d43678]
Event: 69.881 Thread 0x000002545c94f000 36816       4       net.minecraft.class_2852$$Lambda$7604/850912608::test (12 bytes)
Event: 69.881 Thread 0x000002545c94f000 nmethod 36816 0x0000025447d4ac10 code [0x0000025447d4ad40, 0x0000025447d4add8]
Event: 69.881 Thread 0x000002545c94f000 36861       4       org.lwjgl.system.MemoryUtil::memAddress (13 bytes)
Event: 69.882 Thread 0x000002545c94f000 nmethod 36861 0x0000025447ce9650 code [0x0000025447ce9780, 0x0000025447ce97d8]
Event: 69.882 Thread 0x000002545c94f000 36712   !   4       java.text.SimpleDateFormat::zeroPaddingNumber (270 bytes)
Event: 69.921 Thread 0x000002545c94f000 nmethod 36712 0x0000025446473c10 code [0x0000025446473e60, 0x00000254464770e0]
Event: 69.921 Thread 0x000002545c94f000 36840       4       java.lang.Throwable::<init> (29 bytes)
Event: 69.921 Thread 0x000002545c94f000 nmethod 36840 0x00000254483af590 code [0x00000254483af6e0, 0x00000254483af798]

GC Heap History (10 events):
Event: 62.839 GC heap before
{Heap before GC invocations=102 (full 5):
 PSYoungGen      total 1060864K, used 927719K [0x000000076ab00000, 0x00000007be980000, 0x00000007c0000000)
  eden space 770560K, 100% used [0x000000076ab00000,0x0000000799b80000,0x0000000799b80000)
  from space 290304K, 54% used [0x00000007ace00000,0x00000007b6779cd0,0x00000007be980000)
  to   space 302080K, 0% used [0x0000000799b80000,0x0000000799b80000,0x00000007ac280000)
 ParOldGen       total 839168K, used 658861K [0x00000006c0000000, 0x00000006f3380000, 0x000000076ab00000)
  object space 839168K, 78% used [0x00000006c0000000,0x00000006e836b590,0x00000006f3380000)
 Metaspace       used 151187K, capacity 176412K, committed 176728K, reserved 1198080K
  class space    used 21546K, capacity 28703K, committed 28800K, reserved 1048576K
Event: 62.877 GC heap after
Heap after GC invocations=102 (full 5):
 PSYoungGen      total 1072640K, used 56085K [0x000000076ab00000, 0x00000007c0000000, 0x00000007c0000000)
  eden space 770560K, 0% used [0x000000076ab00000,0x000000076ab00000,0x0000000799b80000)
  from space 302080K, 18% used [0x0000000799b80000,0x000000079d2455f8,0x00000007ac280000)
  to   space 300544K, 0% used [0x00000007ada80000,0x00000007ada80000,0x00000007c0000000)
 ParOldGen       total 839168K, used 763868K [0x00000006c0000000, 0x00000006f3380000, 0x000000076ab00000)
  object space 839168K, 91% used [0x00000006c0000000,0x00000006ee9f7030,0x00000006f3380000)
 Metaspace       used 151187K, capacity 176412K, committed 176728K, reserved 1198080K
  class space    used 21546K, capacity 28703K, committed 28800K, reserved 1048576K
}
Event: 63.153 GC heap before
{Heap before GC invocations=103 (full 5):
 PSYoungGen      total 1072640K, used 826645K [0x000000076ab00000, 0x00000007c0000000, 0x00000007c0000000)
  eden space 770560K, 100% used [0x000000076ab00000,0x0000000799b80000,0x0000000799b80000)
  from space 302080K, 18% used [0x0000000799b80000,0x000000079d2455f8,0x00000007ac280000)
  to   space 300544K, 0% used [0x00000007ada80000,0x00000007ada80000,0x00000007c0000000)
 ParOldGen       total 839168K, used 763868K [0x00000006c0000000, 0x00000006f3380000, 0x000000076ab00000)
  object space 839168K, 91% used [0x00000006c0000000,0x00000006ee9f7030,0x00000006f3380000)
 Metaspace       used 151187K, capacity 176412K, committed 176728K, reserved 1198080K
  class space    used 21546K, capacity 28703K, committed 28800K, reserved 1048576K
Event: 63.172 GC heap after
Heap after GC invocations=103 (full 5):
 PSYoungGen      total 1084928K, used 320K [0x000000076ab00000, 0x00000007c0000000, 0x00000007c0000000)
  eden space 784384K, 0% used [0x000000076ab00000,0x000000076ab00000,0x000000079a900000)
  from space 300544K, 0% used [0x00000007ada80000,0x00000007adad0000,0x00000007c0000000)
  to   space 306688K, 0% used [0x000000079a900000,0x000000079a900000,0x00000007ad480000)
 ParOldGen       total 839168K, used 822117K [0x00000006c0000000, 0x00000006f3380000, 0x000000076ab00000)
  object space 839168K, 97% used [0x00000006c0000000,0x00000006f22d9668,0x00000006f3380000)
 Metaspace       used 151187K, capacity 176412K, committed 176728K, reserved 1198080K
  class space    used 21546K, capacity 28703K, committed 28800K, reserved 1048576K
}
Event: 63.172 GC heap before
{Heap before GC invocations=104 (full 6):
 PSYoungGen      total 1084928K, used 320K [0x000000076ab00000, 0x00000007c0000000, 0x00000007c0000000)
  eden space 784384K, 0% used [0x000000076ab00000,0x000000076ab00000,0x000000079a900000)
  from space 300544K, 0% used [0x00000007ada80000,0x00000007adad0000,0x00000007c0000000)
  to   space 306688K, 0% used [0x000000079a900000,0x000000079a900000,0x00000007ad480000)
 ParOldGen       total 839168K, used 822117K [0x00000006c0000000, 0x00000006f3380000, 0x000000076ab00000)
  object space 839168K, 97% used [0x00000006c0000000,0x00000006f22d9668,0x00000006f3380000)
 Metaspace       used 151187K, capacity 176412K, committed 176728K, reserved 1198080K
  class space    used 21546K, capacity 28703K, committed 28800K, reserved 1048576K
Event: 63.858 GC heap after
Heap after GC invocations=104 (full 6):
 PSYoungGen      total 1084928K, used 0K [0x000000076ab00000, 0x00000007c0000000, 0x00000007c0000000)
  eden space 784384K, 0% used [0x000000076ab00000,0x000000076ab00000,0x000000079a900000)
  from space 300544K, 0% used [0x00000007ada80000,0x00000007ada80000,0x00000007c0000000)
  to   space 306688K, 0% used [0x000000079a900000,0x000000079a900000,0x00000007ad480000)
 ParOldGen       total 1159168K, used 807378K [0x00000006c0000000, 0x0000000706c00000, 0x000000076ab00000)
  object space 1159168K, 69% used [0x00000006c0000000,0x00000006f1474b68,0x0000000706c00000)
 Metaspace       used 151187K, capacity 176412K, committed 176728K, reserved 1198080K
  class space    used 21546K, capacity 28703K, committed 28800K, reserved 1048576K
}
Event: 64.159 GC heap before
{Heap before GC invocations=105 (full 6):
 PSYoungGen      total 1084928K, used 784384K [0x000000076ab00000, 0x00000007c0000000, 0x00000007c0000000)
  eden space 784384K, 100% used [0x000000076ab00000,0x000000079a900000,0x000000079a900000)
  from space 300544K, 0% used [0x00000007ada80000,0x00000007ada80000,0x00000007c0000000)
  to   space 306688K, 0% used [0x000000079a900000,0x000000079a900000,0x00000007ad480000)
 ParOldGen       total 1159168K, used 807378K [0x00000006c0000000, 0x0000000706c00000, 0x000000076ab00000)
  object space 1159168K, 69% used [0x00000006c0000000,0x00000006f1474b68,0x0000000706c00000)
 Metaspace       used 151187K, capacity 176412K, committed 176728K, reserved 1198080K
  class space    used 21546K, capacity 28703K, committed 28800K, reserved 1048576K
Event: 64.164 GC heap after
Heap after GC invocations=105 (full 6):
 PSYoungGen      total 784896K, used 224K [0x000000076ab00000, 0x00000007c0000000, 0x00000007c0000000)
  eden space 784384K, 0% used [0x000000076ab00000,0x000000076ab00000,0x000000079a900000)
  from space 512K, 43% used [0x000000079a900000,0x000000079a938000,0x000000079a980000)
  to   space 308736K, 0% used [0x00000007ad280000,0x00000007ad280000,0x00000007c0000000)
 ParOldGen       total 1159168K, used 807378K [0x00000006c0000000, 0x0000000706c00000, 0x000000076ab00000)
  object space 1159168K, 69% used [0x00000006c0000000,0x00000006f1474b68,0x0000000706c00000)
 Metaspace       used 151187K, capacity 176412K, committed 176728K, reserved 1198080K
  class space    used 21546K, capacity 28703K, committed 28800K, reserved 1048576K
}
Event: 67.413 GC heap before
{Heap before GC invocations=106 (full 6):
 PSYoungGen      total 784896K, used 784608K [0x000000076ab00000, 0x00000007c0000000, 0x00000007c0000000)
  eden space 784384K, 100% used [0x000000076ab00000,0x000000079a900000,0x000000079a900000)
  from space 512K, 43% used [0x000000079a900000,0x000000079a938000,0x000000079a980000)
  to   space 308736K, 0% used [0x00000007ad280000,0x00000007ad280000,0x00000007c0000000)
 ParOldGen       total 1159168K, used 807378K [0x00000006c0000000, 0x0000000706c00000, 0x000000076ab00000)
  object space 1159168K, 69% used [0x00000006c0000000,0x00000006f1474b68,0x0000000706c00000)
 Metaspace       used 154749K, capacity 180816K, committed 181080K, reserved 1202176K
  class space    used 21960K, capacity 29247K, committed 29312K, reserved 1048576K
Event: 67.423 GC heap after
Heap after GC invocations=106 (full 6):
 PSYoungGen      total 1095168K, used 28022K [0x000000076ab00000, 0x00000007c0000000, 0x00000007c0000000)
  eden space 786432K, 0% used [0x000000076ab00000,0x000000076ab00000,0x000000079ab00000)
  from space 308736K, 9% used [0x00000007ad280000,0x00000007aeddda38,0x00000007c0000000)
  to   space 302592K, 0% used [0x000000079ab00000,0x000000079ab00000,0x00000007ad280000)
 ParOldGen       total 1159168K, used 807386K [0x00000006c0000000, 0x0000000706c00000, 0x000000076ab00000)
  object space 1159168K, 69% used [0x00000006c0000000,0x00000006f1476b68,0x0000000706c00000)
 Metaspace       used 154749K, capacity 180816K, committed 181080K, reserved 1202176K
  class space    used 21960K, capacity 29247K, committed 29312K, reserved 1048576K
}

Deoptimization events (10 events):
Event: 69.853 Thread 0x00000254668a3000 Uncommon trap: reason=unstable_if action=reinterpret pc=0x0000025446fd3e68 method=java.util.concurrent.ForkJoinPool.scan(Ljava/util/concurrent/ForkJoinPool$WorkQueue;I)Ljava/util/concurrent/ForkJoinTask; @ 321
Event: 69.854 Thread 0x00000254655fe800 Uncommon trap: reason=unstable_if action=reinterpret pc=0x0000025446fd3e68 method=java.util.concurrent.ForkJoinPool.scan(Ljava/util/concurrent/ForkJoinPool$WorkQueue;I)Ljava/util/concurrent/ForkJoinTask; @ 321
Event: 69.854 Thread 0x00000254655f6800 Uncommon trap: reason=unstable_if action=reinterpret pc=0x0000025446fd3e68 method=java.util.concurrent.ForkJoinPool.scan(Ljava/util/concurrent/ForkJoinPool$WorkQueue;I)Ljava/util/concurrent/ForkJoinTask; @ 321
Event: 69.854 Thread 0x00000254655f3800 Uncommon trap: reason=unstable_if action=reinterpret pc=0x0000025446fd3e68 method=java.util.concurrent.ForkJoinPool.scan(Ljava/util/concurrent/ForkJoinPool$WorkQueue;I)Ljava/util/concurrent/ForkJoinTask; @ 321
Event: 69.854 Thread 0x00000254655f7000 Uncommon trap: reason=unstable_if action=reinterpret pc=0x0000025446fd3e68 method=java.util.concurrent.ForkJoinPool.scan(Ljava/util/concurrent/ForkJoinPool$WorkQueue;I)Ljava/util/concurrent/ForkJoinTask; @ 321
Event: 69.854 Thread 0x00000254655f9800 Uncommon trap: reason=unstable_if action=reinterpret pc=0x0000025446fd3e68 method=java.util.concurrent.ForkJoinPool.scan(Ljava/util/concurrent/ForkJoinPool$WorkQueue;I)Ljava/util/concurrent/ForkJoinTask; @ 321
Event: 69.854 Thread 0x00000254655f6800 Uncommon trap: reason=unstable_if action=reinterpret pc=0x00000254471d5660 method=java.util.concurrent.ForkJoinPool.awaitWork(Ljava/util/concurrent/ForkJoinPool$WorkQueue;I)Z @ 8
Event: 69.854 Thread 0x00000254655fe800 Uncommon trap: reason=unstable_if action=reinterpret pc=0x00000254471d5660 method=java.util.concurrent.ForkJoinPool.awaitWork(Ljava/util/concurrent/ForkJoinPool$WorkQueue;I)Z @ 8
Event: 69.854 Thread 0x00000254668a7800 Uncommon trap: reason=unstable_if action=reinterpret pc=0x00000254479a1b0c method=java.util.concurrent.SynchronousQueue.poll(JLjava/util/concurrent/TimeUnit;)Ljava/lang/Object; @ 18
Event: 69.854 Thread 0x00000254668a7000 Uncommon trap: reason=unstable_if action=reinterpret pc=0x00000254479a1b0c method=java.util.concurrent.SynchronousQueue.poll(JLjava/util/concurrent/TimeUnit;)Ljava/lang/Object; @ 18

Classes redefined (0 events):
No events

Internal exceptions (10 events):
Event: 69.809 Thread 0x00000254668a5800 Exception <a 'sun/nio/fs/WindowsException'> (0x000000078d600d50) thrown at [C:\cygwin64\tmp\openjdk-jdk8u-windows-x64-hotspot\workspace\build\src\hotspot\src\share\vm\prims\jni.cpp, line 710]
Event: 69.822 Thread 0x00000254668a5800 Exception <a 'sun/nio/fs/WindowsException'> (0x000000078d6111d8) thrown at [C:\cygwin64\tmp\openjdk-jdk8u-windows-x64-hotspot\workspace\build\src\hotspot\src\share\vm\prims\jni.cpp, line 710]
Event: 69.823 Thread 0x00000254668a5800 Exception <a 'sun/nio/fs/WindowsException'> (0x000000078d6118e8) thrown at [C:\cygwin64\tmp\openjdk-jdk8u-windows-x64-hotspot\workspace\build\src\hotspot\src\share\vm\prims\jni.cpp, line 710]
Event: 69.823 Thread 0x00000254668a5800 Exception <a 'sun/nio/fs/WindowsException'> (0x000000078d611b38) thrown at [C:\cygwin64\tmp\openjdk-jdk8u-windows-x64-hotspot\workspace\build\src\hotspot\src\share\vm\prims\jni.cpp, line 710]
Event: 69.823 Thread 0x00000254668a5800 Exception <a 'sun/nio/fs/WindowsException'> (0x000000078d612130) thrown at [C:\cygwin64\tmp\openjdk-jdk8u-windows-x64-hotspot\workspace\build\src\hotspot\src\share\vm\prims\jni.cpp, line 710]
Event: 69.823 Thread 0x00000254668a5800 Exception <a 'sun/nio/fs/WindowsException'> (0x000000078d612fd8) thrown at [C:\cygwin64\tmp\openjdk-jdk8u-windows-x64-hotspot\workspace\build\src\hotspot\src\share\vm\prims\jni.cpp, line 710]
Event: 69.826 Thread 0x00000254668a5800 Exception <a 'java/lang/IncompatibleClassChangeError': Found class java.lang.Object, but interface was expected> (0x000000078d618178) thrown at [C:\cygwin64\tmp\openjdk-jdk8u-windows-x64-hotspot\workspace\build\src\hotspot\src\share\vm\interpreter\linkRes
Event: 69.854 Thread 0x00000254655f9800 Exception <a 'java/lang/InterruptedException'> (0x000000077b2dfc90) thrown at [C:\cygwin64\tmp\openjdk-jdk8u-windows-x64-hotspot\workspace\build\src\hotspot\src\share\vm\runtime\objectMonitor.cpp, line 1495]
Event: 69.854 Thread 0x00000254668a7800 Implicit null exception at 0x00000254479a19e0 to 0x00000254479a1af9
Event: 69.854 Thread 0x00000254668a7000 Implicit null exception at 0x00000254479a19e0 to 0x00000254479a1af9

Events (10 events):
Event: 69.874 Thread 0x000002545c94f000 flushing nmethod 0x00000254484c1210
Event: 69.874 Thread 0x000002545c94f000 flushing nmethod 0x00000254484c1c50
Event: 69.874 Thread 0x000002545c94f000 flushing nmethod 0x00000254484c2050
Event: 69.875 Thread 0x000002545c94f000 flushing nmethod 0x00000254485445d0
Event: 69.875 Thread 0x000002545c94f000 flushing nmethod 0x0000025448622f90
Event: 69.875 Thread 0x000002545c94f000 flushing nmethod 0x00000254487af110
Event: 69.875 Thread 0x000002545c94f000 flushing nmethod 0x00000254487b15d0
Event: 69.875 Thread 0x000002545c94f000 flushing nmethod 0x00000254488ebe10
Event: 69.928 Thread 0x00000254655f2000 Thread added: 0x00000254655f2000
Event: 69.928 Thread 0x00000254655f6800 Thread added: 0x00000254655f6800


Dynamic libraries:
0x00007ff682630000 - 0x00007ff68266a000 	C:\_gdl\java\8u242-b08\bin\java.exe
0x00007ffd79aa0000 - 0x00007ffd79c90000 	C:\WINDOWS\SYSTEM32\ntdll.dll
0x00007ffd77cd0000 - 0x00007ffd77d82000 	C:\WINDOWS\System32\KERNEL32.DLL
0x00007ffd76bf0000 - 0x00007ffd76e95000 	C:\WINDOWS\System32\KERNELBASE.dll
0x00007ffd77c20000 - 0x00007ffd77cc3000 	C:\WINDOWS\System32\ADVAPI32.dll
0x00007ffd78ba0000 - 0x00007ffd78c3e000 	C:\WINDOWS\System32\msvcrt.dll
0x00007ffd78200000 - 0x00007ffd78297000 	C:\WINDOWS\System32\sechost.dll
0x00007ffd782b0000 - 0x00007ffd783d0000 	C:\WINDOWS\System32\RPCRT4.dll
0x00007ffd787f0000 - 0x00007ffd78984000 	C:\WINDOWS\System32\USER32.dll
0x00007ffd76ff0000 - 0x00007ffd77011000 	C:\WINDOWS\System32\win32u.dll
0x00007ffd78790000 - 0x00007ffd787b6000 	C:\WINDOWS\System32\GDI32.dll
0x00007ffd76a30000 - 0x00007ffd76bc6000 	C:\WINDOWS\System32\gdi32full.dll
0x00007ffd76ef0000 - 0x00007ffd76f8e000 	C:\WINDOWS\System32\msvcp_win.dll
0x00007ffd77a50000 - 0x00007ffd77b4a000 	C:\WINDOWS\System32\ucrtbase.dll
0x00007ffd68640000 - 0x00007ffd688c4000 	C:\WINDOWS\WinSxS\amd64_microsoft.windows.common-controls_6595b64144ccf1df_6.0.18362.1139_none_9e7bf2d3e4605ac6\COMCTL32.dll
0x00007ffd78e80000 - 0x00007ffd791b5000 	C:\WINDOWS\System32\combase.dll
0x00007ffd77020000 - 0x00007ffd770a0000 	C:\WINDOWS\System32\bcryptPrimitives.dll
0x00007ffd787c0000 - 0x00007ffd787ee000 	C:\WINDOWS\System32\IMM32.DLL
0x00007ffd60800000 - 0x00007ffd608ef000 	C:\_gdl\java\8u242-b08\bin\msvcr120.dll
0x00007ffd60200000 - 0x00007ffd602a6000 	C:\_gdl\java\8u242-b08\bin\msvcp120.dll
0x000000006ff50000 - 0x0000000070751000 	C:\_gdl\java\8u242-b08\bin\server\jvm.dll
0x00007ffd78c40000 - 0x00007ffd78c48000 	C:\WINDOWS\System32\PSAPI.DLL
0x00007ffd69210000 - 0x00007ffd69234000 	C:\WINDOWS\SYSTEM32\WINMM.dll
0x00007ffd71790000 - 0x00007ffd7179a000 	C:\WINDOWS\SYSTEM32\VERSION.dll
0x00007ffd6fd00000 - 0x00007ffd6fd09000 	C:\WINDOWS\SYSTEM32\WSOCK32.dll
0x00007ffd785b0000 - 0x00007ffd7861f000 	C:\WINDOWS\System32\WS2_32.dll
0x00007ffd691b0000 - 0x00007ffd691dd000 	C:\WINDOWS\SYSTEM32\winmmbase.dll
0x00007ffd76ea0000 - 0x00007ffd76eea000 	C:\WINDOWS\System32\cfgmgr32.dll
0x00007ffd73400000 - 0x00007ffd7340f000 	C:\_gdl\java\8u242-b08\bin\verify.dll
0x00007ffd6f7c0000 - 0x00007ffd6f7e8000 	C:\_gdl\java\8u242-b08\bin\java.dll
0x00007ffd68500000 - 0x00007ffd68516000 	C:\_gdl\java\8u242-b08\bin\zip.dll
0x00007ffd791c0000 - 0x00007ffd798a7000 	C:\WINDOWS\System32\SHELL32.dll
0x00007ffd78620000 - 0x00007ffd786c9000 	C:\WINDOWS\System32\shcore.dll
0x00007ffd77220000 - 0x00007ffd779a0000 	C:\WINDOWS\System32\windows.storage.dll
0x00007ffd769c0000 - 0x00007ffd769e3000 	C:\WINDOWS\System32\profapi.dll
0x00007ffd76970000 - 0x00007ffd769ba000 	C:\WINDOWS\System32\powrprof.dll
0x00007ffd76960000 - 0x00007ffd76970000 	C:\WINDOWS\System32\UMPDC.dll
0x00007ffd786d0000 - 0x00007ffd78722000 	C:\WINDOWS\System32\shlwapi.dll
0x00007ffd769f0000 - 0x00007ffd76a01000 	C:\WINDOWS\System32\kernel.appcore.dll
0x00007ffd76bd0000 - 0x00007ffd76be7000 	C:\WINDOWS\System32\cryptsp.dll
0x00007ffd72b20000 - 0x00007ffd72b2d000 	C:\_gdl\java\8u242-b08\bin\management.dll
0x00007ffd66b80000 - 0x00007ffd66b9a000 	C:\_gdl\java\8u242-b08\bin\net.dll
0x00007ffd761b0000 - 0x00007ffd76217000 	C:\WINDOWS\system32\mswsock.dll
0x00007ffd6f9f0000 - 0x00007ffd6fa06000 	C:\WINDOWS\system32\napinsp.dll
0x00007ffd6e090000 - 0x00007ffd6e0aa000 	C:\WINDOWS\system32\pnrpnsp.dll
0x00007ffd75f00000 - 0x00007ffd75fcb000 	C:\WINDOWS\SYSTEM32\DNSAPI.dll
0x00007ffd782a0000 - 0x00007ffd782a8000 	C:\WINDOWS\System32\NSI.dll
0x00007ffd75ec0000 - 0x00007ffd75efa000 	C:\WINDOWS\SYSTEM32\IPHLPAPI.DLL
0x00007ffd72a50000 - 0x00007ffd72a5e000 	C:\WINDOWS\System32\winrnr.dll
0x00007ffd71f70000 - 0x00007ffd71f8c000 	C:\WINDOWS\system32\NLAapi.dll
0x00007ffd4fc90000 - 0x00007ffd4fca5000 	C:\WINDOWS\system32\wshbth.dll
0x00007ffd6fa30000 - 0x00007ffd6fa3a000 	C:\Windows\System32\rasadhlp.dll
0x00007ffd70dc0000 - 0x00007ffd70e37000 	C:\WINDOWS\System32\fwpuclnt.dll
0x00007ffd770a0000 - 0x00007ffd770c6000 	C:\WINDOWS\System32\bcrypt.dll
0x00007ffd66b60000 - 0x00007ffd66b72000 	C:\_gdl\java\8u242-b08\bin\nio.dll
0x00007ffd61d60000 - 0x00007ffd61d83000 	C:\_gdl\java\8u242-b08\bin\sunec.dll
0x00007ffd75d20000 - 0x00007ffd75d53000 	C:\WINDOWS\system32\rsaenh.dll
0x00007ffd76880000 - 0x00007ffd768a5000 	C:\WINDOWS\SYSTEM32\USERENV.dll
0x00007ffd76380000 - 0x00007ffd7638c000 	C:\WINDOWS\SYSTEM32\CRYPTBASE.dll
0x00007ffd717c0000 - 0x00007ffd717d6000 	C:\WINDOWS\SYSTEM32\dhcpcsvc6.DLL
0x00007ffd717a0000 - 0x00007ffd717bc000 	C:\WINDOWS\SYSTEM32\dhcpcsvc.DLL
0x00007ffd5acc0000 - 0x00007ffd5ad32000 	C:\Users\Kelvin\AppData\Local\Temp\lwjglKelvin\3.2.2-build-10\lwjgl.dll
0x00007ffd60b60000 - 0x00007ffd60bbe000 	C:\Users\Kelvin\AppData\Local\Temp\lwjglKelvin\3.2.2-build-10\glfw.dll
0x00007ffd75ab0000 - 0x00007ffd75ae1000 	C:\WINDOWS\SYSTEM32\ntmarta.dll
0x00007ffd721b0000 - 0x00007ffd721bb000 	C:\_gdl\java\8u242-b08\bin\sunmscapi.dll
0x00007ffd770d0000 - 0x00007ffd77219000 	C:\WINDOWS\System32\CRYPT32.dll
0x00007ffd76a10000 - 0x00007ffd76a22000 	C:\WINDOWS\System32\MSASN1.dll
0x00007ffd43b80000 - 0x00007ffd43dd1000 	C:\Users\Kelvin\AppData\Local\Temp\lwjglKelvin\3.2.2-build-10\jemalloc.dll
0x00007ffd74930000 - 0x00007ffd749c9000 	C:\WINDOWS\system32\uxtheme.dll
0x00007ffd76750000 - 0x00007ffd7677a000 	C:\WINDOWS\SYSTEM32\DEVOBJ.dll
0x00007ffd74fe0000 - 0x00007ffd7500d000 	C:\WINDOWS\SYSTEM32\dwmapi.dll
0x00007ffd71810000 - 0x00007ffd7192b000 	C:\WINDOWS\SYSTEM32\inputhost.dll
0x00007ffd72fc0000 - 0x00007ffd73113000 	C:\WINDOWS\SYSTEM32\wintypes.dll
0x00007ffd745e0000 - 0x00007ffd746b4000 	C:\WINDOWS\SYSTEM32\CoreMessaging.dll
0x00007ffd72e40000 - 0x00007ffd72f30000 	C:\WINDOWS\SYSTEM32\PROPSYS.dll
0x00007ffd66ba0000 - 0x00007ffd66eca000 	C:\WINDOWS\SYSTEM32\CoreUIComponents.dll
0x00007ffd77b50000 - 0x00007ffd77c15000 	C:\WINDOWS\System32\OLEAUT32.dll
0x00007ffd78a60000 - 0x00007ffd78b95000 	C:\WINDOWS\System32\MSCTF.dll
0x00007ffd77d90000 - 0x00007ffd78200000 	C:\WINDOWS\System32\SETUPAPI.DLL
0x00007ffd76f90000 - 0x00007ffd76fec000 	C:\WINDOWS\System32\WINTRUST.dll
0x00007ffd48150000 - 0x00007ffd482a6000 	C:\WINDOWS\SYSTEM32\opengl32.dll
0x00007ffd5ac90000 - 0x00007ffd5acbc000 	C:\WINDOWS\SYSTEM32\GLU32.dll
0x00007ffd755b0000 - 0x00007ffd755d0000 	C:\WINDOWS\SYSTEM32\dxcore.dll
0x00007ffd2dee0000 - 0x00007ffd30878000 	C:\WINDOWS\System32\DriverStore\FileRepository\nv_dispi.inf_amd64_324f172f3e662ec5\nvoglv64.dll
0x00007ffd783d0000 - 0x00007ffd78527000 	C:\WINDOWS\System32\ole32.dll
0x00007ffd72a00000 - 0x00007ffd72a13000 	C:\WINDOWS\SYSTEM32\WTSAPI32.dll
0x00007ffd461d0000 - 0x00007ffd4647e000 	C:\WINDOWS\system32\nvspcap64.dll
0x00007ffd75a00000 - 0x00007ffd75a56000 	C:\WINDOWS\SYSTEM32\WINSTA.dll
0x00007ffd71ed0000 - 0x00007ffd71f6e000 	C:\WINDOWS\System32\TextInputFramework.dll
0x00007ffd69460000 - 0x00007ffd69707000 	C:\WINDOWS\System32\iertutil.dll
0x00007ffd5a0e0000 - 0x00007ffd5a138000 	C:\Users\Kelvin\AppData\Local\Temp\lwjglKelvin\3.2.2-build-10\lwjgl_opengl.dll
0x00007ffd4b600000 - 0x00007ffd4b67f000 	C:\Users\Kelvin\AppData\Local\Temp\lwjglKelvin\3.2.2-build-10\lwjgl_stb.dll
0x00007ffd66650000 - 0x00007ffd666fe000 	C:\WINDOWS\SYSTEM32\mscms.dll
0x00007ffd665a0000 - 0x00007ffd665b7000 	C:\WINDOWS\SYSTEM32\ColorAdapterClient.dll
0x00007ffd72df0000 - 0x00007ffd72e33000 	C:\WINDOWS\SYSTEM32\icm32.dll
0x00007ffd561f0000 - 0x00007ffd56232000 	C:\Users\Kelvin\AppData\Local\Temp\jna--2051171159\jna8968359487399940335.dll
0x00007ffd61bc0000 - 0x00007ffd61bda000 	C:\_gdl\instances\Craft to Exile [Harmony]\natives\SAPIWrapper_x64.dll
0x00007ffd78dd0000 - 0x00007ffd78e72000 	C:\WINDOWS\System32\clbcatq.dll
0x00007ffd703f0000 - 0x00007ffd70462000 	C:\WINDOWS\System32\MMDevApi.dll
0x00007ffd484b0000 - 0x00007ffd485c4000 	C:\Users\Kelvin\AppData\Local\Temp\lwjglKelvin\3.2.2-build-10\OpenAL.dll
0x00007ffd517a0000 - 0x00007ffd518fd000 	C:\WINDOWS\SYSTEM32\AUDIOSES.DLL
0x00007ffd74d20000 - 0x00007ffd74d34000 	C:\WINDOWS\SYSTEM32\resourcepolicyclient.dll
0x00007ffd443f0000 - 0x00007ffd44585000 	C:\_gdl\java\8u242-b08\bin\awt.dll
0x00007ffd747f0000 - 0x00007ffd7487f000 	C:\WINDOWS\SYSTEM32\apphelp.dll
0x00007ffd75330000 - 0x00007ffd75524000 	C:\WINDOWS\SYSTEM32\dbghelp.dll

VM Arguments:
jvm_args: -XX:HeapDumpPath=MojangTricksIntelDriversForPerformance_javaw.exe_minecraft.exe.heapdump -Dos.name=Windows 10 -Dos.version=10.0 -Djava.library.path=C:\_gdl\instances\Craft to Exile [Harmony]\natives -Dminecraft.launcher.brand=GDLauncher -Dminecraft.launcher.version=1.0 -Xmx4096m -Xms4096m -Dminecraft.applet.TargetDirectory=C:\_gdl\instances\Craft to Exile [Harmony] -Dfml.ignorePatchDiscrepancies=true -Dfml.ignoreInvalidMinecraftCertificates=true -XX:HeapDumpPath=MojangTricksIntelDriversForPerformance_javaw.exe_minecraft.exe.heapdump -Xms256m 
java_command: cpw.mods.modlauncher.Launcher --width 854 --height 480 --username Mahjerion --version 1.16.2 --gameDir C:\_gdl\instances\Craft to Exile [Harmony] --assetsDir C:\_gdl\datastore\assets --assetIndex 1.16 --uuid 078e6d6a263646289d0d28d4dd831d5f --accessToken eyJhbGciOiJIUzI1NiJ9.eyJzdWIiOiJlMTdjMzAwM2Q5MDk4YjAzMThiYzljN2VlODFlOTFhNCIsInlnZ3QiOiI2YmU1ZjI1YTc2ZmE0NjAwYmE1YTI2MDQ5MjdhMTVkYSIsInNwciI6IjA3OGU2ZDZhMjYzNjQ2Mjg5ZDBkMjhkNGRkODMxZDVmIiwiaXNzIjoiWWdnZHJhc2lsLUF1dGgiLCJleHAiOjE2MDM2Mzc5MjgsImlhdCI6MTYwMzQ2NTEyOH0._VC-wMkGqVaMKCCtxD7-WxeTCeckYvHF8aFUMUa5YGM --userType mojang --versionType release --launchTarget fmlclient --fml.forgeVersion 33.0.61 --fml.mcVersion 1.16.2 --fml.forgeGroup net.minecraftforge --fml.mcpVersion 20200812.004259
java_class_path (initial): C:\_gdl\datastore\libraries\net\minecraftforge\forge\1.16.2-33.0.61\forge-1.16.2-33.0.61.jar;C:\_gdl\datastore\libraries\org\ow2\asm\asm\7.2\asm-7.2.jar;C:\_gdl\datastore\libraries\org\ow2\asm\asm-commons\7.2\asm-commons-7.2.jar;C:\_gdl\datastore\libraries\org\ow2\asm\asm-tree\7.2\asm-tree-7.2.jar;C:\_gdl\datastore\libraries\org\ow2\asm\asm-util\7.2\asm-util-7.2.jar;C:\_gdl\datastore\libraries\org\ow2\asm\asm-analysis\7.2\asm-analysis-7.2.jar;C:\_gdl\datastore\libraries\cpw\mods\modlauncher\7.0.1\modlauncher-7.0.1.jar;C:\_gdl\datastore\libraries\cpw\mods\grossjava9hacks\1.3.0\grossjava9hacks-1.3.0.jar;C:\_gdl\datastore\libraries\net\minecraftforge\accesstransformers\2.2.0-shadowed\accesstransformers-2.2.0-shadowed.jar;C:\_gdl\datastore\libraries\net\minecraftforge\eventbus\3.0.3-service\eventbus-3.0.3-service.jar;C:\_gdl\datastore\libraries\net\minecraftforge\forgespi\3.1.1\forgespi-3.1.1.jar;C:\_gdl\datastore\libraries\net\minecraftforge\coremods\3.0.0\coremods-3.0.0.jar;C:\_gdl\datastore\libraries\net\minecraftforge\unsafe\0.2.0\unsafe-0.2.0.jar;C:\_gdl\datastore\libraries\com\electronwill\night-config\core\3.6.2\core-3.6.2.jar;C:\_gdl\datastore\libraries\com\electronwill\night-config\toml\3.6.2\toml-3.6.2.jar;C:\_gdl\datastore\libraries\org\jline\jline\3.12.1\jline-3.12.1.jar;C:\_gdl\datastore\libraries\org\apache\maven\maven-artifact\3.6.0\maven-artifact-3.6.0.jar;C:\_gdl\datastore\libraries\net\jodah\typetools\0.8.1\typetools-0.8.1.jar;C:\_gdl\datastore\libraries\org\apache\logging\log4j\log4j-api\2.11.2\log4j-api-2.11.2.jar;C:\_gdl\datastore\libraries\org\apache\logging\log4j\log4j-core\2.11.2\log4j-core-2.11.2.jar;C:\_gdl\datastore\libraries\net\minecrell\terminalconsoleappender\1.2.0\terminalconsoleappender-1.2.0.jar;C:\_gdl\datastore\libraries\net\sf\jopt-simple\jopt-simple\5.0.4\jopt-simple-5.0.4.jar;C:\_gdl\datastore\libraries\org\spongepowered\mixin\0.8\mixin-0.8.jar;C:\_gdl\datastore\libraries\com\mojang\patchy\1.1\patchy-1.
Launcher Type: SUN_STANDARD

Environment Variables:
JAVA_HOME=C:\Program Files\AdoptOpenJDK\jdk-8.0.265.01-hotspot\
PATH=C:\Program Files\AdoptOpenJDK\jdk-8.0.265.01-hotspot\bin;C:\Program Files\AdoptOpenJDK\jdk-11.0.8.10-hotspot\bin;C:\Program Files (x86)\Common Files\Oracle\Java\javapath;C:\Windows\system32;C:\Windows;C:\Windows\System32\Wbem;C:\Windows\System32\WindowsPowerShell\v1.0\;C:\Windows\System32\OpenSSH\;C:\Program Files (x86)\NVIDIA Corporation\PhysX\Common;C:\Program Files\NVIDIA Corporation\NVIDIA NvDLISR;C:\WINDOWS\system32;C:\WINDOWS;C:\WINDOWS\System32\Wbem;C:\WINDOWS\System32\WindowsPowerShell\v1.0\;C:\WINDOWS\System32\OpenSSH\;C:\Program Files\AdoptOpenJDK\jdk-8.0.265.01-hotspot\\bin;C:\Users\Kelvin\AppData\Local\Programs\Python\Python38-32\Scripts;C:\Users\Kelvin\AppData\Local\Microsoft\WindowsApps;C:\Users\Kelvin\AppData\Local\GitHubDesktop\bin;C:\Program Files\JetBrains\PyCharm Community Edition 2020.2.1\bin;;C:\Program Files\JetBrains\IntelliJ IDEA Community Edition 2020.2.1\bin;
USERNAME=Kelvin
OS=Windows_NT
PROCESSOR_IDENTIFIER=AMD64 Family 23 Model 8 Stepping 2, AuthenticAMD



---------------  S Y S T E M  ---------------

OS: Windows 10.0 , 64 bit Build 18362 (10.0.18362.1110)

CPU:total 12 (initial active 12) (12 cores per cpu, 1 threads per core) family 23 model 8 stepping 2, cmov, cx8, fxsr, mmx, sse, sse2, sse3, ssse3, sse4.1, sse4.2, popcnt, avx, avx2, aes, clmul, mmxext, 3dnowpref, lzcnt, sse4a, tsc, tscinvbit, tscinv, bmi1

Memory: 4k page, physical 33501216k(24988344k free), swap 35598368k(24043048k free)

vm_info: OpenJDK 64-Bit Server VM (25.242-b08) for windows-amd64 JRE (1.8.0_242-b08), built on Jan 19 2020 14:45:52 by "jenkins" with MS VC++ 12.0 (VS2013)

time: Sat Oct 24 22:50:55 2020
timezone: Eastern Daylight Time
elapsed time: 69 seconds (0d 0h 1m 9s)

