#
# A fatal error has been detected by the Java Runtime Environment:
#
#  EXCEPTION_ACCESS_VIOLATION (0xc0000005) at pc=0x0000000027510000, pid=1880, tid=16632
#
# JRE version: Java(TM) SE Runtime Environment (8.0_51-b16) (build 1.8.0_51-b16)
# Java VM: Java HotSpot(TM) 64-Bit Server VM (25.51-b03 mixed mode windows-amd64 compressed oops)
# Problematic frame:
# C  0x0000000027510000
#
# Failed to write core dump. Minidumps are not enabled by default on client versions of Windows
#
# If you would like to submit a bug report, please visit:
#   http://bugreport.java.com/bugreport/crash.jsp
# The crash happened outside the Java Virtual Machine in native code.
# See problematic frame for where to report the bug.
#

---------------  T H R E A D  ---------------

Current thread (0x0000000025da5000):  JavaThread "CraftPresence" [_thread_in_native, id=16632, stack(0x000000002f3b0000,0x000000002f4b0000)]

siginfo: ExceptionCode=0xc0000005, ExceptionInformation=0x0000000000000008 0x0000000027510000

Registers:
RAX=0x0000000027510000, RBX=0x0000000000010001, RCX=0x0000000000010001, RDX=0x000000002f4ae940
RSP=0x000000002f4ae908, RBP=0x000000002f4aea10, RSI=0x00000000ffffffff, RDI=0x0000000000000009
R8 =0x000000000111da00, R9 =0x00007ffb062937b0, R10=0x00007ffaec081a10, R11=0x000000002f4aed78
R12=0x0000000000000000, R13=0x000000002f4aeed0, R14=0x000000002f4aef28, R15=0x0000000025da5000
RIP=0x0000000027510000, EFLAGS=0x0000000000010206

Top of Stack: (sp=0x000000002f4ae908)
0x000000002f4ae908:   00007ffb06291f7c 0000000000000008
0x000000002f4ae918:   0000000025da5000 000000002e23c4c8
0x000000002f4ae928:   0000000025da5000 000000002e23c4c8
0x000000002f4ae938:   0000000025da5000 57464c4720656854
0x000000002f4ae948:   7972617262696c20 20746f6e20736920
0x000000002f4ae958:   696c616974696e69 000000000064657a
0x000000002f4ae968:   0000000053beff1d 0000000029796f50
0x000000002f4ae978:   00000007c0d6fa70 00000007c0d6fa70
0x000000002f4ae988:   0000000053d62871 000000002f4ae9c0
0x000000002f4ae998:   0000000000000008 0000823c02c6897a
0x000000002f4ae9a8:   000000002f4aeab0 0000000000000008
0x000000002f4ae9b8:   0000000053d62dba 000000002f4aeb30
0x000000002f4ae9c8:   0000000025da5000 000000002f4aec50
0x000000002f4ae9d8:   0000000029796f50 0000000003057a90
0x000000002f4ae9e8:   0000000027d33ae0 000000002f4aeaf0
0x000000002f4ae9f8:   0000000053bf1400 0000000025da5000 

Instructions: (pc=0x0000000027510000)
0x000000002750ffe0:   
[error occurred during error reporting (printing registers, top of stack, instructions near pc), id 0xc0000005]

Register to memory mapping:

RAX=0x0000000027510000 is an unknown value
RBX=0x0000000000010001 is an unknown value
RCX=0x0000000000010001 is an unknown value
RDX=0x000000002f4ae940 is pointing into the stack for thread: 0x0000000025da5000
RSP=0x000000002f4ae908 is pointing into the stack for thread: 0x0000000025da5000
RBP=0x000000002f4aea10 is pointing into the stack for thread: 0x0000000025da5000
RSI=0x00000000ffffffff is an unknown value
RDI=0x0000000000000009 is an unknown value
R8 =0x000000000111da00 is an unknown value
R9 =0x00007ffb062937b0 is an unknown value
R10=0x00007ffaec081a10 is an unknown value
R11=0x000000002f4aed78 is pointing into the stack for thread: 0x0000000025da5000
R12=0x0000000000000000 is an unknown value
R13=0x000000002f4aeed0 is pointing into the stack for thread: 0x0000000025da5000
R14=0x000000002f4aef28 is pointing into the stack for thread: 0x0000000025da5000
R15=0x0000000025da5000 is a thread


Stack: [0x000000002f3b0000,0x000000002f4b0000],  sp=0x000000002f4ae908,  free space=1018k
Native frames: (J=compiled Java code, j=interpreted, Vv=VM code, C=native code)
C  0x0000000027510000

Java frames: (J=compiled Java code, j=interpreted, Vv=VM code)
J 11130  org.lwjgl.system.JNI.invokePI(JIJ)I (0 bytes) @ 0x0000000004c9b9ce [0x0000000004c9b920+0xae]
J 29025 C2 com.gitlab.cdagaming.craftpresence.utils.KeyUtils.onTick()V (150 bytes) @ 0x00000000079c4004 [0x00000000079c38a0+0x764]
J 23885 C1 com.gitlab.cdagaming.craftpresence.utils.CommandUtils.reloadData(Z)V (155 bytes) @ 0x00000000059d0914 [0x00000000059d0840+0xd4]
j  com.gitlab.cdagaming.craftpresence.CraftPresence.clientTick()V+32
J 14861 C2 com.gitlab.cdagaming.craftpresence.CraftPresence$1.run()V (8 bytes) @ 0x00000000055ee820 [0x00000000055ee7e0+0x40]
J 31718% C2 java.util.TimerThread.mainLoop()V (232 bytes) @ 0x00000000068e1d10 [0x00000000068e1a20+0x2f0]
j  java.util.TimerThread.run()V+1
v  ~StubRoutines::call_stub

---------------  P R O C E S S  ---------------

Java Threads: ( => current thread )
  0x0000000024774800 JavaThread "Sound engine" daemon [_thread_blocked, id=13276, stack(0x000000002f880000,0x000000002f980000)]
  0x000000005f21e800 JavaThread "REI-SyncRecipes" [_thread_blocked, id=15104, stack(0x00000000620e0000,0x00000000621e0000)]
  0x000000005f21a000 JavaThread "Netty Server IO #1" daemon [_thread_in_native, id=15624, stack(0x0000000059840000,0x0000000059940000)]
  0x000000005f21c800 JavaThread "Netty Local Client IO #0" daemon [_thread_blocked, id=12228, stack(0x000000005ac50000,0x000000005ad50000)]
  0x0000000025da6000 JavaThread "Netty Server IO #0" daemon [_thread_in_native, id=6368, stack(0x0000000055470000,0x0000000055570000)]
  0x0000000025da2000 JavaThread "ObjectCleanerThread" daemon [_thread_blocked, id=5412, stack(0x00000000532a0000,0x00000000533a0000)]
  0x0000000024883800 JavaThread "Java2D Disposer" daemon [_thread_blocked, id=12316, stack(0x0000000059740000,0x0000000059840000)]
  0x0000000024773000 JavaThread "Snooper Timer" daemon [_thread_blocked, id=12480, stack(0x0000000001260000,0x0000000001360000)]
  0x000000002477b800 JavaThread "pool-4-thread-3" [_thread_blocked, id=5192, stack(0x00000000428b0000,0x00000000429b0000)]
  0x000000002477c800 JavaThread "pool-4-thread-2" [_thread_blocked, id=17024, stack(0x00000000427b0000,0x00000000428b0000)]
  0x000000002476f800 JavaThread "pool-4-thread-1" [_thread_blocked, id=6072, stack(0x000000003b1c0000,0x000000003b2c0000)]
  0x0000000024886000 JavaThread "Thread-191" [_thread_blocked, id=10232, stack(0x0000000030490000,0x0000000030590000)]
  0x0000000025da1800 JavaThread "IPCClient-Reader" [_thread_blocked, id=4040, stack(0x0000000030190000,0x0000000030290000)]
  0x0000000025da6800 JavaThread "Abandoned connection cleanup thread" daemon [_thread_blocked, id=14476, stack(0x000000002fd80000,0x000000002fe80000)]
=>0x0000000025da5000 JavaThread "CraftPresence" [_thread_in_native, id=16632, stack(0x000000002f3b0000,0x000000002f4b0000)]
  0x0000000025da4800 JavaThread "Thread-188" daemon [_thread_in_native, id=6180, stack(0x000000002d940000,0x000000002da40000)]
  0x0000000025da3000 JavaThread "Thread-187" daemon [_thread_in_native, id=8792, stack(0x000000002d840000,0x000000002d940000)]
  0x0000000025da0800 JavaThread "Thread-186" daemon [_thread_in_native, id=3552, stack(0x000000002d740000,0x000000002d840000)]
  0x0000000025d99000 JavaThread "Thread-185" daemon [_thread_in_native, id=8660, stack(0x000000002d640000,0x000000002d740000)]
  0x0000000025da0000 JavaThread "Thread-184" daemon [_thread_in_native, id=8536, stack(0x000000002d540000,0x000000002d640000)]
  0x0000000025d9a000 JavaThread "Thread-183" daemon [_thread_in_native, id=9856, stack(0x000000002d440000,0x000000002d540000)]
  0x0000000025d98800 JavaThread "Thread-182" daemon [_thread_in_native, id=10948, stack(0x000000002d340000,0x000000002d440000)]
  0x0000000025d9f000 JavaThread "Thread-181" daemon [_thread_in_native, id=13200, stack(0x000000002d240000,0x000000002d340000)]
  0x0000000025d9d000 JavaThread "Thread-180" daemon [_thread_in_native, id=12468, stack(0x000000002cc50000,0x000000002cd50000)]
  0x0000000025d9c000 JavaThread "Thread-179" daemon [_thread_in_native, id=14504, stack(0x000000002c940000,0x000000002ca40000)]
  0x0000000025d9d800 JavaThread "Thread-178" daemon [_thread_in_native, id=15808, stack(0x000000002c610000,0x000000002c710000)]
  0x0000000025d9e800 JavaThread "Thread-177" daemon [_thread_in_native, id=7844, stack(0x000000002b360000,0x000000002b460000)]
  0x0000000025d9b800 JavaThread "Thread-176" daemon [_thread_in_native, id=11112, stack(0x000000002af80000,0x000000002b080000)]
  0x0000000025d97800 JavaThread "Snooper Timer" daemon [_thread_blocked, id=1816, stack(0x000000002a800000,0x000000002a900000)]
  0x0000000025d9a800 JavaThread "Timer hack thread" daemon [_thread_blocked, id=8780, stack(0x000000002b4f0000,0x000000002b5f0000)]
  0x000000001e57f000 JavaThread "Service Thread" daemon [_thread_blocked, id=5452, stack(0x000000001fe70000,0x000000001ff70000)]
  0x000000001e502800 JavaThread "C1 CompilerThread3" daemon [_thread_in_vm, id=11612, stack(0x000000001fd70000,0x000000001fe70000)]
  0x000000001e502000 JavaThread "C2 CompilerThread2" daemon [_thread_blocked, id=6392, stack(0x000000001fc70000,0x000000001fd70000)]
  0x000000001e4f8800 JavaThread "C2 CompilerThread1" daemon [_thread_blocked, id=17064, stack(0x000000001fb70000,0x000000001fc70000)]
  0x000000001e4f4000 JavaThread "C2 CompilerThread0" daemon [_thread_blocked, id=17828, stack(0x000000001fa70000,0x000000001fb70000)]
  0x000000001e4ee000 JavaThread "Attach Listener" daemon [_thread_blocked, id=6712, stack(0x000000001f970000,0x000000001fa70000)]
  0x000000001e4ec800 JavaThread "Signal Dispatcher" daemon [_thread_blocked, id=17196, stack(0x000000001f870000,0x000000001f970000)]
  0x000000001ce1f000 JavaThread "Finalizer" daemon [_thread_blocked, id=9040, stack(0x000000001f770000,0x000000001f870000)]
  0x000000001ce18000 JavaThread "Reference Handler" daemon [_thread_blocked, id=9124, stack(0x000000001f670000,0x000000001f770000)]
  0x0000000003005800 JavaThread "Render thread" [_thread_in_native, id=5644, stack(0x0000000002f00000,0x0000000003000000)]

Other Threads:
  0x000000001e4c2800 VMThread [stack: 0x000000001f570000,0x000000001f670000] [id=15248]
  0x000000001e588000 WatcherThread [stack: 0x000000001ff70000,0x0000000020070000] [id=4532]

VM state:not at safepoint (normal execution)

VM Mutex/Monitor currently owned by a thread:  ([mutex/lock_event])
[0x00000000030036e0] CompiledIC_lock - owner thread: 0x000000001e502800

Heap:
 PSYoungGen      total 1005568K, used 705401K [0x000000076ab00000, 0x00000007b2380000, 0x00000007c0000000)
  eden space 996864K, 69% used [0x000000076ab00000,0x00000007953837c0,0x00000007a7880000)
  from space 8704K, 98% used [0x00000007a7880000,0x00000007a80dadf8,0x00000007a8100000)
  to   space 87040K, 0% used [0x00000007ace80000,0x00000007ace80000,0x00000007b2380000)
 ParOldGen       total 888832K, used 767086K [0x00000006c0000000, 0x00000006f6400000, 0x000000076ab00000)
  object space 888832K, 86% used [0x00000006c0000000,0x00000006eed1b998,0x00000006f6400000)
 Metaspace       used 130501K, capacity 145198K, committed 145472K, reserved 1173504K
  class space    used 18811K, capacity 22272K, committed 22376K, reserved 1048576K

Card table byte_map: [0x00000000124c0000,0x0000000012cd0000] byte_map_base: 0x000000000eec0000

Marking Bits: (ParMarkBitMap*) 0x0000000054334040
 Begin Bits: [0x0000000013c30000, 0x0000000017c30000)
 End Bits:   [0x0000000017c30000, 0x000000001bc30000)

Polling page: 0x0000000002dc0000

CodeCache: size=245760Kb used=80050Kb max_used=80074Kb free=165709Kb
 bounds [0x0000000003100000, 0x0000000007fb0000, 0x0000000012100000]
 total_blobs=23917 nmethods=21940 adapters=1882
 compilation: enabled

Compilation events (10 events):
Event: 1512.881 Thread 0x000000001e502800 32331   !   3       net.fabricmc.fabric.impl.resource.loader.ModNioResourcePack::close (30 bytes)
Event: 1512.881 Thread 0x000000001e502800 nmethod 32331 0x0000000007f946d0 code [0x0000000007f94860, 0x0000000007f94b98]
Event: 1512.881 Thread 0x000000001e502800 32332       3       java.util.concurrent.ForkJoinPool$WorkQueue::poll (107 bytes)
Event: 1512.882 Thread 0x000000001e502800 nmethod 32332 0x0000000007f93f50 code [0x0000000007f940e0, 0x0000000007f945b0]
Event: 1512.882 Thread 0x000000001e502800 32333       3       java.util.concurrent.ForkJoinPool$WorkQueue::cancelAll (53 bytes)
Event: 1512.882 Thread 0x000000001e502800 nmethod 32333 0x0000000007f96210 code [0x0000000007f96400, 0x0000000007f96f18]
Event: 1512.882 Thread 0x000000001e502000 32334       4       java.lang.Class::copyConstructors (38 bytes)
Event: 1512.883 Thread 0x000000001e502800 32335       1       xaero.map.region.MapTile::setPrevTile (6 bytes)
Event: 1512.883 Thread 0x000000001e502800 nmethod 32335 0x000000000718d5d0 code [0x000000000718d720, 0x000000000718d850]
Event: 1512.886 Thread 0x000000001e502000 nmethod 32334 0x0000000007f959d0 code [0x0000000007f95b40, 0x0000000007f95ed8]

GC Heap History (10 events):
Event: 1353.514 GC heap before
{Heap before GC invocations=122 (full 5):
 PSYoungGen      total 1104896K, used 1004700K [0x000000076ab00000, 0x00000007b5b80000, 0x00000007c0000000)
  eden space 994816K, 100% used [0x000000076ab00000,0x00000007a7680000,0x00000007a7680000)
  from space 110080K, 8% used [0x00000007af000000,0x00000007af9a73f8,0x00000007b5b80000)
  to   space 117248K, 0% used [0x00000007a7680000,0x00000007a7680000,0x00000007ae900000)
 ParOldGen       total 888832K, used 764531K [0x00000006c0000000, 0x00000006f6400000, 0x000000076ab00000)
  object space 888832K, 86% used [0x00000006c0000000,0x00000006eea9cf20,0x00000006f6400000)
 Metaspace       used 130311K, capacity 144898K, committed 145088K, reserved 1171456K
  class space    used 18775K, capacity 22198K, committed 22248K, reserved 1048576K
Event: 1353.521 GC heap after
Heap after GC invocations=122 (full 5):
 PSYoungGen      total 1005056K, used 9944K [0x000000076ab00000, 0x00000007b5000000, 0x00000007c0000000)
  eden space 994816K, 0% used [0x000000076ab00000,0x000000076ab00000,0x00000007a7680000)
  from space 10240K, 97% used [0x00000007a7680000,0x00000007a8036300,0x00000007a8080000)
  to   space 110592K, 0% used [0x00000007ae400000,0x00000007ae400000,0x00000007b5000000)
 ParOldGen       total 888832K, used 764667K [0x00000006c0000000, 0x00000006f6400000, 0x000000076ab00000)
  object space 888832K, 86% used [0x00000006c0000000,0x00000006eeabef20,0x00000006f6400000)
 Metaspace       used 130311K, capacity 144898K, committed 145088K, reserved 1171456K
  class space    used 18775K, capacity 22198K, committed 22248K, reserved 1048576K
}
Event: 1381.221 GC heap before
{Heap before GC invocations=123 (full 5):
 PSYoungGen      total 1005056K, used 1004760K [0x000000076ab00000, 0x00000007b5000000, 0x00000007c0000000)
  eden space 994816K, 100% used [0x000000076ab00000,0x00000007a7680000,0x00000007a7680000)
  from space 10240K, 97% used [0x00000007a7680000,0x00000007a8036300,0x00000007a8080000)
  to   space 110592K, 0% used [0x00000007ae400000,0x00000007ae400000,0x00000007b5000000)
 ParOldGen       total 888832K, used 764667K [0x00000006c0000000, 0x00000006f6400000, 0x000000076ab00000)
  object space 888832K, 86% used [0x00000006c0000000,0x00000006eeabef20,0x00000006f6400000)
 Metaspace       used 130327K, capacity 144898K, committed 145088K, reserved 1171456K
  class space    used 18778K, capacity 22198K, committed 22248K, reserved 1048576K
Event: 1381.228 GC heap after
Heap after GC invocations=123 (full 5):
 PSYoungGen      total 1093632K, used 9977K [0x000000076ab00000, 0x00000007b4380000, 0x00000007c0000000)
  eden space 995840K, 0% used [0x000000076ab00000,0x000000076ab00000,0x00000007a7780000)
  from space 97792K, 10% used [0x00000007ae400000,0x00000007aedbe5f0,0x00000007b4380000)
  to   space 104448K, 0% used [0x00000007a7780000,0x00000007a7780000,0x00000007add80000)
 ParOldGen       total 888832K, used 764723K [0x00000006c0000000, 0x00000006f6400000, 0x000000076ab00000)
  object space 888832K, 86% used [0x00000006c0000000,0x00000006eeaccf20,0x00000006f6400000)
 Metaspace       used 130327K, capacity 144898K, committed 145088K, reserved 1171456K
  class space    used 18778K, capacity 22198K, committed 22248K, reserved 1048576K
}
Event: 1420.277 GC heap before
{Heap before GC invocations=124 (full 5):
 PSYoungGen      total 1093632K, used 1005817K [0x000000076ab00000, 0x00000007b4380000, 0x00000007c0000000)
  eden space 995840K, 100% used [0x000000076ab00000,0x00000007a7780000,0x00000007a7780000)
  from space 97792K, 10% used [0x00000007ae400000,0x00000007aedbe5f0,0x00000007b4380000)
  to   space 104448K, 0% used [0x00000007a7780000,0x00000007a7780000,0x00000007add80000)
 ParOldGen       total 888832K, used 764730K [0x00000006c0000000, 0x00000006f6400000, 0x000000076ab00000)
  object space 888832K, 86% used [0x00000006c0000000,0x00000006eeace9f8,0x00000006f6400000)
 Metaspace       used 130330K, capacity 144902K, committed 145088K, reserved 1171456K
  class space    used 18778K, capacity 22198K, committed 22248K, reserved 1048576K
Event: 1420.284 GC heap after
Heap after GC invocations=124 (full 5):
 PSYoungGen      total 1005568K, used 9689K [0x000000076ab00000, 0x00000007b3880000, 0x00000007c0000000)
  eden space 995840K, 0% used [0x000000076ab00000,0x000000076ab00000,0x00000007a7780000)
  from space 9728K, 99% used [0x00000007a7780000,0x00000007a80f65f0,0x00000007a8100000)
  to   space 98304K, 0% used [0x00000007ad880000,0x00000007ad880000,0x00000007b3880000)
 ParOldGen       total 888832K, used 765151K [0x00000006c0000000, 0x00000006f6400000, 0x000000076ab00000)
  object space 888832K, 86% used [0x00000006c0000000,0x00000006eeb37c40,0x00000006f6400000)
 Metaspace       used 130330K, capacity 144902K, committed 145088K, reserved 1171456K
  class space    used 18778K, capacity 22198K, committed 22248K, reserved 1048576K
}
Event: 1458.633 GC heap before
{Heap before GC invocations=125 (full 5):
 PSYoungGen      total 1005568K, used 1005529K [0x000000076ab00000, 0x00000007b3880000, 0x00000007c0000000)
  eden space 995840K, 100% used [0x000000076ab00000,0x00000007a7780000,0x00000007a7780000)
  from space 9728K, 99% used [0x00000007a7780000,0x00000007a80f65f0,0x00000007a8100000)
  to   space 98304K, 0% used [0x00000007ad880000,0x00000007ad880000,0x00000007b3880000)
 ParOldGen       total 888832K, used 765153K [0x00000006c0000000, 0x00000006f6400000, 0x000000076ab00000)
  object space 888832K, 86% used [0x00000006c0000000,0x00000006eeb387b0,0x00000006f6400000)
 Metaspace       used 130336K, capacity 144902K, committed 145088K, reserved 1171456K
  class space    used 18778K, capacity 22198K, committed 22248K, reserved 1048576K
Event: 1458.640 GC heap after
Heap after GC invocations=125 (full 5):
 PSYoungGen      total 1083904K, used 9081K [0x000000076ab00000, 0x00000007b2d80000, 0x00000007c0000000)
  eden space 996864K, 0% used [0x000000076ab00000,0x000000076ab00000,0x00000007a7880000)
  from space 87040K, 10% used [0x00000007ad880000,0x00000007ae15e488,0x00000007b2d80000)
  to   space 92672K, 0% used [0x00000007a7880000,0x00000007a7880000,0x00000007ad300000)
 ParOldGen       total 888832K, used 766112K [0x00000006c0000000, 0x00000006f6400000, 0x000000076ab00000)
  object space 888832K, 86% used [0x00000006c0000000,0x00000006eec28148,0x00000006f6400000)
 Metaspace       used 130336K, capacity 144902K, committed 145088K, reserved 1171456K
  class space    used 18778K, capacity 22198K, committed 22248K, reserved 1048576K
}
Event: 1499.172 GC heap before
{Heap before GC invocations=126 (full 5):
 PSYoungGen      total 1083904K, used 1005945K [0x000000076ab00000, 0x00000007b2d80000, 0x00000007c0000000)
  eden space 996864K, 100% used [0x000000076ab00000,0x00000007a7880000,0x00000007a7880000)
  from space 87040K, 10% used [0x00000007ad880000,0x00000007ae15e488,0x00000007b2d80000)
  to   space 92672K, 0% used [0x00000007a7880000,0x00000007a7880000,0x00000007ad300000)
 ParOldGen       total 888832K, used 766113K [0x00000006c0000000, 0x00000006f6400000, 0x000000076ab00000)
  object space 888832K, 86% used [0x00000006c0000000,0x00000006eec28458,0x00000006f6400000)
 Metaspace       used 130350K, capacity 144916K, committed 145088K, reserved 1171456K
  class space    used 18780K, capacity 22199K, committed 22248K, reserved 1048576K
Event: 1499.178 GC heap after
Heap after GC invocations=126 (full 5):
 PSYoungGen      total 1005568K, used 8555K [0x000000076ab00000, 0x00000007b2380000, 0x00000007c0000000)
  eden space 996864K, 0% used [0x000000076ab00000,0x000000076ab00000,0x00000007a7880000)
  from space 8704K, 98% used [0x00000007a7880000,0x00000007a80dadf8,0x00000007a8100000)
  to   space 87040K, 0% used [0x00000007ace80000,0x00000007ace80000,0x00000007b2380000)
 ParOldGen       total 888832K, used 767086K [0x00000006c0000000, 0x00000006f6400000, 0x000000076ab00000)
  object space 888832K, 86% used [0x00000006c0000000,0x00000006eed1b998,0x00000006f6400000)
 Metaspace       used 130350K, capacity 144916K, committed 145088K, reserved 1171456K
  class space    used 18780K, capacity 22199K, committed 22248K, reserved 1048576K
}

Deoptimization events (10 events):
Event: 1512.881 Thread 0x0000000003005800 Uncommon trap: reason=unstable_if action=reinterpret pc=0x00000000064d38c8 method=java.util.concurrent.ForkJoinPool.tryTerminate(ZZ)Z @ 19
Event: 1512.881 Thread 0x0000000024771000 Uncommon trap: reason=unstable_if action=reinterpret pc=0x0000000005e47b54 method=java.util.concurrent.ForkJoinPool.scan(Ljava/util/concurrent/ForkJoinPool$WorkQueue;I)Ljava/util/concurrent/ForkJoinTask; @ 321
Event: 1512.881 Thread 0x000000005f226000 Uncommon trap: reason=unstable_if action=reinterpret pc=0x0000000005e47b54 method=java.util.concurrent.ForkJoinPool.scan(Ljava/util/concurrent/ForkJoinPool$WorkQueue;I)Ljava/util/concurrent/ForkJoinTask; @ 321
Event: 1512.881 Thread 0x0000000024779000 Uncommon trap: reason=unstable_if action=reinterpret pc=0x0000000005e47b54 method=java.util.concurrent.ForkJoinPool.scan(Ljava/util/concurrent/ForkJoinPool$WorkQueue;I)Ljava/util/concurrent/ForkJoinTask; @ 321
Event: 1512.881 Thread 0x0000000024775800 Uncommon trap: reason=unstable_if action=reinterpret pc=0x0000000005e47b54 method=java.util.concurrent.ForkJoinPool.scan(Ljava/util/concurrent/ForkJoinPool$WorkQueue;I)Ljava/util/concurrent/ForkJoinTask; @ 321
Event: 1512.881 Thread 0x000000002477a800 Uncommon trap: reason=unstable_if action=reinterpret pc=0x0000000005e47b54 method=java.util.concurrent.ForkJoinPool.scan(Ljava/util/concurrent/ForkJoinPool$WorkQueue;I)Ljava/util/concurrent/ForkJoinTask; @ 321
Event: 1512.881 Thread 0x0000000024779000 Uncommon trap: reason=unstable_if action=reinterpret pc=0x00000000056bed48 method=java.util.concurrent.ForkJoinPool.awaitWork(Ljava/util/concurrent/ForkJoinPool$WorkQueue;I)Z @ 8
Event: 1512.881 Thread 0x0000000024778800 Uncommon trap: reason=unstable_if action=reinterpret pc=0x0000000005d07cac method=java.util.concurrent.locks.AbstractQueuedSynchronizer.acquireQueued(Ljava/util/concurrent/locks/AbstractQueuedSynchronizer$Node;I)Z @ 70
Event: 1512.882 Thread 0x000000002476e000 Uncommon trap: reason=unstable_if action=reinterpret pc=0x00000000067f7170 method=java.util.concurrent.ThreadPoolExecutor.runStateAtLeast(II)Z @ 2
Event: 1512.882 Thread 0x0000000003005800 Uncommon trap: reason=unstable_if action=reinterpret pc=0x00000000067f7170 method=java.util.concurrent.ThreadPoolExecutor.runStateAtLeast(II)Z @ 2

Internal exceptions (10 events):
Event: 1512.818 Thread 0x0000000024776000 Exception <a 'sun/nio/fs/WindowsException'> (0x00000007943954f8) thrown at [C:\re\workspace\8-2-build-windows-amd64-cygwin\jdk8u51\3951\hotspot\src\share\vm\prims\jni.cpp, line 709]
Event: 1512.819 Thread 0x0000000024776000 Exception <a 'sun/nio/fs/WindowsException'> (0x0000000794395cc0) thrown at [C:\re\workspace\8-2-build-windows-amd64-cygwin\jdk8u51\3951\hotspot\src\share\vm\prims\jni.cpp, line 709]
Event: 1512.819 Thread 0x0000000024776000 Exception <a 'sun/nio/fs/WindowsException'> (0x0000000794395ea8) thrown at [C:\re\workspace\8-2-build-windows-amd64-cygwin\jdk8u51\3951\hotspot\src\share\vm\prims\jni.cpp, line 709]
Event: 1512.819 Thread 0x0000000024776000 Exception <a 'sun/nio/fs/WindowsException'> (0x0000000794396278) thrown at [C:\re\workspace\8-2-build-windows-amd64-cygwin\jdk8u51\3951\hotspot\src\share\vm\prims\jni.cpp, line 709]
Event: 1512.819 Thread 0x0000000024776000 Exception <a 'sun/nio/fs/WindowsException'> (0x0000000794537638) thrown at [C:\re\workspace\8-2-build-windows-amd64-cygwin\jdk8u51\3951\hotspot\src\share\vm\prims\jni.cpp, line 709]
Event: 1512.822 Thread 0x0000000024776000 Exception <a 'java/lang/IncompatibleClassChangeError': Found class java.lang.Object, but interface was expected> (0x000000079453cc50) thrown at [C:\re\workspace\8-2-build-windows-amd64-cygwin\jdk8u51\3951\hotspot\src\share\vm\interpreter\linkResolver.cpp, ŸB	Žn£—@
Event: 1512.858 Thread 0x0000000025da5000 Implicit null exception at 0x0000000007cff3a8 to 0x0000000007d03ded
Event: 1512.883 Thread 0x0000000024886000 Implicit null exception at 0x00000000039fe4a2 to 0x00000000039fe6ee
Event: 1512.883 Thread 0x0000000024886000 Exception <a 'java/lang/NullPointerException'> (0x0000000794bf5b38) thrown at [C:\re\workspace\8-2-build-windows-amd64-cygwin\jdk8u51\3951\hotspot\src\share\vm\runtime\sharedRuntime.cpp, line 605]
Event: 1512.883 Thread 0x0000000024886000 Exception <a 'sun/nio/fs/WindowsException'> (0x0000000794bf80f8) thrown at [C:\re\workspace\8-2-build-windows-amd64-cygwin\jdk8u51\3951\hotspot\src\share\vm\prims\jni.cpp, line 709]

Events (10 events):
Event: 1512.882 Thread 0x0000000003005800 DEOPT UNPACKING pc=0x000000000314582a sp=0x0000000002ffdac0 mode 2
Event: 1512.882 Executing VM operation: RevokeBias
Event: 1512.882 Executing VM operation: RevokeBias done
Event: 1512.882 Thread 0x000000002476e000 Thread exited: 0x000000002476e000
Event: 1512.882 loading class org/lwjgl/glfw/Callbacks
Event: 1512.882 loading class org/lwjgl/glfw/Callbacks done
Event: 1512.908 Thread 0x0000000024774000 Thread added: 0x0000000024774000
Event: 1512.908 Thread 0x0000000024771000 Thread added: 0x0000000024771000
Event: 1512.908 Thread 0x000000002476e000 Thread added: 0x000000002476e000
Event: 1512.908 Thread 0x0000000024775800 Thread added: 0x0000000024775800


Dynamic libraries:
0x00007ff60a110000 - 0x00007ff60a147000 	C:\Users\Kelvin\Twitch\Minecraft\Install\runtime\jre-x64\bin\javaw.exe
0x00007ffb135a0000 - 0x00007ffb13790000 	C:\WINDOWS\SYSTEM32\ntdll.dll
0x00007ffb12380000 - 0x00007ffb12432000 	C:\WINDOWS\System32\KERNEL32.DLL
0x00007ffb111c0000 - 0x00007ffb11464000 	C:\WINDOWS\System32\KERNELBASE.dll
0x00007ffb122d0000 - 0x00007ffb12373000 	C:\WINDOWS\System32\ADVAPI32.dll
0x00007ffb133d0000 - 0x00007ffb1346e000 	C:\WINDOWS\System32\msvcrt.dll
0x00007ffb126b0000 - 0x00007ffb12747000 	C:\WINDOWS\System32\sechost.dll
0x00007ffb11a60000 - 0x00007ffb11b80000 	C:\WINDOWS\System32\RPCRT4.dll
0x00007ffb12130000 - 0x00007ffb122c5000 	C:\WINDOWS\System32\USER32.dll
0x00007ffb11620000 - 0x00007ffb11641000 	C:\WINDOWS\System32\win32u.dll
0x00007ffb132d0000 - 0x00007ffb132f6000 	C:\WINDOWS\System32\GDI32.dll
0x00007ffb10750000 - 0x00007ffb108e6000 	C:\WINDOWS\System32\gdi32full.dll
0x00007ffb10990000 - 0x00007ffb10a2e000 	C:\WINDOWS\System32\msvcp_win.dll
0x00007ffb10520000 - 0x00007ffb1061a000 	C:\WINDOWS\System32\ucrtbase.dll
0x00007ffaf9650000 - 0x00007ffaf98d4000 	C:\WINDOWS\WinSxS\amd64_microsoft.windows.common-controls_6595b64144ccf1df_6.0.18362.1016_none_9e7a36bbe461dae4\COMCTL32.dll
0x00007ffb11650000 - 0x00007ffb11985000 	C:\WINDOWS\System32\combase.dll
0x00007ffb10620000 - 0x00007ffb106a0000 	C:\WINDOWS\System32\bcryptPrimitives.dll
0x00007ffb13130000 - 0x00007ffb1315e000 	C:\WINDOWS\System32\IMM32.DLL
0x00000000543c0000 - 0x0000000054492000 	C:\Users\Kelvin\Twitch\Minecraft\Install\runtime\jre-x64\bin\msvcr100.dll
0x0000000053b30000 - 0x00000000543b3000 	C:\Users\Kelvin\Twitch\Minecraft\Install\runtime\jre-x64\bin\server\jvm.dll
0x00007ffb12120000 - 0x00007ffb12128000 	C:\WINDOWS\System32\PSAPI.DLL
0x00007ffb0cda0000 - 0x00007ffb0cda9000 	C:\WINDOWS\SYSTEM32\WSOCK32.dll
0x00007ffb0ccc0000 - 0x00007ffb0cce4000 	C:\WINDOWS\SYSTEM32\WINMM.dll
0x00007ffb09710000 - 0x00007ffb0971a000 	C:\WINDOWS\SYSTEM32\VERSION.dll
0x00007ffb124a0000 - 0x00007ffb1250f000 	C:\WINDOWS\System32\WS2_32.dll
0x00007ffb0cc90000 - 0x00007ffb0ccbd000 	C:\WINDOWS\SYSTEM32\winmmbase.dll
0x00007ffb10910000 - 0x00007ffb1095a000 	C:\WINDOWS\System32\cfgmgr32.dll
0x0000000053b20000 - 0x0000000053b2f000 	C:\Users\Kelvin\Twitch\Minecraft\Install\runtime\jre-x64\bin\verify.dll
0x0000000053af0000 - 0x0000000053b19000 	C:\Users\Kelvin\Twitch\Minecraft\Install\runtime\jre-x64\bin\java.dll
0x0000000053ad0000 - 0x0000000053ae6000 	C:\Users\Kelvin\Twitch\Minecraft\Install\runtime\jre-x64\bin\zip.dll
0x00007ffb127c0000 - 0x00007ffb12ea7000 	C:\WINDOWS\System32\SHELL32.dll
0x00007ffb12ed0000 - 0x00007ffb12f79000 	C:\WINDOWS\System32\shcore.dll
0x00007ffb10a30000 - 0x00007ffb111b2000 	C:\WINDOWS\System32\windows.storage.dll
0x00007ffb10480000 - 0x00007ffb104a3000 	C:\WINDOWS\System32\profapi.dll
0x00007ffb104b0000 - 0x00007ffb104fa000 	C:\WINDOWS\System32\powrprof.dll
0x00007ffb10450000 - 0x00007ffb10460000 	C:\WINDOWS\System32\UMPDC.dll
0x00007ffb134f0000 - 0x00007ffb13542000 	C:\WINDOWS\System32\shlwapi.dll
0x00007ffb10500000 - 0x00007ffb10511000 	C:\WINDOWS\System32\kernel.appcore.dll
0x00007ffb108f0000 - 0x00007ffb10907000 	C:\WINDOWS\System32\cryptsp.dll
0x0000000053ac0000 - 0x0000000053acd000 	C:\Users\Kelvin\Twitch\Minecraft\Install\runtime\jre-x64\bin\management.dll
0x0000000053aa0000 - 0x0000000053aba000 	C:\Users\Kelvin\Twitch\Minecraft\Install\runtime\jre-x64\bin\net.dll
0x00007ffb0fcb0000 - 0x00007ffb0fd17000 	C:\WINDOWS\system32\mswsock.dll
0x00007ffaf3220000 - 0x00007ffaf3236000 	C:\WINDOWS\system32\napinsp.dll
0x00007ffaf27e0000 - 0x00007ffaf27fa000 	C:\WINDOWS\system32\pnrpnsp.dll
0x00007ffb0fa00000 - 0x00007ffb0facb000 	C:\WINDOWS\SYSTEM32\DNSAPI.dll
0x00007ffb13550000 - 0x00007ffb13558000 	C:\WINDOWS\System32\NSI.dll
0x00007ffb0f9c0000 - 0x00007ffb0f9fa000 	C:\WINDOWS\SYSTEM32\IPHLPAPI.DLL
0x00007ffb075b0000 - 0x00007ffb075be000 	C:\WINDOWS\System32\winrnr.dll
0x00007ffb0ccf0000 - 0x00007ffb0cd0c000 	C:\WINDOWS\system32\NLAapi.dll
0x00007ffae90d0000 - 0x00007ffae90e5000 	C:\WINDOWS\system32\wshbth.dll
0x00007ffb01800000 - 0x00007ffb0180a000 	C:\Windows\System32\rasadhlp.dll
0x00007ffb084d0000 - 0x00007ffb08547000 	C:\WINDOWS\System32\fwpuclnt.dll
0x00007ffb10960000 - 0x00007ffb10986000 	C:\WINDOWS\System32\bcrypt.dll
0x0000000053a80000 - 0x0000000053a91000 	C:\Users\Kelvin\Twitch\Minecraft\Install\runtime\jre-x64\bin\nio.dll
0x0000000053a50000 - 0x0000000053a74000 	C:\Users\Kelvin\Twitch\Minecraft\Install\runtime\jre-x64\bin\sunec.dll
0x00007ffb0f820000 - 0x00007ffb0f853000 	C:\WINDOWS\system32\rsaenh.dll
0x00007ffb10370000 - 0x00007ffb10395000 	C:\WINDOWS\SYSTEM32\USERENV.dll
0x00007ffb0fe80000 - 0x00007ffb0fe8c000 	C:\WINDOWS\SYSTEM32\CRYPTBASE.dll
0x00007ffb08b00000 - 0x00007ffb08b16000 	C:\WINDOWS\SYSTEM32\dhcpcsvc6.DLL
0x00007ffb09100000 - 0x00007ffb0911c000 	C:\WINDOWS\SYSTEM32\dhcpcsvc.DLL
0x00007ffaec080000 - 0x00007ffaec0f2000 	C:\Users\Kelvin\AppData\Local\Temp\lwjglKelvin\3.2.2-build-10\lwjgl.dll
0x00007ffb06290000 - 0x00007ffb062ee000 	C:\Users\Kelvin\AppData\Local\Temp\lwjglKelvin\3.2.2-build-10\glfw.dll
0x00007ffae0f40000 - 0x00007ffae1191000 	C:\Users\Kelvin\AppData\Local\Temp\lwjglKelvin\3.2.2-build-10\jemalloc.dll
0x00007ffb0e440000 - 0x00007ffb0e4d9000 	C:\WINDOWS\system32\uxtheme.dll
0x00007ffb10250000 - 0x00007ffb1027a000 	C:\WINDOWS\SYSTEM32\DEVOBJ.dll
0x00007ffb0e5b0000 - 0x00007ffb0e5dd000 	C:\WINDOWS\SYSTEM32\dwmapi.dll
0x00007ffb06e70000 - 0x00007ffb06f8b000 	C:\WINDOWS\SYSTEM32\inputhost.dll
0x00007ffb0e0f0000 - 0x00007ffb0e1c4000 	C:\WINDOWS\SYSTEM32\CoreMessaging.dll
0x00007ffb0bb50000 - 0x00007ffb0be7a000 	C:\WINDOWS\SYSTEM32\CoreUIComponents.dll
0x00007ffb0c660000 - 0x00007ffb0c750000 	C:\WINDOWS\SYSTEM32\PROPSYS.dll
0x00007ffb11990000 - 0x00007ffb11a55000 	C:\WINDOWS\System32\OLEAUT32.dll
0x00007ffb0bf80000 - 0x00007ffb0c0d3000 	C:\WINDOWS\SYSTEM32\wintypes.dll
0x00007ffb0f4a0000 - 0x00007ffb0f4d1000 	C:\WINDOWS\SYSTEM32\ntmarta.dll
0x00007ffb12570000 - 0x00007ffb126a5000 	C:\WINDOWS\System32\MSCTF.dll
0x00007ffb11cb0000 - 0x00007ffb12120000 	C:\WINDOWS\System32\SETUPAPI.DLL
0x00007ffb11470000 - 0x00007ffb114cc000 	C:\WINDOWS\System32\WINTRUST.dll
0x00007ffb10460000 - 0x00007ffb10472000 	C:\WINDOWS\System32\MSASN1.dll
0x00007ffb114d0000 - 0x00007ffb11619000 	C:\WINDOWS\System32\CRYPT32.dll
0x00007ffade6d0000 - 0x00007ffade826000 	C:\WINDOWS\SYSTEM32\opengl32.dll
0x00007ffb024d0000 - 0x00007ffb024fc000 	C:\WINDOWS\SYSTEM32\GLU32.dll
0x00007ffb0f0b0000 - 0x00007ffb0f0d0000 	C:\WINDOWS\SYSTEM32\dxcore.dll
0x00007ffad3e50000 - 0x00007ffad6695000 	C:\WINDOWS\System32\DriverStore\FileRepository\nv_dispi.inf_amd64_e92a0ac2e05fb2ca\nvoglv64.dll
0x00007ffb13160000 - 0x00007ffb132b7000 	C:\WINDOWS\System32\ole32.dll
0x00007ffb0ca20000 - 0x00007ffb0ca33000 	C:\WINDOWS\SYSTEM32\WTSAPI32.dll
0x00007ffae02b0000 - 0x00007ffae055e000 	C:\WINDOWS\system32\nvspcap64.dll
0x00007ffb0f510000 - 0x00007ffb0f566000 	C:\WINDOWS\SYSTEM32\WINSTA.dll
0x00007ffaffc30000 - 0x00007ffaffc88000 	C:\Users\Kelvin\AppData\Local\Temp\lwjglKelvin\3.2.2-build-10\lwjgl_opengl.dll
0x00007ffaebcd0000 - 0x00007ffaebd4f000 	C:\Users\Kelvin\AppData\Local\Temp\lwjglKelvin\3.2.2-build-10\lwjgl_stb.dll
0x00007ffb0a9b0000 - 0x00007ffb0aa5e000 	C:\WINDOWS\SYSTEM32\mscms.dll
0x00007ffb0a990000 - 0x00007ffb0a9a7000 	C:\WINDOWS\SYSTEM32\ColorAdapterClient.dll
0x00007ffb0ced0000 - 0x00007ffb0cf13000 	C:\WINDOWS\SYSTEM32\icm32.dll
0x00007ffaef050000 - 0x00007ffaef092000 	C:\Users\Kelvin\AppData\Local\Temp\jna--2051171159\jna1988935749182059256.dll
0x00007ffb06d70000 - 0x00007ffb06d8a000 	C:\Users\Kelvin\Twitch\Minecraft\Install\bin\eb72-e0b1-f5df-a068\SAPIWrapper_x64.dll
0x00007ffb11c00000 - 0x00007ffb11ca2000 	C:\WINDOWS\System32\clbcatq.dll
0x00007ffb085a0000 - 0x00007ffb08612000 	C:\WINDOWS\System32\MMDevApi.dll
0x00007ffae09b0000 - 0x00007ffae0ac4000 	C:\Users\Kelvin\AppData\Local\Temp\lwjglKelvin\3.2.2-build-10\OpenAL.dll
0x00007ffaeb130000 - 0x00007ffaeb28d000 	C:\WINDOWS\SYSTEM32\AUDIOSES.DLL
0x00007ffb0e900000 - 0x00007ffb0e914000 	C:\WINDOWS\SYSTEM32\resourcepolicyclient.dll
0x000000005adf0000 - 0x000000005af88000 	C:\Users\Kelvin\Twitch\Minecraft\Install\runtime\jre-x64\bin\awt.dll
0x00007ffb0e300000 - 0x00007ffb0e38f000 	C:\WINDOWS\SYSTEM32\apphelp.dll
0x00007ffb06f90000 - 0x00007ffb0702e000 	C:\WINDOWS\System32\TextInputFramework.dll
0x00007ffb05a90000 - 0x00007ffb05d36000 	C:\WINDOWS\System32\iertutil.dll
0x00007ffb0ee30000 - 0x00007ffb0f024000 	C:\WINDOWS\SYSTEM32\dbghelp.dll

VM Arguments:
jvm_args: -XX:HeapDumpPath=MojangTricksIntelDriversForPerformance_javaw.exe_minecraft.exe.heapdump -Dos.name=Windows 10 -Dos.version=10.0 -Xss1M -Djava.library.path=C:\Users\Kelvin\Twitch\Minecraft\Install\bin\eb72-e0b1-f5df-a068 -Dminecraft.launcher.brand=minecraft-launcher -Dminecraft.launcher.version=2.1.17416 -Xmx4096m -Xms256m -XX:PermSize=256m -Dminecraft.applet.TargetDirectory=C:\Users\Kelvin\Twitch\Minecraft\Instances\Craft to Exile [Harmony] -Dfml.ignorePatchDiscrepancies=true -Dfml.ignoreInvalidMinecraftCertificates=true -Duser.language=en -Duser.country=US -Dlog4j.configurationFile=C:\Users\Kelvin\Twitch\Minecraft\Install\assets\log_configs\client-1.12.xml 
java_command: cpw.mods.modlauncher.Launcher --username Mahjerion --version forge-33.0.22 --gameDir C:\Users\Kelvin\Twitch\Minecraft\Instances\Craft to Exile [Harmony] --assetsDir C:\Users\Kelvin\Twitch\Minecraft\Install\assets --assetIndex 1.16 --uuid 078e6d6a263646289d0d28d4dd831d5f --accessToken eyJhbGciOiJIUzI1NiJ9.eyJzdWIiOiJlMTdjMzAwM2Q5MDk4YjAzMThiYzljN2VlODFlOTFhNCIsInlnZ3QiOiI5ZmE1ZWZkNGIyYzE0NzU1YjQ2MDllMWM3ZTU4N2Q2NSIsInNwciI6IjA3OGU2ZDZhMjYzNjQ2Mjg5ZDBkMjhkNGRkODMxZDVmIiwiaXNzIjoiWWdnZHJhc2lsLUF1dGgiLCJleHAiOjE1OTk4NDE1NjIsImlhdCI6MTU5OTY2ODc2Mn0.wNTZxKBbpTx_TQcwJdB3QI8c3UW0gt6Y6W0jwMGYM_A --userType mojang --versionType release --width 1024 --height 768 --launchTarget fmlclient --fml.forgeVersion 33.0.22 --fml.mcVersion 1.16.2 --fml.forgeGroup net.minecraftforge --fml.mcpVersion 20200812.004259
java_class_path (initial): C:\Users\Kelvin\Twitch\Minecraft\Install\libraries\net\minecraftforge\forge\1.16.2-33.0.22\forge-1.16.2-33.0.22.jar;C:\Users\Kelvin\Twitch\Minecraft\Install\libraries\org\ow2\asm\asm\7.2\asm-7.2.jar;C:\Users\Kelvin\Twitch\Minecraft\Install\libraries\org\ow2\asm\asm-commons\7.2\asm-commons-7.2.jar;C:\Users\Kelvin\Twitch\Minecraft\Install\libraries\org\ow2\asm\asm-tree\7.2\asm-tree-7.2.jar;C:\Users\Kelvin\Twitch\Minecraft\Install\libraries\org\ow2\asm\asm-util\7.2\asm-util-7.2.jar;C:\Users\Kelvin\Twitch\Minecraft\Install\libraries\org\ow2\asm\asm-analysis\7.2\asm-analysis-7.2.jar;C:\Users\Kelvin\Twitch\Minecraft\Install\libraries\cpw\mods\modlauncher\6.1.1\modlauncher-6.1.1.jar;C:\Users\Kelvin\Twitch\Minecraft\Install\libraries\cpw\mods\grossjava9hacks\1.3.0\grossjava9hacks-1.3.0.jar;C:\Users\Kelvin\Twitch\Minecraft\Install\libraries\net\minecraftforge\accesstransformers\2.2.0-shadowed\accesstransformers-2.2.0-shadowed.jar;C:\Users\Kelvin\Twitch\Minecraft\Install\libraries\net\minecraftforge\eventbus\3.0.3-service\eventbus-3.0.3-service.jar;C:\Users\Kelvin\Twitch\Minecraft\Install\libraries\net\minecraftforge\forgespi\3.1.1\forgespi-3.1.1.jar;C:\Users\Kelvin\Twitch\Minecraft\Install\libraries\net\minecraftforge\coremods\3.0.0\coremods-3.0.0.jar;C:\Users\Kelvin\Twitch\Minecraft\Install\libraries\net\minecraftforge\unsafe\0.2.0\unsafe-0.2.0.jar;C:\Users\Kelvin\Twitch\Minecraft\Install\libraries\com\electronwill\night-config\core\3.6.2\core-3.6.2.jar;C:\Users\Kelvin\Twitch\Minecraft\Install\libraries\com\electronwill\night-config\toml\3.6.2\toml-3.6.2.jar;C:\Users\Kelvin\Twitch\Minecraft\Install\libraries\org\jline\jline\3.12.1\jline-3.12.1.jar;C:\Users\Kelvin\Twitch\Minecraft\Install\libraries\org\apache\maven\maven-artifact\3.6.0\maven-artifact-3.6.0.jar;C:\Users\Kelvin\Twitch\Minecraft\Install\libraries\net\jodah\typetools\0.8.1\typetools-0.8.1.jar;C:\Users\Kelvin\Twitch\Minecraft\Install\libraries\org\apache\logging\log4j\log4j-api\2.11.2
Launcher Type: SUN_STANDARD

Environment Variables:
PATH=C:\Program Files\AdoptOpenJDK\jdk-11.0.8.10-hotspot\bin;C:\Program Files (x86)\Common Files\Oracle\Java\javapath;C:\Windows\system32;C:\Windows;C:\Windows\System32\Wbem;C:\Windows\System32\WindowsPowerShell\v1.0\;C:\Windows\System32\OpenSSH\;C:\Program Files (x86)\NVIDIA Corporation\PhysX\Common;C:\Program Files\NVIDIA Corporation\NVIDIA NvDLISR;C:\WINDOWS\system32;C:\WINDOWS;C:\WINDOWS\System32\Wbem;C:\WINDOWS\System32\WindowsPowerShell\v1.0\;C:\WINDOWS\System32\OpenSSH\;C:\Program Files\AdoptOpenJDK\jdk-11.0.8.10-hotspot\\bin;C:\Users\Kelvin\AppData\Local\Programs\Python\Python38-32\Scripts;C:\Users\Kelvin\AppData\Local\Microsoft\WindowsApps;C:\Users\Kelvin\AppData\Local\GitHubDesktop\bin;C:\Program Files\JetBrains\PyCharm Community Edition 2020.2.1\bin;;C:\Program Files\JetBrains\IntelliJ IDEA Community Edition 2020.2.1\bin;
USERNAME=Kelvin
OS=Windows_NT
PROCESSOR_IDENTIFIER=AMD64 Family 23 Model 8 Stepping 2, AuthenticAMD



---------------  S Y S T E M  ---------------

OS: Windows 10.0 , 64 bit Build 18362 (10.0.18362.959)

CPU:total 12 (12 cores per cpu, 1 threads per core) family 23 model 8 stepping 2, cmov, cx8, fxsr, mmx, sse, sse2, sse3, ssse3, sse4.1, sse4.2, popcnt, avx, avx2, aes, clmul, mmxext, 3dnowpref, lzcnt, sse4a, tsc, tscinvbit, tscinv, bmi1

Memory: 4k page, physical 33501216k(24022032k free), swap 35598368k(23184616k free)

vm_info: Java HotSpot(TM) 64-Bit Server VM (25.51-b03) for windows-amd64 JRE (1.8.0_51-b16), built on Jun  8 2015 18:03:07 by "java_re" with MS VC++ 10.0 (VS2010)

time: Wed Sep 09 15:27:04 2020
elapsed time: 1512 seconds (0d 0h 25m 12s)

