#
# A fatal error has been detected by the Java Runtime Environment:
#
#  EXCEPTION_ACCESS_VIOLATION (0xc0000005) at pc=0x0000027004f40000, pid=16100, tid=0x00000000000012e8
#
# JRE version: OpenJDK Runtime Environment (8.0_242-b08) (build 1.8.0_242-b08)
# Java VM: OpenJDK 64-Bit Server VM (25.242-b08 mixed mode windows-amd64 compressed oops)
# Problematic frame:
# C  0x0000027004f40000
#
# Failed to write core dump. Minidumps are not enabled by default on client versions of Windows
#
# If you would like to submit a bug report, please visit:
#   
# The crash happened outside the Java Virtual Machine in native code.
# See problematic frame for where to report the bug.
#

---------------  T H R E A D  ---------------

Current thread (0x00000270070d5000):  JavaThread "CraftPresence" [_thread_in_native, id=4840, stack(0x000000a147c00000,0x000000a147d00000)]

siginfo: ExceptionCode=0xc0000005, ExceptionInformation=0x0000000000000008 0x0000027004f40000

Registers:
RAX=0x0000027004f40000, RBX=0x0000000000010001, RCX=0x0000000000010001, RDX=0x000000a147cfe760
RSP=0x000000a147cfe728, RBP=0x000000a147cfe830, RSI=0x00000006e3a76aa0, RDI=0x0000000000000009
R8 =0x000002707f4ea7a0, R9 =0x00007ffd6fe437b0, R10=0x00007ffd6fea1a10, R11=0x000000a147cfeb98
R12=0x0000000000000000, R13=0x000000a147cfed00, R14=0x000000a147cfed58, R15=0x00000270070d5000
RIP=0x0000027004f40000, EFLAGS=0x0000000000010206

Top of Stack: (sp=0x000000a147cfe728)
0x000000a147cfe728:   00007ffd6fe41f7c 00000006e329dde0
0x000000a147cfe738:   ef2dd1340000023e 000000a147cfea98
0x000000a147cfe748:   000002706375aed6 0000000000000024
0x000000a147cfe758:   0000027065c286b1 57464c4720656854
0x000000a147cfe768:   7972617262696c20 20746f6e20736920
0x000000a147cfe778:   696c616974696e69 000000070064657a
0x000000a147cfe788:   0000002400000000 00000270d800030d
0x000000a147cfe798:   ef2dd1340000023e 00000007796e89e8
0x000000a147cfe7a8:   0000023ee44bd7e8 00000006d21450d8
0x000000a147cfe7b8:   ef2dd1340000023e 00000007796e89a0
0x000000a147cfe7c8:   00000270ef2dd134 00000007796e89e8
0x000000a147cfe7d8:   00000006c0e198fc 0000000000000061
0x000000a147cfe7e8:   0000027065a4e010 00000000ef2dd210
0x000000a147cfe7f8:   00000270636f4c2b 00000000ef2dd210
0x000000a147cfe808:   0000027065765537 00000006c0827ee8
0x000000a147cfe818:   00000006c0d8beb8 00000007796e89e8 

Instructions: (pc=0x0000027004f40000)
0x0000027004f3ffe0:   
[error occurred during error reporting (printing registers, top of stack, instructions near pc), id 0xc0000005]

Register to memory mapping:

RAX=0x0000027004f40000 is an unknown value
RBX=0x0000000000010001 is an unknown value
RCX=0x0000000000010001 is an unknown value
RDX=0x000000a147cfe760 is pointing into the stack for thread: 0x00000270070d5000
RSP=0x000000a147cfe728 is pointing into the stack for thread: 0x00000270070d5000
RBP=0x000000a147cfe830 is pointing into the stack for thread: 0x00000270070d5000
RSI=0x00000006e3a76aa0 is an oop
[Ljava.lang.Object; 
 - klass: 'java/lang/Object'[]
 - length: 7
RDI=0x0000000000000009 is an unknown value
R8 =0x000002707f4ea7a0 is an unknown value
R9 =0x00007ffd6fe437b0 is an unknown value
R10=0x00007ffd6fea1a10 is an unknown value
R11=0x000000a147cfeb98 is pointing into the stack for thread: 0x00000270070d5000
R12=0x0000000000000000 is an unknown value
R13=0x000000a147cfed00 is pointing into the stack for thread: 0x00000270070d5000
R14=0x000000a147cfed58 is pointing into the stack for thread: 0x00000270070d5000
R15=0x00000270070d5000 is a thread


Stack: [0x000000a147c00000,0x000000a147d00000],  sp=0x000000a147cfe728,  free space=1017k
Native frames: (J=compiled Java code, j=interpreted, Vv=VM code, C=native code)
C  0x0000027004f40000

Java frames: (J=compiled Java code, j=interpreted, Vv=VM code)
J 17487  org.lwjgl.system.JNI.invokePI(JIJ)I (0 bytes) @ 0x0000027064da4c1d [0x0000027064da4b60+0xbd]
J 37337 C2 com.gitlab.cdagaming.craftpresence.utils.KeyUtils.onTick()V (150 bytes) @ 0x00000270658a8bb4 [0x00000270658a8380+0x834]
J 36819 C1 com.gitlab.cdagaming.craftpresence.utils.CommandUtils.reloadData(Z)V (155 bytes) @ 0x0000027066f90714 [0x0000027066f90640+0xd4]
j  com.gitlab.cdagaming.craftpresence.CraftPresence.clientTick()V+32
J 35112 C2 com.gitlab.cdagaming.craftpresence.CraftPresence$1.run()V (8 bytes) @ 0x00000270665d9ee0 [0x00000270665d9ea0+0x40]
j  java.util.TimerThread.mainLoop()V+221
j  java.util.TimerThread.run()V+1
v  ~StubRoutines::call_stub

---------------  P R O C E S S  ---------------

Java Threads: ( => current thread )
  0x00000270193d2800 JavaThread "Sound engine" daemon [_thread_blocked, id=11772, stack(0x000000a144c00000,0x000000a144d00000)]
  0x00000270193db000 JavaThread "Netty Client IO #2" daemon [_thread_in_native, id=4284, stack(0x000000a146a00000,0x000000a146b00000)]
  0x00000270193d3800 JavaThread "Keep-Alive-Timer" daemon [_thread_blocked, id=10092, stack(0x000000a146900000,0x000000a146a00000)]
  0x00000270193cf000 JavaThread "Server Pinger #1" daemon [_thread_blocked, id=18664, stack(0x000000a146700000,0x000000a146800000)]
  0x00000270193d5000 JavaThread "ForkJoinPool.commonPool-worker-13" daemon [_thread_blocked, id=11648, stack(0x000000a146600000,0x000000a146700000)]
  0x00000270193cc800 JavaThread "LanServerDetector #2" daemon [_thread_in_native, id=14756, stack(0x000000a144e00000,0x000000a144f00000)]
  0x00000270193d6800 JavaThread "Java2D Disposer" daemon [_thread_blocked, id=13352, stack(0x000000a149100000,0x000000a149200000)]
  0x00000270193d0800 JavaThread "REI-SyncRecipes" [_thread_blocked, id=15288, stack(0x000000a14a700000,0x000000a14a800000)]
  0x000002700097f000 JavaThread "Netty Client IO #1" daemon [_thread_in_native, id=15912, stack(0x000000a149a00000,0x000000a149b00000)]
  0x0000027000983800 JavaThread "Netty Client IO #0" daemon [_thread_in_native, id=17264, stack(0x000000a149800000,0x000000a149900000)]
  0x000002700097e800 JavaThread "ObjectCleanerThread" daemon [_thread_blocked, id=18592, stack(0x000000a148a00000,0x000000a148b00000)]
  0x000002700097c000 JavaThread "Thread-230" daemon [_thread_in_native, id=8748, stack(0x000000a147d00000,0x000000a147e00000)]
  0x0000027000980800 JavaThread "Server Pinger #0" daemon [_thread_blocked, id=16772, stack(0x000000a146b00000,0x000000a146c00000)]
  0x00000270043bf000 JavaThread "Thread-226" [_thread_blocked, id=9896, stack(0x000000a148200000,0x000000a148300000)]
  0x00000270043bb800 JavaThread "IPCClient-Reader" [_thread_blocked, id=8456, stack(0x000000a148100000,0x000000a148200000)]
  0x00000270070c7800 JavaThread "Abandoned connection cleanup thread" daemon [_thread_blocked, id=12892, stack(0x000000a147e00000,0x000000a147f00000)]
=>0x00000270070d5000 JavaThread "CraftPresence" [_thread_in_native, id=4840, stack(0x000000a147c00000,0x000000a147d00000)]
  0x00000270070d4800 JavaThread "Essentials Database Thread" [_thread_blocked, id=1280, stack(0x000000a147b00000,0x000000a147c00000)]
  0x00000270070d3800 JavaThread "Thread-223" daemon [_thread_in_native, id=18716, stack(0x000000a147a00000,0x000000a147b00000)]
  0x00000270070d3000 JavaThread "Thread-222" daemon [_thread_in_native, id=8376, stack(0x000000a147900000,0x000000a147a00000)]
  0x00000270070d2000 JavaThread "Thread-221" daemon [_thread_in_native, id=16524, stack(0x000000a147800000,0x000000a147900000)]
  0x00000270070ca800 JavaThread "Thread-220" daemon [_thread_in_native, id=1900, stack(0x000000a147700000,0x000000a147800000)]
  0x00000270070d1800 JavaThread "Thread-219" daemon [_thread_in_native, id=16776, stack(0x000000a147600000,0x000000a147700000)]
  0x00000270070d0800 JavaThread "Thread-218" daemon [_thread_in_native, id=5972, stack(0x000000a147500000,0x000000a147600000)]
  0x00000270070d0000 JavaThread "Thread-217" daemon [_thread_in_native, id=10156, stack(0x000000a147400000,0x000000a147500000)]
  0x00000270070ca000 JavaThread "Thread-216" daemon [_thread_in_native, id=17784, stack(0x000000a147300000,0x000000a147400000)]
  0x00000270070c8800 JavaThread "Thread-215" daemon [_thread_in_native, id=17688, stack(0x000000a147200000,0x000000a147300000)]
  0x00000270070cf000 JavaThread "Thread-214" daemon [_thread_in_native, id=8060, stack(0x000000a147100000,0x000000a147200000)]
  0x00000270070cd000 JavaThread "Thread-213" daemon [_thread_in_native, id=15084, stack(0x000000a147000000,0x000000a147100000)]
  0x00000270070ce800 JavaThread "Thread-212" daemon [_thread_in_native, id=9040, stack(0x000000a146f00000,0x000000a147000000)]
  0x00000270070c7000 JavaThread "Thread-211" daemon [_thread_in_native, id=11216, stack(0x000000a146e00000,0x000000a146f00000)]
  0x00000270070cd800 JavaThread "Snooper Timer" daemon [_thread_blocked, id=19116, stack(0x000000a146d00000,0x000000a146e00000)]
  0x00000270070c6000 JavaThread "Timer hack thread" daemon [_thread_blocked, id=18100, stack(0x000000a146c00000,0x000000a146d00000)]
  0x000002707db9b000 JavaThread "Service Thread" daemon [_thread_blocked, id=4916, stack(0x000000a146300000,0x000000a146400000)]
  0x000002707b731000 JavaThread "C1 CompilerThread3" daemon [_thread_blocked, id=11636, stack(0x000000a146200000,0x000000a146300000)]
  0x000002707b72e000 JavaThread "C2 CompilerThread2" daemon [_thread_blocked, id=6740, stack(0x000000a146100000,0x000000a146200000)]
  0x000002707b722800 JavaThread "C2 CompilerThread1" daemon [_thread_blocked, id=14616, stack(0x000000a146000000,0x000000a146100000)]
  0x000002707b71d000 JavaThread "C2 CompilerThread0" daemon [_thread_blocked, id=1772, stack(0x000000a145f00000,0x000000a146000000)]
  0x000002707b71c000 JavaThread "Attach Listener" daemon [_thread_blocked, id=13144, stack(0x000000a145e00000,0x000000a145f00000)]
  0x000002707b71b000 JavaThread "Signal Dispatcher" daemon [_thread_blocked, id=4020, stack(0x000000a145d00000,0x000000a145e00000)]
  0x000002707b6f1800 JavaThread "Finalizer" daemon [_thread_blocked, id=10792, stack(0x000000a145c00000,0x000000a145d00000)]
  0x000002707b6e6800 JavaThread "Reference Handler" daemon [_thread_blocked, id=18760, stack(0x000000a145b00000,0x000000a145c00000)]
  0x0000027060827800 JavaThread "Render thread" [_thread_in_native, id=12388, stack(0x000000a144f00000,0x000000a145000000)]

Other Threads:
  0x000002707b6b9800 VMThread [stack: 0x000000a145a00000,0x000000a145b00000] [id=800]
  0x000002707dc19800 WatcherThread [stack: 0x000000a146400000,0x000000a146500000] [id=18248]

VM state:not at safepoint (normal execution)

VM Mutex/Monitor currently owned by a thread: None

heap address: 0x00000006c0000000, size: 4096 MB, Compressed Oops mode: Zero based, Oop shift amount: 3
Narrow klass base: 0x0000000000000000, Narrow klass shift: 3
Compressed class space size: 1073741824 Address: 0x00000007c0000000

Heap:
 PSYoungGen      total 1248256K, used 397565K [0x000000076ab00000, 0x00000007bfc80000, 0x00000007c0000000)
  eden space 1106432K, 27% used [0x000000076ab00000,0x000000077d00f5a8,0x00000007ae380000)
  from space 141824K, 68% used [0x00000007b7000000,0x00000007bcf2fee8,0x00000007bfa80000)
  to   space 143872K, 0% used [0x00000007ae380000,0x00000007ae380000,0x00000007b7000000)
 ParOldGen       total 919552K, used 716422K [0x00000006c0000000, 0x00000006f8200000, 0x000000076ab00000)
  object space 919552K, 77% used [0x00000006c0000000,0x00000006ebba1bb8,0x00000006f8200000)
 Metaspace       used 151996K, capacity 175440K, committed 175680K, reserved 1198080K
  class space    used 21209K, capacity 27916K, committed 28032K, reserved 1048576K

Card table byte_map: [0x00000270716d0000,0x0000027071ee0000] byte_map_base: 0x000002706e0d0000

Marking Bits: (ParMarkBitMap*) 0x0000000070738030
 Begin Bits: [0x0000027072440000, 0x0000027076440000)
 End Bits:   [0x0000027076440000, 0x000002707a440000)

Polling page: 0x00000270607c0000

CodeCache: size=245760Kb used=87236Kb max_used=90214Kb free=158523Kb
 bounds [0x0000027062310000, 0x0000027067bb0000, 0x0000027071310000]
 total_blobs=26958 nmethods=24860 adapters=2008
 compilation: enabled

Compilation events (10 events):
Event: 633.690 Thread 0x000002707b731000 nmethod 37554 0x0000027065aba310 code [0x0000027065aba760, 0x0000027065abd180]
Event: 633.691 Thread 0x000002707b71d000 nmethod 37556 0x0000027065ab9f90 code [0x0000027065aba0e0, 0x0000027065aba1d8]
Event: 633.692 Thread 0x000002707b731000 37555       3       net.minecraft.class_1058::close (51 bytes)
Event: 633.692 Thread 0x000002707b731000 nmethod 37555 0x0000027066ba3c10 code [0x0000027066ba3da0, 0x0000027066ba41c0]
Event: 633.693 Thread 0x000002707b731000 37557       3       net.minecraft.class_391$$Lambda$6712/447530761::accept (8 bytes)
Event: 633.693 Thread 0x000002707b731000 nmethod 37557 0x00000270657b4ad0 code [0x00000270657b4c40, 0x00000270657b4f50]
Event: 633.729 Thread 0x000002707b731000 37558       3       net.minecraft.class_4493::method_22079 (53 bytes)
Event: 633.730 Thread 0x000002707b731000 nmethod 37558 0x00000270662d19d0 code [0x00000270662d1be0, 0x00000270662d25e0]
Event: 633.732 Thread 0x000002707b731000 37559   !   3       net.fabricmc.fabric.impl.resource.loader.ModNioResourcePack::close (30 bytes)
Event: 633.732 Thread 0x000002707b731000 nmethod 37559 0x0000027064211010 code [0x00000270642111a0, 0x00000270642114e0]

GC Heap History (10 events):
Event: 426.123 GC heap before
{Heap before GC invocations=97 (full 5):
 PSYoungGen      total 1227264K, used 1126209K [0x000000076ab00000, 0x00000007bfa80000, 0x00000007c0000000)
  eden space 1069056K, 100% used [0x000000076ab00000,0x00000007abf00000,0x00000007abf00000)
  from space 158208K, 36% used [0x00000007abf00000,0x00000007af6d0668,0x00000007b5980000)
  to   space 154112K, 0% used [0x00000007b6400000,0x00000007b6400000,0x00000007bfa80000)
 ParOldGen       total 919552K, used 716016K [0x00000006c0000000, 0x00000006f8200000, 0x000000076ab00000)
  object space 919552K, 77% used [0x00000006c0000000,0x00000006ebb3c0d8,0x00000006f8200000)
 Metaspace       used 150970K, capacity 174222K, committed 174400K, reserved 1196032K
  class space    used 21092K, capacity 27755K, committed 27776K, reserved 1048576K
Event: 426.137 GC heap after
Heap after GC invocations=97 (full 5):
 PSYoungGen      total 1231872K, used 57620K [0x000000076ab00000, 0x00000007bf300000, 0x00000007c0000000)
  eden space 1085440K, 0% used [0x000000076ab00000,0x000000076ab00000,0x00000007acf00000)
  from space 146432K, 39% used [0x00000007b6400000,0x00000007b9c452d0,0x00000007bf300000)
  to   space 149504K, 0% used [0x00000007acf00000,0x00000007acf00000,0x00000007b6100000)
 ParOldGen       total 919552K, used 716104K [0x00000006c0000000, 0x00000006f8200000, 0x000000076ab00000)
  object space 919552K, 77% used [0x00000006c0000000,0x00000006ebb520d8,0x00000006f8200000)
 Metaspace       used 150970K, capacity 174222K, committed 174400K, reserved 1196032K
  class space    used 21092K, capacity 27755K, committed 27776K, reserved 1048576K
}
Event: 484.241 GC heap before
{Heap before GC invocations=98 (full 5):
 PSYoungGen      total 1231872K, used 1143060K [0x000000076ab00000, 0x00000007bf300000, 0x00000007c0000000)
  eden space 1085440K, 100% used [0x000000076ab00000,0x00000007acf00000,0x00000007acf00000)
  from space 146432K, 39% used [0x00000007b6400000,0x00000007b9c452d0,0x00000007bf300000)
  to   space 149504K, 0% used [0x00000007acf00000,0x00000007acf00000,0x00000007b6100000)
 ParOldGen       total 919552K, used 716112K [0x00000006c0000000, 0x00000006f8200000, 0x000000076ab00000)
  object space 919552K, 77% used [0x00000006c0000000,0x00000006ebb541b0,0x00000006f8200000)
 Metaspace       used 151110K, capacity 174338K, committed 174400K, reserved 1196032K
  class space    used 21097K, capacity 27761K, committed 27776K, reserved 1048576K
Event: 484.256 GC heap after
Heap after GC invocations=98 (full 5):
 PSYoungGen      total 1234944K, used 56949K [0x000000076ab00000, 0x00000007bfa00000, 0x00000007c0000000)
  eden space 1085440K, 0% used [0x000000076ab00000,0x000000076ab00000,0x00000007acf00000)
  from space 149504K, 38% used [0x00000007acf00000,0x00000007b069d4f8,0x00000007b6100000)
  to   space 144896K, 0% used [0x00000007b6c80000,0x00000007b6c80000,0x00000007bfa00000)
 ParOldGen       total 919552K, used 716184K [0x00000006c0000000, 0x00000006f8200000, 0x000000076ab00000)
  object space 919552K, 77% used [0x00000006c0000000,0x00000006ebb661b0,0x00000006f8200000)
 Metaspace       used 151110K, capacity 174338K, committed 174400K, reserved 1196032K
  class space    used 21097K, capacity 27761K, committed 27776K, reserved 1048576K
}
Event: 550.359 GC heap before
{Heap before GC invocations=99 (full 5):
 PSYoungGen      total 1234944K, used 1142389K [0x000000076ab00000, 0x00000007bfa00000, 0x00000007c0000000)
  eden space 1085440K, 100% used [0x000000076ab00000,0x00000007acf00000,0x00000007acf00000)
  from space 149504K, 38% used [0x00000007acf00000,0x00000007b069d4f8,0x00000007b6100000)
  to   space 144896K, 0% used [0x00000007b6c80000,0x00000007b6c80000,0x00000007bfa00000)
 ParOldGen       total 919552K, used 716186K [0x00000006c0000000, 0x00000006f8200000, 0x000000076ab00000)
  object space 919552K, 77% used [0x00000006c0000000,0x00000006ebb66ba8,0x00000006f8200000)
 Metaspace       used 151281K, capacity 174586K, committed 174784K, reserved 1196032K
  class space    used 21123K, capacity 27819K, committed 27904K, reserved 1048576K
Event: 550.373 GC heap after
Heap after GC invocations=99 (full 5):
 PSYoungGen      total 1230336K, used 57032K [0x000000076ab00000, 0x00000007bed80000, 0x00000007c0000000)
  eden space 1098240K, 0% used [0x000000076ab00000,0x000000076ab00000,0x00000007adb80000)
  from space 132096K, 43% used [0x00000007b6c80000,0x00000007ba4323c8,0x00000007bed80000)
  to   space 140288K, 0% used [0x00000007adb80000,0x00000007adb80000,0x00000007b6480000)
 ParOldGen       total 919552K, used 716278K [0x00000006c0000000, 0x00000006f8200000, 0x000000076ab00000)
  object space 919552K, 77% used [0x00000006c0000000,0x00000006ebb7dbb8,0x00000006f8200000)
 Metaspace       used 151281K, capacity 174586K, committed 174784K, reserved 1196032K
  class space    used 21123K, capacity 27819K, committed 27904K, reserved 1048576K
}
Event: 595.474 GC heap before
{Heap before GC invocations=100 (full 5):
 PSYoungGen      total 1230336K, used 1155272K [0x000000076ab00000, 0x00000007bed80000, 0x00000007c0000000)
  eden space 1098240K, 100% used [0x000000076ab00000,0x00000007adb80000,0x00000007adb80000)
  from space 132096K, 43% used [0x00000007b6c80000,0x00000007ba4323c8,0x00000007bed80000)
  to   space 140288K, 0% used [0x00000007adb80000,0x00000007adb80000,0x00000007b6480000)
 ParOldGen       total 919552K, used 716278K [0x00000006c0000000, 0x00000006f8200000, 0x000000076ab00000)
  object space 919552K, 77% used [0x00000006c0000000,0x00000006ebb7dbb8,0x00000006f8200000)
 Metaspace       used 151790K, capacity 175214K, committed 175296K, reserved 1196032K
  class space    used 21190K, capacity 27895K, committed 27904K, reserved 1048576K
Event: 595.492 GC heap after
Heap after GC invocations=100 (full 5):
 PSYoungGen      total 1238528K, used 94043K [0x000000076ab00000, 0x00000007bfa80000, 0x00000007c0000000)
  eden space 1098240K, 0% used [0x000000076ab00000,0x000000076ab00000,0x00000007adb80000)
  from space 140288K, 67% used [0x00000007adb80000,0x00000007b3756f88,0x00000007b6480000)
  to   space 141824K, 0% used [0x00000007b7000000,0x00000007b7000000,0x00000007bfa80000)
 ParOldGen       total 919552K, used 716350K [0x00000006c0000000, 0x00000006f8200000, 0x000000076ab00000)
  object space 919552K, 77% used [0x00000006c0000000,0x00000006ebb8fbb8,0x00000006f8200000)
 Metaspace       used 151790K, capacity 175214K, committed 175296K, reserved 1196032K
  class space    used 21190K, capacity 27895K, committed 27904K, reserved 1048576K
}
Event: 624.563 GC heap before
{Heap before GC invocations=101 (full 5):
 PSYoungGen      total 1238528K, used 1192283K [0x000000076ab00000, 0x00000007bfa80000, 0x00000007c0000000)
  eden space 1098240K, 100% used [0x000000076ab00000,0x00000007adb80000,0x00000007adb80000)
  from space 140288K, 67% used [0x00000007adb80000,0x00000007b3756f88,0x00000007b6480000)
  to   space 141824K, 0% used [0x00000007b7000000,0x00000007b7000000,0x00000007bfa80000)
 ParOldGen       total 919552K, used 716350K [0x00000006c0000000, 0x00000006f8200000, 0x000000076ab00000)
  object space 919552K, 77% used [0x00000006c0000000,0x00000006ebb8fbb8,0x00000006f8200000)
 Metaspace       used 151898K, capacity 175332K, committed 175552K, reserved 1198080K
  class space    used 21195K, capacity 27902K, committed 27904K, reserved 1048576K
Event: 624.581 GC heap after
Heap after GC invocations=101 (full 5):
 PSYoungGen      total 1248256K, used 97471K [0x000000076ab00000, 0x00000007bfc80000, 0x00000007c0000000)
  eden space 1106432K, 0% used [0x000000076ab00000,0x000000076ab00000,0x00000007ae380000)
  from space 141824K, 68% used [0x00000007b7000000,0x00000007bcf2fee8,0x00000007bfa80000)
  to   space 143872K, 0% used [0x00000007ae380000,0x00000007ae380000,0x00000007b7000000)
 ParOldGen       total 919552K, used 716422K [0x00000006c0000000, 0x00000006f8200000, 0x000000076ab00000)
  object space 919552K, 77% used [0x00000006c0000000,0x00000006ebba1bb8,0x00000006f8200000)
 Metaspace       used 151898K, capacity 175332K, committed 175552K, reserved 1198080K
  class space    used 21195K, capacity 27902K, committed 27904K, reserved 1048576K
}

Deoptimization events (10 events):
Event: 631.729 Thread 0x00000270193db000 Uncommon trap: reason=class_check action=maybe_recompile pc=0x00000270670fb29c method=io.netty.handler.codec.ByteToMessageDecoder$1.cumulate(Lio/netty/buffer/ByteBufAllocator;Lio/netty/buffer/ByteBuf;Lio/netty/buffer/ByteBuf;)Lio/netty/buffer/ByteBuf; @ 1
Event: 631.729 Thread 0x00000270193db000 Uncommon trap: reason=class_check action=maybe_recompile pc=0x000002706644b914 method=net.minecraft.class_2550.decode(Lio/netty/channel/ChannelHandlerContext;Lio/netty/buffer/ByteBuf;Ljava/util/List;)V @ 1
Event: 631.731 Thread 0x00000270193db000 Uncommon trap: reason=unstable_if action=reinterpret pc=0x0000027067164978 method=io.netty.util.internal.InternalThreadLocalMap.charsetDecoderCache()Ljava/util/Map; @ 6
Event: 631.797 Thread 0x0000027060827800 Uncommon trap: reason=unstable_if action=reinterpret pc=0x0000027062dcf91c method=net.minecraft.class_2535.method_10758()Z @ 16
Event: 632.996 Thread 0x0000027060827800 Uncommon trap: reason=unstable_if action=reinterpret pc=0x0000027063709264 method=net.minecraft.class_1140.handler$cco000$weatherVolumeController(Lnet/minecraft/class_3419;Lorg/spongepowered/asm/mixin/injection/callback/CallbackInfoReturnable;)V @ 8
Event: 632.996 Thread 0x00000270193d2800 Uncommon trap: reason=unstable_if action=reinterpret pc=0x0000027066c021f0 method=me.andre111.dynamicsf.filter.ReverbFilter.updateSoundInstance(Lnet/minecraft/class_1113;)Z @ 13
Event: 632.996 Thread 0x00000270193d2800 Uncommon trap: reason=unstable_if action=reinterpret pc=0x00000270675070b8 method=me.andre111.dynamicsf.filter.LiquidFilter.updateSoundInstance(Lnet/minecraft/class_1113;)Z @ 3
Event: 633.403 Thread 0x00000270070d5000 Uncommon trap: reason=unstable_if action=reinterpret pc=0x00000270658ebe64 method=com.gitlab.cdagaming.craftpresence.utils.StringUtils.capitalizeWord(Ljava/lang/String;I)Ljava/lang/String; @ 40
Event: 633.672 Thread 0x0000027060827800 Uncommon trap: reason=unstable_if action=reinterpret pc=0x00000270629a77e0 method=net.minecraft.class_310.method_1562()Lnet/minecraft/class_634; @ 4
Event: 633.729 Thread 0x0000027060827800 Uncommon trap: reason=bimorphic action=maybe_recompile pc=0x0000027064459bb0 method=com.google.common.collect.ImmutableList.forEach(Ljava/util/function/Consumer;)V @ 6

Classes redefined (0 events):
No events

Internal exceptions (10 events):
Event: 631.595 Thread 0x0000027060827800 Implicit null exception at 0x0000027065e526b3 to 0x0000027065e52799
Event: 631.625 Thread 0x00000270043bf000 NullPointerException in IC check 0x0000027065107f40
Event: 631.625 Thread 0x00000270043bf000 Exception <a 'java/lang/NullPointerException'> (0x000000076c0964d0) thrown at [C:\cygwin64\tmp\openjdk-jdk8u-windows-x64-hotspot\workspace\build\src\hotspot\src\share\vm\runtime\sharedRuntime.cpp, line 605]
Event: 631.671 Thread 0x00000270193db000 Implicit null exception at 0x00000270665d0efc to 0x00000270665d19cd
Event: 631.671 Thread 0x00000270193db000 Implicit null exception at 0x0000027066f740d5 to 0x0000027066f74161
Event: 631.690 Thread 0x00000270193db000 Implicit null exception at 0x00000270662d3dde to 0x00000270662d40cd
Event: 631.690 Thread 0x0000027000980800 Implicit null exception at 0x00000270648f53dd to 0x00000270648f629d
Event: 631.691 Thread 0x00000270193db000 Implicit null exception at 0x0000027065dcf701 to 0x0000027065dcf875
Event: 631.731 Thread 0x00000270193db000 Implicit null exception at 0x0000027067163a57 to 0x0000027067164969
Event: 633.672 Thread 0x0000027060827800 Implicit null exception at 0x00000270629a77b3 to 0x00000270629a77ce

Events (10 events):
Event: 633.733 Thread 0x000002707b731000 flushing nmethod 0x00000270667c3650
Event: 633.733 Thread 0x000002707b731000 flushing nmethod 0x0000027066802b90
Event: 633.733 Thread 0x000002707b731000 flushing nmethod 0x000002706680c590
Event: 633.733 Thread 0x000002707b731000 flushing nmethod 0x0000027066a79ed0
Event: 633.733 Thread 0x000002707b731000 flushing nmethod 0x0000027066b2a7d0
Event: 633.733 Thread 0x000002707b731000 flushing nmethod 0x0000027066b59010
Event: 633.733 Thread 0x000002707b731000 flushing nmethod 0x0000027066b5f690
Event: 633.733 Thread 0x000002707b731000 flushing nmethod 0x0000027066b7efd0
Event: 633.733 Thread 0x000002707b731000 flushing nmethod 0x0000027066b9c0d0
Event: 633.733 Thread 0x000002707b731000 flushing nmethod 0x0000027066bae990


Dynamic libraries:
0x00007ff726000000 - 0x00007ff72603a000 	C:\_gdl\java\8u242-b08\bin\java.exe
0x00007ffd79aa0000 - 0x00007ffd79c90000 	C:\WINDOWS\SYSTEM32\ntdll.dll
0x00007ffd77cd0000 - 0x00007ffd77d82000 	C:\WINDOWS\System32\KERNEL32.DLL
0x00007ffd76bf0000 - 0x00007ffd76e95000 	C:\WINDOWS\System32\KERNELBASE.dll
0x00007ffd77c20000 - 0x00007ffd77cc3000 	C:\WINDOWS\System32\ADVAPI32.dll
0x00007ffd78ba0000 - 0x00007ffd78c3e000 	C:\WINDOWS\System32\msvcrt.dll
0x00007ffd78200000 - 0x00007ffd78297000 	C:\WINDOWS\System32\sechost.dll
0x00007ffd782b0000 - 0x00007ffd783d0000 	C:\WINDOWS\System32\RPCRT4.dll
0x00007ffd787f0000 - 0x00007ffd78984000 	C:\WINDOWS\System32\USER32.dll
0x00007ffd76ff0000 - 0x00007ffd77011000 	C:\WINDOWS\System32\win32u.dll
0x00007ffd78790000 - 0x00007ffd787b6000 	C:\WINDOWS\System32\GDI32.dll
0x00007ffd76a30000 - 0x00007ffd76bc6000 	C:\WINDOWS\System32\gdi32full.dll
0x00007ffd76ef0000 - 0x00007ffd76f8e000 	C:\WINDOWS\System32\msvcp_win.dll
0x00007ffd77a50000 - 0x00007ffd77b4a000 	C:\WINDOWS\System32\ucrtbase.dll
0x00007ffd68640000 - 0x00007ffd688c4000 	C:\WINDOWS\WinSxS\amd64_microsoft.windows.common-controls_6595b64144ccf1df_6.0.18362.1139_none_9e7bf2d3e4605ac6\COMCTL32.dll
0x00007ffd78e80000 - 0x00007ffd791b5000 	C:\WINDOWS\System32\combase.dll
0x00007ffd77020000 - 0x00007ffd770a0000 	C:\WINDOWS\System32\bcryptPrimitives.dll
0x00007ffd787c0000 - 0x00007ffd787ee000 	C:\WINDOWS\System32\IMM32.DLL
0x00007ffd49140000 - 0x00007ffd4922f000 	C:\_gdl\java\8u242-b08\bin\msvcr120.dll
0x00007ffd46860000 - 0x00007ffd46906000 	C:\_gdl\java\8u242-b08\bin\msvcp120.dll
0x000000006ffb0000 - 0x00000000707b1000 	C:\_gdl\java\8u242-b08\bin\server\jvm.dll
0x00007ffd78c40000 - 0x00007ffd78c48000 	C:\WINDOWS\System32\PSAPI.DLL
0x00007ffd73250000 - 0x00007ffd73259000 	C:\WINDOWS\SYSTEM32\WSOCK32.dll
0x00007ffd69210000 - 0x00007ffd69234000 	C:\WINDOWS\SYSTEM32\WINMM.dll
0x00007ffd71790000 - 0x00007ffd7179a000 	C:\WINDOWS\SYSTEM32\VERSION.dll
0x00007ffd785b0000 - 0x00007ffd7861f000 	C:\WINDOWS\System32\WS2_32.dll
0x00007ffd691b0000 - 0x00007ffd691dd000 	C:\WINDOWS\SYSTEM32\WINMMBASE.dll
0x00007ffd76ea0000 - 0x00007ffd76eea000 	C:\WINDOWS\System32\cfgmgr32.dll
0x00007ffd72650000 - 0x00007ffd7265f000 	C:\_gdl\java\8u242-b08\bin\verify.dll
0x00007ffd68050000 - 0x00007ffd68078000 	C:\_gdl\java\8u242-b08\bin\java.dll
0x00007ffd67660000 - 0x00007ffd67676000 	C:\_gdl\java\8u242-b08\bin\zip.dll
0x00007ffd791c0000 - 0x00007ffd798a7000 	C:\WINDOWS\System32\SHELL32.dll
0x00007ffd78620000 - 0x00007ffd786c9000 	C:\WINDOWS\System32\shcore.dll
0x00007ffd77220000 - 0x00007ffd779a0000 	C:\WINDOWS\System32\windows.storage.dll
0x00007ffd769c0000 - 0x00007ffd769e3000 	C:\WINDOWS\System32\profapi.dll
0x00007ffd76970000 - 0x00007ffd769ba000 	C:\WINDOWS\System32\powrprof.dll
0x00007ffd76960000 - 0x00007ffd76970000 	C:\WINDOWS\System32\UMPDC.dll
0x00007ffd786d0000 - 0x00007ffd78722000 	C:\WINDOWS\System32\shlwapi.dll
0x00007ffd769f0000 - 0x00007ffd76a01000 	C:\WINDOWS\System32\kernel.appcore.dll
0x00007ffd76bd0000 - 0x00007ffd76be7000 	C:\WINDOWS\System32\cryptsp.dll
0x00007ffd72600000 - 0x00007ffd7260d000 	C:\_gdl\java\8u242-b08\bin\management.dll
0x00007ffd67640000 - 0x00007ffd6765a000 	C:\_gdl\java\8u242-b08\bin\net.dll
0x00007ffd761b0000 - 0x00007ffd76217000 	C:\WINDOWS\system32\mswsock.dll
0x00007ffd5af20000 - 0x00007ffd5af36000 	C:\WINDOWS\system32\napinsp.dll
0x00007ffd5a210000 - 0x00007ffd5a22a000 	C:\WINDOWS\system32\pnrpnsp.dll
0x00007ffd75f00000 - 0x00007ffd75fcb000 	C:\WINDOWS\SYSTEM32\DNSAPI.dll
0x00007ffd782a0000 - 0x00007ffd782a8000 	C:\WINDOWS\System32\NSI.dll
0x00007ffd75ec0000 - 0x00007ffd75efa000 	C:\WINDOWS\SYSTEM32\IPHLPAPI.DLL
0x00007ffd722e0000 - 0x00007ffd722ee000 	C:\WINDOWS\System32\winrnr.dll
0x00007ffd71f70000 - 0x00007ffd71f8c000 	C:\WINDOWS\system32\NLAapi.dll
0x00007ffd4fc90000 - 0x00007ffd4fca5000 	C:\WINDOWS\system32\wshbth.dll
0x00007ffd6fa30000 - 0x00007ffd6fa3a000 	C:\Windows\System32\rasadhlp.dll
0x00007ffd70dc0000 - 0x00007ffd70e37000 	C:\WINDOWS\System32\fwpuclnt.dll
0x00007ffd770a0000 - 0x00007ffd770c6000 	C:\WINDOWS\System32\bcrypt.dll
0x00007ffd66460000 - 0x00007ffd66472000 	C:\_gdl\java\8u242-b08\bin\nio.dll
0x00007ffd65770000 - 0x00007ffd65793000 	C:\_gdl\java\8u242-b08\bin\sunec.dll
0x00007ffd75d20000 - 0x00007ffd75d53000 	C:\WINDOWS\system32\rsaenh.dll
0x00007ffd76880000 - 0x00007ffd768a5000 	C:\WINDOWS\SYSTEM32\USERENV.dll
0x00007ffd76380000 - 0x00007ffd7638c000 	C:\WINDOWS\SYSTEM32\CRYPTBASE.dll
0x00007ffd717c0000 - 0x00007ffd717d6000 	C:\WINDOWS\SYSTEM32\dhcpcsvc6.DLL
0x00007ffd717a0000 - 0x00007ffd717bc000 	C:\WINDOWS\SYSTEM32\dhcpcsvc.DLL
0x00007ffd6fea0000 - 0x00007ffd6ff12000 	C:\Users\Kelvin\AppData\Local\Temp\lwjglKelvin\3.2.2-build-10\lwjgl.dll
0x00007ffd6fe40000 - 0x00007ffd6fe9e000 	C:\Users\Kelvin\AppData\Local\Temp\lwjglKelvin\3.2.2-build-10\glfw.dll
0x00007ffd75ab0000 - 0x00007ffd75ae1000 	C:\WINDOWS\SYSTEM32\ntmarta.dll
0x00007ffd73400000 - 0x00007ffd7340b000 	C:\_gdl\java\8u242-b08\bin\sunmscapi.dll
0x00007ffd770d0000 - 0x00007ffd77219000 	C:\WINDOWS\System32\CRYPT32.dll
0x00007ffd76a10000 - 0x00007ffd76a22000 	C:\WINDOWS\System32\MSASN1.dll
0x00007ffd46600000 - 0x00007ffd46851000 	C:\Users\Kelvin\AppData\Local\Temp\lwjglKelvin\3.2.2-build-10\jemalloc.dll
0x00007ffd74930000 - 0x00007ffd749c9000 	C:\WINDOWS\system32\uxtheme.dll
0x00007ffd76750000 - 0x00007ffd7677a000 	C:\WINDOWS\SYSTEM32\DEVOBJ.dll
0x00007ffd74fe0000 - 0x00007ffd7500d000 	C:\WINDOWS\SYSTEM32\dwmapi.dll
0x00007ffd71810000 - 0x00007ffd7192b000 	C:\WINDOWS\SYSTEM32\inputhost.dll
0x00007ffd72fc0000 - 0x00007ffd73113000 	C:\WINDOWS\SYSTEM32\wintypes.dll
0x00007ffd72e40000 - 0x00007ffd72f30000 	C:\WINDOWS\SYSTEM32\PROPSYS.dll
0x00007ffd66ba0000 - 0x00007ffd66eca000 	C:\WINDOWS\SYSTEM32\CoreUIComponents.dll
0x00007ffd745e0000 - 0x00007ffd746b4000 	C:\WINDOWS\SYSTEM32\CoreMessaging.dll
0x00007ffd77b50000 - 0x00007ffd77c15000 	C:\WINDOWS\System32\OLEAUT32.dll
0x00007ffd78a60000 - 0x00007ffd78b95000 	C:\WINDOWS\System32\MSCTF.dll
0x00007ffd77d90000 - 0x00007ffd78200000 	C:\WINDOWS\System32\SETUPAPI.DLL
0x00007ffd76f90000 - 0x00007ffd76fec000 	C:\WINDOWS\System32\WINTRUST.dll
0x00007ffd46340000 - 0x00007ffd46496000 	C:\WINDOWS\SYSTEM32\opengl32.dll
0x00007ffd5c470000 - 0x00007ffd5c49c000 	C:\WINDOWS\SYSTEM32\GLU32.dll
0x00007ffd755b0000 - 0x00007ffd755d0000 	C:\WINDOWS\SYSTEM32\dxcore.dll
0x00007ffd31c20000 - 0x00007ffd345b8000 	C:\WINDOWS\System32\DriverStore\FileRepository\nv_dispi.inf_amd64_324f172f3e662ec5\nvoglv64.dll
0x00007ffd783d0000 - 0x00007ffd78527000 	C:\WINDOWS\System32\ole32.dll
0x00007ffd72a00000 - 0x00007ffd72a13000 	C:\WINDOWS\SYSTEM32\WTSAPI32.dll
0x00007ffd48870000 - 0x00007ffd48b1e000 	C:\WINDOWS\system32\nvspcap64.dll
0x00007ffd75a00000 - 0x00007ffd75a56000 	C:\WINDOWS\SYSTEM32\WINSTA.dll
0x00007ffd4b4a0000 - 0x00007ffd4b4f8000 	C:\Users\Kelvin\AppData\Local\Temp\lwjglKelvin\3.2.2-build-10\lwjgl_opengl.dll
0x00007ffd4aef0000 - 0x00007ffd4af6f000 	C:\Users\Kelvin\AppData\Local\Temp\lwjglKelvin\3.2.2-build-10\lwjgl_stb.dll
0x00007ffd66650000 - 0x00007ffd666fe000 	C:\WINDOWS\SYSTEM32\mscms.dll
0x00007ffd665a0000 - 0x00007ffd665b7000 	C:\WINDOWS\SYSTEM32\ColorAdapterClient.dll
0x00007ffd72df0000 - 0x00007ffd72e33000 	C:\WINDOWS\SYSTEM32\icm32.dll
0x00007ffd590b0000 - 0x00007ffd590f2000 	C:\Users\Kelvin\AppData\Local\Temp\jna--2051171159\jna6374677579026421674.dll
0x00007ffd5b1b0000 - 0x00007ffd5b1ca000 	C:\_gdl\instances\Craft to Exile [Harmony]\natives\SAPIWrapper_x64.dll
0x00007ffd78dd0000 - 0x00007ffd78e72000 	C:\WINDOWS\System32\clbcatq.dll
0x00007ffd703f0000 - 0x00007ffd70462000 	C:\WINDOWS\System32\MMDevApi.dll
0x00007ffd71ed0000 - 0x00007ffd71f6e000 	C:\WINDOWS\System32\TextInputFramework.dll
0x00007ffd69460000 - 0x00007ffd69707000 	C:\WINDOWS\System32\iertutil.dll
0x00007ffd46220000 - 0x00007ffd46334000 	C:\Users\Kelvin\AppData\Local\Temp\lwjglKelvin\3.2.2-build-10\OpenAL.dll
0x00007ffd517a0000 - 0x00007ffd518fd000 	C:\WINDOWS\SYSTEM32\AUDIOSES.DLL
0x00007ffd74d20000 - 0x00007ffd74d34000 	C:\WINDOWS\SYSTEM32\resourcepolicyclient.dll
0x00007ffd442c0000 - 0x00007ffd44455000 	C:\_gdl\java\8u242-b08\bin\awt.dll
0x00007ffd747f0000 - 0x00007ffd7487f000 	C:\WINDOWS\SYSTEM32\apphelp.dll
0x00007ffd75330000 - 0x00007ffd75524000 	C:\WINDOWS\SYSTEM32\dbghelp.dll

VM Arguments:
jvm_args: -XX:HeapDumpPath=MojangTricksIntelDriversForPerformance_javaw.exe_minecraft.exe.heapdump -Dos.name=Windows 10 -Dos.version=10.0 -Djava.library.path=C:\_gdl\instances\Craft to Exile [Harmony]\natives -Dminecraft.launcher.brand=GDLauncher -Dminecraft.launcher.version=1.0 -Xmx4096m -Xms4096m -Dminecraft.applet.TargetDirectory=C:\_gdl\instances\Craft to Exile [Harmony] -Dfml.ignorePatchDiscrepancies=true -Dfml.ignoreInvalidMinecraftCertificates=true -XX:HeapDumpPath=MojangTricksIntelDriversForPerformance_javaw.exe_minecraft.exe.heapdump -Xms256m 
java_command: cpw.mods.modlauncher.Launcher --width 854 --height 480 --username Mahjerion --version 1.16.2 --gameDir C:\_gdl\instances\Craft to Exile [Harmony] --assetsDir C:\_gdl\datastore\assets --assetIndex 1.16 --uuid 078e6d6a263646289d0d28d4dd831d5f --accessToken eyJhbGciOiJIUzI1NiJ9.eyJzdWIiOiJlMTdjMzAwM2Q5MDk4YjAzMThiYzljN2VlODFlOTFhNCIsInlnZ3QiOiI2YmU1ZjI1YTc2ZmE0NjAwYmE1YTI2MDQ5MjdhMTVkYSIsInNwciI6IjA3OGU2ZDZhMjYzNjQ2Mjg5ZDBkMjhkNGRkODMxZDVmIiwiaXNzIjoiWWdnZHJhc2lsLUF1dGgiLCJleHAiOjE2MDM2Mzc5MjgsImlhdCI6MTYwMzQ2NTEyOH0._VC-wMkGqVaMKCCtxD7-WxeTCeckYvHF8aFUMUa5YGM --userType mojang --versionType release --launchTarget fmlclient --fml.forgeVersion 33.0.61 --fml.mcVersion 1.16.2 --fml.forgeGroup net.minecraftforge --fml.mcpVersion 20200812.004259
java_class_path (initial): C:\_gdl\datastore\libraries\net\minecraftforge\forge\1.16.2-33.0.61\forge-1.16.2-33.0.61.jar;C:\_gdl\datastore\libraries\org\ow2\asm\asm\7.2\asm-7.2.jar;C:\_gdl\datastore\libraries\org\ow2\asm\asm-commons\7.2\asm-commons-7.2.jar;C:\_gdl\datastore\libraries\org\ow2\asm\asm-tree\7.2\asm-tree-7.2.jar;C:\_gdl\datastore\libraries\org\ow2\asm\asm-util\7.2\asm-util-7.2.jar;C:\_gdl\datastore\libraries\org\ow2\asm\asm-analysis\7.2\asm-analysis-7.2.jar;C:\_gdl\datastore\libraries\cpw\mods\modlauncher\7.0.1\modlauncher-7.0.1.jar;C:\_gdl\datastore\libraries\cpw\mods\grossjava9hacks\1.3.0\grossjava9hacks-1.3.0.jar;C:\_gdl\datastore\libraries\net\minecraftforge\accesstransformers\2.2.0-shadowed\accesstransformers-2.2.0-shadowed.jar;C:\_gdl\datastore\libraries\net\minecraftforge\eventbus\3.0.3-service\eventbus-3.0.3-service.jar;C:\_gdl\datastore\libraries\net\minecraftforge\forgespi\3.1.1\forgespi-3.1.1.jar;C:\_gdl\datastore\libraries\net\minecraftforge\coremods\3.0.0\coremods-3.0.0.jar;C:\_gdl\datastore\libraries\net\minecraftforge\unsafe\0.2.0\unsafe-0.2.0.jar;C:\_gdl\datastore\libraries\com\electronwill\night-config\core\3.6.2\core-3.6.2.jar;C:\_gdl\datastore\libraries\com\electronwill\night-config\toml\3.6.2\toml-3.6.2.jar;C:\_gdl\datastore\libraries\org\jline\jline\3.12.1\jline-3.12.1.jar;C:\_gdl\datastore\libraries\org\apache\maven\maven-artifact\3.6.0\maven-artifact-3.6.0.jar;C:\_gdl\datastore\libraries\net\jodah\typetools\0.8.1\typetools-0.8.1.jar;C:\_gdl\datastore\libraries\org\apache\logging\log4j\log4j-api\2.11.2\log4j-api-2.11.2.jar;C:\_gdl\datastore\libraries\org\apache\logging\log4j\log4j-core\2.11.2\log4j-core-2.11.2.jar;C:\_gdl\datastore\libraries\net\minecrell\terminalconsoleappender\1.2.0\terminalconsoleappender-1.2.0.jar;C:\_gdl\datastore\libraries\net\sf\jopt-simple\jopt-simple\5.0.4\jopt-simple-5.0.4.jar;C:\_gdl\datastore\libraries\org\spongepowered\mixin\0.8\mixin-0.8.jar;C:\_gdl\datastore\libraries\com\mojang\patchy\1.1\patchy-1.
Launcher Type: SUN_STANDARD

Environment Variables:
JAVA_HOME=C:\Program Files\AdoptOpenJDK\jdk-8.0.265.01-hotspot\
PATH=C:\Program Files\AdoptOpenJDK\jdk-8.0.265.01-hotspot\bin;C:\Program Files\AdoptOpenJDK\jdk-11.0.8.10-hotspot\bin;C:\Program Files (x86)\Common Files\Oracle\Java\javapath;C:\Windows\system32;C:\Windows;C:\Windows\System32\Wbem;C:\Windows\System32\WindowsPowerShell\v1.0\;C:\Windows\System32\OpenSSH\;C:\Program Files (x86)\NVIDIA Corporation\PhysX\Common;C:\Program Files\NVIDIA Corporation\NVIDIA NvDLISR;C:\WINDOWS\system32;C:\WINDOWS;C:\WINDOWS\System32\Wbem;C:\WINDOWS\System32\WindowsPowerShell\v1.0\;C:\WINDOWS\System32\OpenSSH\;C:\Program Files\AdoptOpenJDK\jdk-8.0.265.01-hotspot\\bin;C:\Users\Kelvin\AppData\Local\Programs\Python\Python38-32\Scripts;C:\Users\Kelvin\AppData\Local\Microsoft\WindowsApps;C:\Users\Kelvin\AppData\Local\GitHubDesktop\bin;C:\Program Files\JetBrains\PyCharm Community Edition 2020.2.1\bin;;C:\Program Files\JetBrains\IntelliJ IDEA Community Edition 2020.2.1\bin;
USERNAME=Kelvin
OS=Windows_NT
PROCESSOR_IDENTIFIER=AMD64 Family 23 Model 8 Stepping 2, AuthenticAMD



---------------  S Y S T E M  ---------------

OS: Windows 10.0 , 64 bit Build 18362 (10.0.18362.1110)

CPU:total 12 (initial active 12) (12 cores per cpu, 1 threads per core) family 23 model 8 stepping 2, cmov, cx8, fxsr, mmx, sse, sse2, sse3, ssse3, sse4.1, sse4.2, popcnt, avx, avx2, aes, clmul, mmxext, 3dnowpref, lzcnt, sse4a, tsc, tscinvbit, tscinv, bmi1

Memory: 4k page, physical 33501216k(24560792k free), swap 35598368k(23554552k free)

vm_info: OpenJDK 64-Bit Server VM (25.242-b08) for windows-amd64 JRE (1.8.0_242-b08), built on Jan 19 2020 14:45:52 by "jenkins" with MS VC++ 12.0 (VS2013)

time: Fri Oct 23 13:36:03 2020
timezone: Eastern Daylight Time
elapsed time: 633 seconds (0d 0h 10m 33s)

