#
# A fatal error has been detected by the Java Runtime Environment:
#
#  EXCEPTION_ACCESS_VIOLATION (0xc0000005) at pc=0x000001c3e66d0000, pid=8196, tid=0x0000000000002660
#
# JRE version: OpenJDK Runtime Environment (8.0_242-b08) (build 1.8.0_242-b08)
# Java VM: OpenJDK 64-Bit Server VM (25.242-b08 mixed mode windows-amd64 compressed oops)
# Problematic frame:
# C  0x000001c3e66d0000
#
# Failed to write core dump. Minidumps are not enabled by default on client versions of Windows
#
# If you would like to submit a bug report, please visit:
#   
# The crash happened outside the Java Virtual Machine in native code.
# See problematic frame for where to report the bug.
#

---------------  T H R E A D  ---------------

Current thread (0x000001c3e4d1e000):  JavaThread "CraftPresence" [_thread_in_native, id=9824, stack(0x0000000a97800000,0x0000000a97900000)]

siginfo: ExceptionCode=0xc0000005, ExceptionInformation=0x0000000000000008 0x000001c3e66d0000

Registers:
RAX=0x000001c3e66d0000, RBX=0x0000000000010001, RCX=0x0000000000010001, RDX=0x0000000a978fec80
RSP=0x0000000a978fec48, RBP=0x0000000a978fed50, RSI=0x000001c3e8517e30, RDI=0x0000000000000000
R8 =0x000001c3e8517e30, R9 =0x00007ffd57c537b0, R10=0x00007ffd49451a10, R11=0x0000000a978ff0b8
R12=0x0000000000000000, R13=0x00000007c00f8828, R14=0x0000000080000001, R15=0x000001c3e4d1e000
RIP=0x000001c3e66d0000, EFLAGS=0x0000000000010206

Top of Stack: (sp=0x0000000a978fec48)
0x0000000a978fec48:   00007ffd57c51f7c 0000000772fed0d0
0x0000000a978fec58:   0000000772fed210 00000000f801f155
0x0000000a978fec68:   000000007003c3c1 00000000000000cb
0x0000000a978fec78:   000001c3c3e31249 57464c4720656854
0x0000000a978fec88:   7972617262696c20 20746f6e20736920
0x0000000a978fec98:   696c616974696e69 000000000064657a
0x0000000a978feca8:   000001c3c6ac3f5f 000001c3d81adc6d
0x0000000a978fecb8:   0000000772fed0b8 0000000a978ff750
0x0000000a978fecc8:   0000000000000000 00000006f31f5420
0x0000000a978fecd8:   0000002900000000 000000077222d140
0x0000000a978fece8:   000001a6ee445a87 0000000000000363
0x0000000a978fecf8:   0000000000000360 ee5ffb52000001a6
0x0000000a978fed08:   0000000600000000 0000000772ff38c0
0x0000000a978fed18:   000000007003c3c1 00000000ee5ffb52
0x0000000a978fed28:   000001c3c6684f39 ee5ffb52000000d2
0x0000000a978fed38:   000000007003c300 000001c3e4d1e000 

Instructions: (pc=0x000001c3e66d0000)
0x000001c3e66cffe0:   
[error occurred during error reporting (printing registers, top of stack, instructions near pc), id 0xc0000005]

Register to memory mapping:

RAX=0x000001c3e66d0000 is an unknown value
RBX=0x0000000000010001 is an unknown value
RCX=0x0000000000010001 is an unknown value
RDX=0x0000000a978fec80 is pointing into the stack for thread: 0x000001c3e4d1e000
RSP=0x0000000a978fec48 is pointing into the stack for thread: 0x000001c3e4d1e000
RBP=0x0000000a978fed50 is pointing into the stack for thread: 0x000001c3e4d1e000
RSI=0x000001c3e8517e30 is an unknown value
RDI=0x0000000000000000 is an unknown value
R8 =0x000001c3e8517e30 is an unknown value
R9 =0x00007ffd57c537b0 is an unknown value
R10=0x00007ffd49451a10 is an unknown value
R11=0x0000000a978ff0b8 is pointing into the stack for thread: 0x000001c3e4d1e000
R12=0x0000000000000000 is an unknown value
R13=0x00000007c00f8828 is pointing into metadata
R14=0x0000000080000001 is an unknown value
R15=0x000001c3e4d1e000 is a thread


Stack: [0x0000000a97800000,0x0000000a97900000],  sp=0x0000000a978fec48,  free space=1019k
Native frames: (J=compiled Java code, j=interpreted, Vv=VM code, C=native code)
C  0x000001c3e66d0000

Java frames: (J=compiled Java code, j=interpreted, Vv=VM code)
J 17548  org.lwjgl.system.JNI.invokePI(JIJ)I (0 bytes) @ 0x000001c3c66df21d [0x000001c3c66df160+0xbd]
J 22049 C1 com.gitlab.cdagaming.craftpresence.utils.KeyUtils.onTick()V (150 bytes) @ 0x000001c3c4d884d4 [0x000001c3c4d87ea0+0x634]
J 20535 C1 com.gitlab.cdagaming.craftpresence.utils.CommandUtils.reloadData(Z)V (155 bytes) @ 0x000001c3c70bfa64 [0x000001c3c70bf960+0x104]
J 22047 C1 com.gitlab.cdagaming.craftpresence.CraftPresence.clientTick()V (461 bytes) @ 0x000001c3c3f61f54 [0x000001c3c3f61dc0+0x194]
J 22045 C1 com.gitlab.cdagaming.craftpresence.CraftPresence$1.run()V (8 bytes) @ 0x000001c3c3f3c74c [0x000001c3c3f3c680+0xcc]
j  java.util.TimerThread.mainLoop()V+221
j  java.util.TimerThread.run()V+1
v  ~StubRoutines::call_stub

---------------  P R O C E S S  ---------------

Java Threads: ( => current thread )
  0x000001c3b021c800 JavaThread "Sound engine" daemon [_thread_blocked, id=13136, stack(0x0000000a96100000,0x0000000a96200000)]
  0x000001c3b0219000 JavaThread "REI-SyncRecipes" [_thread_blocked, id=16788, stack(0x0000000a9aa00000,0x0000000a9ab00000)]
  0x000001c3fe209000 JavaThread "Netty Server IO #1" daemon [_thread_in_native, id=15872, stack(0x0000000a99d00000,0x0000000a99e00000)]
  0x000001c3fe208000 JavaThread "Netty Local Client IO #0" daemon [_thread_blocked, id=4200, stack(0x0000000a99c00000,0x0000000a99d00000)]
  0x000001c3fe207800 JavaThread "Netty Server IO #0" daemon [_thread_in_native, id=8252, stack(0x0000000a94a00000,0x0000000a94b00000)]
  0x000001c3fe206800 JavaThread "ObjectCleanerThread" daemon [_thread_blocked, id=12144, stack(0x0000000a94900000,0x0000000a94a00000)]
  0x000001c3eed7c000 JavaThread "Java2D Disposer" daemon [_thread_blocked, id=17652, stack(0x0000000a96700000,0x0000000a96800000)]
  0x000001c3e4d25000 JavaThread "Snooper Timer" daemon [_thread_blocked, id=7356, stack(0x0000000a97900000,0x0000000a97a00000)]
  0x000001c3e4d22000 JavaThread "Thread-224" [_thread_blocked, id=8460, stack(0x0000000a97e00000,0x0000000a97f00000)]
  0x000001c3e4d21000 JavaThread "ForkJoinPool.commonPool-worker-9" daemon [_thread_blocked, id=18284, stack(0x0000000a97c00000,0x0000000a97d00000)]
  0x000001c3e4d1f800 JavaThread "Abandoned connection cleanup thread" daemon [_thread_blocked, id=13928, stack(0x0000000a97a00000,0x0000000a97b00000)]
=>0x000001c3e4d1e000 JavaThread "CraftPresence" [_thread_in_native, id=9824, stack(0x0000000a97800000,0x0000000a97900000)]
  0x000001c3e4d1d800 JavaThread "Thread-221" daemon [_thread_in_native, id=2572, stack(0x0000000a97600000,0x0000000a97700000)]
  0x000001c3e4d1a800 JavaThread "Thread-220" daemon [_thread_in_native, id=5248, stack(0x0000000a97500000,0x0000000a97600000)]
  0x000001c3e4d1c800 JavaThread "Thread-219" daemon [_thread_in_native, id=12188, stack(0x0000000a97400000,0x0000000a97500000)]
  0x000001c3e4d19000 JavaThread "Thread-218" daemon [_thread_in_native, id=10936, stack(0x0000000a97300000,0x0000000a97400000)]
  0x000001c3e4d1c000 JavaThread "Thread-217" daemon [_thread_in_native, id=12200, stack(0x0000000a97200000,0x0000000a97300000)]
  0x000001c3e4d19800 JavaThread "Thread-216" daemon [_thread_in_native, id=3532, stack(0x0000000a97100000,0x0000000a97200000)]
  0x000001c3e4d18000 JavaThread "Thread-215" daemon [_thread_in_native, id=5772, stack(0x0000000a97000000,0x0000000a97100000)]
  0x000001c3e289d800 JavaThread "Thread-214" daemon [_thread_in_native, id=5548, stack(0x0000000a96f00000,0x0000000a97000000)]
  0x000001c3e5407000 JavaThread "Thread-213" daemon [_thread_in_native, id=10440, stack(0x0000000a96e00000,0x0000000a96f00000)]
  0x000001c3e5406000 JavaThread "Thread-212" daemon [_thread_in_native, id=16952, stack(0x0000000a96d00000,0x0000000a96e00000)]
  0x000001c3e5405800 JavaThread "Thread-211" daemon [_thread_in_native, id=15984, stack(0x0000000a96c00000,0x0000000a96d00000)]
  0x000001c3e540b800 JavaThread "Thread-210" daemon [_thread_in_native, id=12048, stack(0x0000000a96b00000,0x0000000a96c00000)]
  0x000001c3e540a000 JavaThread "Thread-209" daemon [_thread_in_native, id=17460, stack(0x0000000a96a00000,0x0000000a96b00000)]
  0x000001c3e5409000 JavaThread "Snooper Timer" daemon [_thread_blocked, id=10144, stack(0x0000000a96900000,0x0000000a96a00000)]
  0x000001c3e5404800 JavaThread "Timer hack thread" daemon [_thread_blocked, id=18576, stack(0x0000000a96800000,0x0000000a96900000)]
  0x000001c3dd15d800 JavaThread "Service Thread" daemon [_thread_blocked, id=17980, stack(0x0000000a95f00000,0x0000000a96000000)]
  0x000001c3dd149000 JavaThread "C1 CompilerThread3" daemon [_thread_blocked, id=16396, stack(0x0000000a95e00000,0x0000000a95f00000)]
  0x000001c3dd147800 JavaThread "C2 CompilerThread2" daemon [_thread_blocked, id=13108, stack(0x0000000a95d00000,0x0000000a95e00000)]
  0x000001c3dd13c800 JavaThread "C2 CompilerThread1" daemon [_thread_blocked, id=15820, stack(0x0000000a95c00000,0x0000000a95d00000)]
  0x000001c3dd13a000 JavaThread "C2 CompilerThread0" daemon [_thread_blocked, id=9508, stack(0x0000000a95b00000,0x0000000a95c00000)]
  0x000001c3dd134800 JavaThread "Attach Listener" daemon [_thread_blocked, id=11700, stack(0x0000000a95a00000,0x0000000a95b00000)]
  0x000001c3dd133800 JavaThread "Signal Dispatcher" daemon [_thread_blocked, id=18640, stack(0x0000000a95900000,0x0000000a95a00000)]
  0x000001c3dd109000 JavaThread "Finalizer" daemon [_thread_blocked, id=8352, stack(0x0000000a95800000,0x0000000a95900000)]
  0x000001c3dd0fd800 JavaThread "Reference Handler" daemon [_thread_blocked, id=7044, stack(0x0000000a95700000,0x0000000a95800000)]
  0x000001c3c23e9800 JavaThread "Render thread" [_thread_in_native, id=13424, stack(0x0000000a94b00000,0x0000000a94c00000)]

Other Threads:
  0x000001c3dd0d1000 VMThread [stack: 0x0000000a95600000,0x0000000a95700000] [id=14096]
  0x000001c3dd15e800 WatcherThread [stack: 0x0000000a96000000,0x0000000a96100000] [id=3888]

VM state:not at safepoint (normal execution)

VM Mutex/Monitor currently owned by a thread: None

heap address: 0x00000006c0000000, size: 4096 MB, Compressed Oops mode: Zero based, Oop shift amount: 3
Narrow klass base: 0x0000000000000000, Narrow klass shift: 3
Compressed class space size: 1073741824 Address: 0x00000007c0000000

Heap:
 PSYoungGen      total 1022976K, used 224124K [0x000000076ab00000, 0x00000007b9400000, 0x00000007c0000000)
  eden space 796672K, 23% used [0x000000076ab00000,0x000000077626d450,0x000000079b500000)
  from space 226304K, 16% used [0x00000007ab700000,0x00000007ada71c30,0x00000007b9400000)
  to   space 245248K, 0% used [0x000000079b500000,0x000000079b500000,0x00000007aa480000)
 ParOldGen       total 1200128K, used 837756K [0x00000006c0000000, 0x0000000709400000, 0x000000076ab00000)
  object space 1200128K, 69% used [0x00000006c0000000,0x00000006f321f348,0x0000000709400000)
 Metaspace       used 160010K, capacity 187697K, committed 187840K, reserved 1206272K
  class space    used 22609K, capacity 30128K, committed 30184K, reserved 1048576K

Card table byte_map: [0x000001c3d30f0000,0x000001c3d3900000] byte_map_base: 0x000001c3cfaf0000

Marking Bits: (ParMarkBitMap*) 0x0000000070738030
 Begin Bits: [0x000001c3d3e60000, 0x000001c3d7e60000)
 End Bits:   [0x000001c3d7e60000, 0x000001c3dbe60000)

Polling page: 0x000001c3c24a0000

CodeCache: size=245760Kb used=100640Kb max_used=101846Kb free=145119Kb
 bounds [0x000001c3c3d30000, 0x000001c3ca120000, 0x000001c3d2d30000]
 total_blobs=29521 nmethods=27352 adapters=2077
 compilation: enabled

Compilation events (10 events):
Event: 197.094 Thread 0x000001c3dd149000 40046       3       net.minecraft.class_1058::close (51 bytes)
Event: 197.094 Thread 0x000001c3dd149000 nmethod 40046 0x000001c3c66e0c50 code [0x000001c3c66e0de0, 0x000001c3c66e1200]
Event: 197.094 Thread 0x000001c3dd147800 40047       4       net.minecraft.class_1011::close (39 bytes)
Event: 197.095 Thread 0x000001c3dd147800 nmethod 40047 0x000001c3c4794e90 code [0x000001c3c4794fe0, 0x000001c3c47950d8]
Event: 197.096 Thread 0x000001c3dd149000 40048       3       net.minecraft.class_391$$Lambda$8514/964172794::accept (8 bytes)
Event: 197.096 Thread 0x000001c3dd149000 nmethod 40048 0x000001c3c6422610 code [0x000001c3c6422780, 0x000001c3c6422a90]
Event: 197.128 Thread 0x000001c3dd149000 40049       3       org.lwjgl.system.MemoryStack::ints (11 bytes)
Event: 197.128 Thread 0x000001c3dd149000 nmethod 40049 0x000001c3c7712350 code [0x000001c3c77124e0, 0x000001c3c77129d0]
Event: 197.130 Thread 0x000001c3dd149000 40050   !   3       net.fabricmc.fabric.impl.resource.loader.ModNioResourcePack::close (30 bytes)
Event: 197.130 Thread 0x000001c3dd149000 nmethod 40050 0x000001c3c6e47b50 code [0x000001c3c6e47ce0, 0x000001c3c6e48020]

GC Heap History (10 events):
Event: 77.050 GC heap before
{Heap before GC invocations=110 (full 6):
 PSYoungGen      total 760320K, used 760269K [0x000000076ab00000, 0x00000007bda80000, 0x00000007c0000000)
  eden space 724480K, 100% used [0x000000076ab00000,0x0000000796e80000,0x0000000796e80000)
  from space 35840K, 99% used [0x0000000796e80000,0x0000000799173740,0x0000000799180000)
  to   space 312832K, 0% used [0x00000007aa900000,0x00000007aa900000,0x00000007bda80000)
 ParOldGen       total 1200128K, used 837716K [0x00000006c0000000, 0x0000000709400000, 0x000000076ab00000)
  object space 1200128K, 69% used [0x00000006c0000000,0x00000006f3215348,0x0000000709400000)
 Metaspace       used 158820K, capacity 186051K, committed 186176K, reserved 1206272K
  class space    used 22539K, capacity 30005K, committed 30056K, reserved 1048576K
Event: 77.060 GC heap after
Heap after GC invocations=110 (full 6):
 PSYoungGen      total 1060352K, used 35290K [0x000000076ab00000, 0x00000007bde00000, 0x00000007c0000000)
  eden space 747520K, 0% used [0x000000076ab00000,0x000000076ab00000,0x0000000798500000)
  from space 312832K, 11% used [0x00000007aa900000,0x00000007acb76988,0x00000007bda80000)
  to   space 299008K, 0% used [0x0000000798500000,0x0000000798500000,0x00000007aa900000)
 ParOldGen       total 1200128K, used 837724K [0x00000006c0000000, 0x0000000709400000, 0x000000076ab00000)
  object space 1200128K, 69% used [0x00000006c0000000,0x00000006f3217348,0x0000000709400000)
 Metaspace       used 158820K, capacity 186051K, committed 186176K, reserved 1206272K
  class space    used 22539K, capacity 30005K, committed 30056K, reserved 1048576K
}
Event: 80.171 GC heap before
{Heap before GC invocations=111 (full 6):
 PSYoungGen      total 1060352K, used 782810K [0x000000076ab00000, 0x00000007bde00000, 0x00000007c0000000)
  eden space 747520K, 100% used [0x000000076ab00000,0x0000000798500000,0x0000000798500000)
  from space 312832K, 11% used [0x00000007aa900000,0x00000007acb76988,0x00000007bda80000)
  to   space 299008K, 0% used [0x0000000798500000,0x0000000798500000,0x00000007aa900000)
 ParOldGen       total 1200128K, used 837724K [0x00000006c0000000, 0x0000000709400000, 0x000000076ab00000)
  object space 1200128K, 69% used [0x00000006c0000000,0x00000006f3217348,0x0000000709400000)
 Metaspace       used 159233K, capacity 186605K, committed 186688K, reserved 1206272K
  class space    used 22554K, capacity 30028K, committed 30056K, reserved 1048576K
Event: 80.180 GC heap after
Heap after GC invocations=111 (full 6):
 PSYoungGen      total 1046528K, used 35468K [0x000000076ab00000, 0x00000007bd500000, 0x00000007c0000000)
  eden space 747520K, 0% used [0x000000076ab00000,0x000000076ab00000,0x0000000798500000)
  from space 299008K, 11% used [0x0000000798500000,0x000000079a7a3238,0x00000007aa900000)
  to   space 285696K, 0% used [0x00000007abe00000,0x00000007abe00000,0x00000007bd500000)
 ParOldGen       total 1200128K, used 837732K [0x00000006c0000000, 0x0000000709400000, 0x000000076ab00000)
  object space 1200128K, 69% used [0x00000006c0000000,0x00000006f3219348,0x0000000709400000)
 Metaspace       used 159233K, capacity 186605K, committed 186688K, reserved 1206272K
  class space    used 22554K, capacity 30028K, committed 30056K, reserved 1048576K
}
Event: 83.287 GC heap before
{Heap before GC invocations=112 (full 6):
 PSYoungGen      total 1046528K, used 782988K [0x000000076ab00000, 0x00000007bd500000, 0x00000007c0000000)
  eden space 747520K, 100% used [0x000000076ab00000,0x0000000798500000,0x0000000798500000)
  from space 299008K, 11% used [0x0000000798500000,0x000000079a7a3238,0x00000007aa900000)
  to   space 285696K, 0% used [0x00000007abe00000,0x00000007abe00000,0x00000007bd500000)
 ParOldGen       total 1200128K, used 837732K [0x00000006c0000000, 0x0000000709400000, 0x000000076ab00000)
  object space 1200128K, 69% used [0x00000006c0000000,0x00000006f3219348,0x0000000709400000)
 Metaspace       used 159504K, capacity 186973K, committed 187200K, reserved 1206272K
  class space    used 22562K, capacity 30040K, committed 30056K, reserved 1048576K
Event: 83.297 GC heap after
Heap after GC invocations=112 (full 6):
 PSYoungGen      total 1029120K, used 35615K [0x000000076ab00000, 0x00000007bb480000, 0x00000007c0000000)
  eden space 776704K, 0% used [0x000000076ab00000,0x000000076ab00000,0x000000079a180000)
  from space 252416K, 14% used [0x00000007abe00000,0x00000007ae0c7eb8,0x00000007bb480000)
  to   space 271872K, 0% used [0x000000079a180000,0x000000079a180000,0x00000007aab00000)
 ParOldGen       total 1200128K, used 837740K [0x00000006c0000000, 0x0000000709400000, 0x000000076ab00000)
  object space 1200128K, 69% used [0x00000006c0000000,0x00000006f321b348,0x0000000709400000)
 Metaspace       used 159504K, capacity 186973K, committed 187200K, reserved 1206272K
  class space    used 22562K, capacity 30040K, committed 30056K, reserved 1048576K
}
Event: 86.426 GC heap before
{Heap before GC invocations=113 (full 6):
 PSYoungGen      total 1029120K, used 812319K [0x000000076ab00000, 0x00000007bb480000, 0x00000007c0000000)
  eden space 776704K, 100% used [0x000000076ab00000,0x000000079a180000,0x000000079a180000)
  from space 252416K, 14% used [0x00000007abe00000,0x00000007ae0c7eb8,0x00000007bb480000)
  to   space 271872K, 0% used [0x000000079a180000,0x000000079a180000,0x00000007aab00000)
 ParOldGen       total 1200128K, used 837740K [0x00000006c0000000, 0x0000000709400000, 0x000000076ab00000)
  object space 1200128K, 69% used [0x00000006c0000000,0x00000006f321b348,0x0000000709400000)
 Metaspace       used 159663K, capacity 187163K, committed 187200K, reserved 1206272K
  class space    used 22566K, capacity 30045K, committed 30056K, reserved 1048576K
Event: 86.435 GC heap after
Heap after GC invocations=113 (full 6):
 PSYoungGen      total 1048576K, used 35767K [0x000000076ab00000, 0x00000007bb380000, 0x00000007c0000000)
  eden space 776704K, 0% used [0x000000076ab00000,0x000000076ab00000,0x000000079a180000)
  from space 271872K, 13% used [0x000000079a180000,0x000000079c46dfd0,0x00000007aab00000)
  to   space 258560K, 0% used [0x00000007ab700000,0x00000007ab700000,0x00000007bb380000)
 ParOldGen       total 1200128K, used 837748K [0x00000006c0000000, 0x0000000709400000, 0x000000076ab00000)
  object space 1200128K, 69% used [0x00000006c0000000,0x00000006f321d348,0x0000000709400000)
 Metaspace       used 159663K, capacity 187163K, committed 187200K, reserved 1206272K
  class space    used 22566K, capacity 30045K, committed 30056K, reserved 1048576K
}
Event: 157.818 GC heap before
{Heap before GC invocations=114 (full 6):
 PSYoungGen      total 1048576K, used 812471K [0x000000076ab00000, 0x00000007bb380000, 0x00000007c0000000)
  eden space 776704K, 100% used [0x000000076ab00000,0x000000079a180000,0x000000079a180000)
  from space 271872K, 13% used [0x000000079a180000,0x000000079c46dfd0,0x00000007aab00000)
  to   space 258560K, 0% used [0x00000007ab700000,0x00000007ab700000,0x00000007bb380000)
 ParOldGen       total 1200128K, used 837748K [0x00000006c0000000, 0x0000000709400000, 0x000000076ab00000)
  object space 1200128K, 69% used [0x00000006c0000000,0x00000006f321d348,0x0000000709400000)
 Metaspace       used 159861K, capacity 187371K, committed 187584K, reserved 1206272K
  class space    used 22581K, capacity 30057K, committed 30184K, reserved 1048576K
Event: 157.829 GC heap after
Heap after GC invocations=114 (full 6):
 PSYoungGen      total 1022976K, used 36295K [0x000000076ab00000, 0x00000007b9400000, 0x00000007c0000000)
  eden space 796672K, 0% used [0x000000076ab00000,0x000000076ab00000,0x000000079b500000)
  from space 226304K, 16% used [0x00000007ab700000,0x00000007ada71c30,0x00000007b9400000)
  to   space 245248K, 0% used [0x000000079b500000,0x000000079b500000,0x00000007aa480000)
 ParOldGen       total 1200128K, used 837756K [0x00000006c0000000, 0x0000000709400000, 0x000000076ab00000)
  object space 1200128K, 69% used [0x00000006c0000000,0x00000006f321f348,0x0000000709400000)
 Metaspace       used 159861K, capacity 187371K, committed 187584K, reserved 1206272K
  class space    used 22581K, capacity 30057K, committed 30184K, reserved 1048576K
}

Deoptimization events (10 events):
Event: 197.128 Thread 0x000001c3eed87000 Uncommon trap: reason=unstable_if action=reinterpret pc=0x000001c3c7718ee0 method=java.util.concurrent.ForkJoinPool.awaitWork(Ljava/util/concurrent/ForkJoinPool$WorkQueue;I)Z @ 8
Event: 197.128 Thread 0x000001c3eed8a800 Uncommon trap: reason=unstable_if action=reinterpret pc=0x000001c3c7718ee0 method=java.util.concurrent.ForkJoinPool.awaitWork(Ljava/util/concurrent/ForkJoinPool$WorkQueue;I)Z @ 8
Event: 197.128 Thread 0x000001c3eed84800 Uncommon trap: reason=unstable_if action=reinterpret pc=0x000001c3c7718ee0 method=java.util.concurrent.ForkJoinPool.awaitWork(Ljava/util/concurrent/ForkJoinPool$WorkQueue;I)Z @ 8
Event: 197.128 Thread 0x000001c3eed85800 Uncommon trap: reason=unstable_if action=reinterpret pc=0x000001c3c7718ee0 method=java.util.concurrent.ForkJoinPool.awaitWork(Ljava/util/concurrent/ForkJoinPool$WorkQueue;I)Z @ 8
Event: 197.128 Thread 0x000001c3eed86000 Uncommon trap: reason=unstable_if action=reinterpret pc=0x000001c3c7718ee0 method=java.util.concurrent.ForkJoinPool.awaitWork(Ljava/util/concurrent/ForkJoinPool$WorkQueue;I)Z @ 8
Event: 197.129 Thread 0x000001c3eed89000 Uncommon trap: reason=unstable_if action=reinterpret pc=0x000001c3ca114644 method=java.util.concurrent.SynchronousQueue$TransferStack.awaitFulfill(Ljava/util/concurrent/SynchronousQueue$TransferStack$SNode;ZJ)Ljava/util/concurrent/SynchronousQueue$Transfe
Event: 197.129 Thread 0x000001c3b021d800 Uncommon trap: reason=unstable_if action=reinterpret pc=0x000001c3ca114644 method=java.util.concurrent.SynchronousQueue$TransferStack.awaitFulfill(Ljava/util/concurrent/SynchronousQueue$TransferStack$SNode;ZJ)Ljava/util/concurrent/SynchronousQueue$Transfe
Event: 197.129 Thread 0x000001c3eed8a000 Uncommon trap: reason=unstable_if action=reinterpret pc=0x000001c3ca114644 method=java.util.concurrent.SynchronousQueue$TransferStack.awaitFulfill(Ljava/util/concurrent/SynchronousQueue$TransferStack$SNode;ZJ)Ljava/util/concurrent/SynchronousQueue$Transfe
Event: 197.129 Thread 0x000001c3eed89000 Uncommon trap: reason=unstable_if action=reinterpret pc=0x000001c3c90172bc method=java.util.concurrent.locks.AbstractQueuedSynchronizer.acquire(I)V @ 20
Event: 197.129 Thread 0x000001c3eed89000 Uncommon trap: reason=unstable_if action=reinterpret pc=0x000001c3c8485570 method=java.util.concurrent.ThreadPoolExecutor.runStateAtLeast(II)Z @ 2

Classes redefined (0 events):
No events

Internal exceptions (10 events):
Event: 197.044 Thread 0x000001c3e289d000 Exception <a 'sun/nio/fs/WindowsException'> (0x000000077590a848) thrown at [C:\cygwin64\tmp\openjdk-jdk8u-windows-x64-hotspot\workspace\build\src\hotspot\src\share\vm\prims\jni.cpp, line 710]
Event: 197.045 Thread 0x000001c3e289d000 Exception <a 'sun/nio/fs/WindowsException'> (0x000000077590af58) thrown at [C:\cygwin64\tmp\openjdk-jdk8u-windows-x64-hotspot\workspace\build\src\hotspot\src\share\vm\prims\jni.cpp, line 710]
Event: 197.045 Thread 0x000001c3e289d000 Exception <a 'sun/nio/fs/WindowsException'> (0x000000077590b1a8) thrown at [C:\cygwin64\tmp\openjdk-jdk8u-windows-x64-hotspot\workspace\build\src\hotspot\src\share\vm\prims\jni.cpp, line 710]
Event: 197.045 Thread 0x000001c3e289d000 Exception <a 'sun/nio/fs/WindowsException'> (0x000000077590b7a0) thrown at [C:\cygwin64\tmp\openjdk-jdk8u-windows-x64-hotspot\workspace\build\src\hotspot\src\share\vm\prims\jni.cpp, line 710]
Event: 197.045 Thread 0x000001c3e289d000 Exception <a 'sun/nio/fs/WindowsException'> (0x000000077590c648) thrown at [C:\cygwin64\tmp\openjdk-jdk8u-windows-x64-hotspot\workspace\build\src\hotspot\src\share\vm\prims\jni.cpp, line 710]
Event: 197.047 Thread 0x000001c3e289d000 Exception <a 'java/lang/IncompatibleClassChangeError': Found class java.lang.Object, but interface was expected> (0x00000007759117d0) thrown at [C:\cygwin64\tmp\openjdk-jdk8u-windows-x64-hotspot\workspace\build\src\hotspot\src\share\vm\interpreter\linkRes
Event: 197.078 Thread 0x000001c3c23e9800 Implicit null exception at 0x000001c3c8dcf87a to 0x000001c3c8dcfae5
Event: 197.078 Thread 0x000001c3c23e9800 Implicit null exception at 0x000001c3c8d5296c to 0x000001c3c8d52d21
Event: 197.079 Thread 0x000001c3c23e9800 Implicit null exception at 0x000001c3c9886c50 to 0x000001c3c9886d1d
Event: 197.084 Thread 0x000001c3c23e9800 Implicit null exception at 0x000001c3ca0f2fb2 to 0x000001c3ca0f3399

Events (10 events):
Event: 197.131 Thread 0x000001c3dd149000 flushing nmethod 0x000001c3c801e010
Event: 197.131 Thread 0x000001c3dd149000 flushing nmethod 0x000001c3c80e7850
Event: 197.131 Thread 0x000001c3dd149000 flushing nmethod 0x000001c3c80ea2d0
Event: 197.131 Thread 0x000001c3dd149000 flushing nmethod 0x000001c3c813ec50
Event: 197.131 Thread 0x000001c3dd149000 flushing nmethod 0x000001c3c813f590
Event: 197.131 Thread 0x000001c3dd149000 flushing nmethod 0x000001c3c813f990
Event: 197.131 Thread 0x000001c3dd149000 flushing nmethod 0x000001c3c81d7750
Event: 197.131 Thread 0x000001c3dd149000 flushing nmethod 0x000001c3c82424d0
Event: 197.131 Thread 0x000001c3dd149000 flushing nmethod 0x000001c3c8259710
Event: 197.132 Thread 0x000001c3dd149000 flushing nmethod 0x000001c3c83e4190


Dynamic libraries:
0x00007ff726000000 - 0x00007ff72603a000 	C:\_gdl\java\8u242-b08\bin\java.exe
0x00007ffd79aa0000 - 0x00007ffd79c90000 	C:\WINDOWS\SYSTEM32\ntdll.dll
0x00007ffd77cd0000 - 0x00007ffd77d82000 	C:\WINDOWS\System32\KERNEL32.DLL
0x00007ffd76bf0000 - 0x00007ffd76e95000 	C:\WINDOWS\System32\KERNELBASE.dll
0x00007ffd77c20000 - 0x00007ffd77cc3000 	C:\WINDOWS\System32\ADVAPI32.dll
0x00007ffd78ba0000 - 0x00007ffd78c3e000 	C:\WINDOWS\System32\msvcrt.dll
0x00007ffd78200000 - 0x00007ffd78297000 	C:\WINDOWS\System32\sechost.dll
0x00007ffd782b0000 - 0x00007ffd783d0000 	C:\WINDOWS\System32\RPCRT4.dll
0x00007ffd787f0000 - 0x00007ffd78984000 	C:\WINDOWS\System32\USER32.dll
0x00007ffd76ff0000 - 0x00007ffd77011000 	C:\WINDOWS\System32\win32u.dll
0x00007ffd78790000 - 0x00007ffd787b6000 	C:\WINDOWS\System32\GDI32.dll
0x00007ffd76a30000 - 0x00007ffd76bc6000 	C:\WINDOWS\System32\gdi32full.dll
0x00007ffd76ef0000 - 0x00007ffd76f8e000 	C:\WINDOWS\System32\msvcp_win.dll
0x00007ffd77a50000 - 0x00007ffd77b4a000 	C:\WINDOWS\System32\ucrtbase.dll
0x00007ffd68640000 - 0x00007ffd688c4000 	C:\WINDOWS\WinSxS\amd64_microsoft.windows.common-controls_6595b64144ccf1df_6.0.18362.1139_none_9e7bf2d3e4605ac6\COMCTL32.dll
0x00007ffd78e80000 - 0x00007ffd791b5000 	C:\WINDOWS\System32\combase.dll
0x00007ffd77020000 - 0x00007ffd770a0000 	C:\WINDOWS\System32\bcryptPrimitives.dll
0x00007ffd787c0000 - 0x00007ffd787ee000 	C:\WINDOWS\System32\IMM32.DLL
0x00007ffd45910000 - 0x00007ffd459ff000 	C:\_gdl\java\8u242-b08\bin\msvcr120.dll
0x00007ffd49180000 - 0x00007ffd49226000 	C:\_gdl\java\8u242-b08\bin\msvcp120.dll
0x000000006ffb0000 - 0x00000000707b1000 	C:\_gdl\java\8u242-b08\bin\server\jvm.dll
0x00007ffd78c40000 - 0x00007ffd78c48000 	C:\WINDOWS\System32\PSAPI.DLL
0x00007ffd71790000 - 0x00007ffd7179a000 	C:\WINDOWS\SYSTEM32\VERSION.dll
0x00007ffd69210000 - 0x00007ffd69234000 	C:\WINDOWS\SYSTEM32\WINMM.dll
0x00007ffd73250000 - 0x00007ffd73259000 	C:\WINDOWS\SYSTEM32\WSOCK32.dll
0x00007ffd785b0000 - 0x00007ffd7861f000 	C:\WINDOWS\System32\WS2_32.dll
0x00007ffd691b0000 - 0x00007ffd691dd000 	C:\WINDOWS\SYSTEM32\winmmbase.dll
0x00007ffd76ea0000 - 0x00007ffd76eea000 	C:\WINDOWS\System32\cfgmgr32.dll
0x00007ffd73260000 - 0x00007ffd7326f000 	C:\_gdl\java\8u242-b08\bin\verify.dll
0x00007ffd68050000 - 0x00007ffd68078000 	C:\_gdl\java\8u242-b08\bin\java.dll
0x00007ffd65780000 - 0x00007ffd65796000 	C:\_gdl\java\8u242-b08\bin\zip.dll
0x00007ffd791c0000 - 0x00007ffd798a7000 	C:\WINDOWS\System32\SHELL32.dll
0x00007ffd78620000 - 0x00007ffd786c9000 	C:\WINDOWS\System32\shcore.dll
0x00007ffd77220000 - 0x00007ffd779a0000 	C:\WINDOWS\System32\windows.storage.dll
0x00007ffd769c0000 - 0x00007ffd769e3000 	C:\WINDOWS\System32\profapi.dll
0x00007ffd76970000 - 0x00007ffd769ba000 	C:\WINDOWS\System32\powrprof.dll
0x00007ffd76960000 - 0x00007ffd76970000 	C:\WINDOWS\System32\UMPDC.dll
0x00007ffd786d0000 - 0x00007ffd78722000 	C:\WINDOWS\System32\shlwapi.dll
0x00007ffd769f0000 - 0x00007ffd76a01000 	C:\WINDOWS\System32\kernel.appcore.dll
0x00007ffd76bd0000 - 0x00007ffd76be7000 	C:\WINDOWS\System32\cryptsp.dll
0x00007ffd72650000 - 0x00007ffd7265d000 	C:\_gdl\java\8u242-b08\bin\management.dll
0x00007ffd5b190000 - 0x00007ffd5b1aa000 	C:\_gdl\java\8u242-b08\bin\net.dll
0x00007ffd761b0000 - 0x00007ffd76217000 	C:\WINDOWS\system32\mswsock.dll
0x00007ffd5af20000 - 0x00007ffd5af36000 	C:\WINDOWS\system32\napinsp.dll
0x00007ffd5a210000 - 0x00007ffd5a22a000 	C:\WINDOWS\system32\pnrpnsp.dll
0x00007ffd75f00000 - 0x00007ffd75fcb000 	C:\WINDOWS\SYSTEM32\DNSAPI.dll
0x00007ffd782a0000 - 0x00007ffd782a8000 	C:\WINDOWS\System32\NSI.dll
0x00007ffd75ec0000 - 0x00007ffd75efa000 	C:\WINDOWS\SYSTEM32\IPHLPAPI.DLL
0x00007ffd722e0000 - 0x00007ffd722ee000 	C:\WINDOWS\System32\winrnr.dll
0x00007ffd71f70000 - 0x00007ffd71f8c000 	C:\WINDOWS\system32\NLAapi.dll
0x00007ffd4fc90000 - 0x00007ffd4fca5000 	C:\WINDOWS\system32\wshbth.dll
0x00007ffd6fa30000 - 0x00007ffd6fa3a000 	C:\Windows\System32\rasadhlp.dll
0x00007ffd70dc0000 - 0x00007ffd70e37000 	C:\WINDOWS\System32\fwpuclnt.dll
0x00007ffd770a0000 - 0x00007ffd770c6000 	C:\WINDOWS\System32\bcrypt.dll
0x00007ffd5b170000 - 0x00007ffd5b182000 	C:\_gdl\java\8u242-b08\bin\nio.dll
0x00007ffd5b0f0000 - 0x00007ffd5b113000 	C:\_gdl\java\8u242-b08\bin\sunec.dll
0x00007ffd75d20000 - 0x00007ffd75d53000 	C:\WINDOWS\system32\rsaenh.dll
0x00007ffd76880000 - 0x00007ffd768a5000 	C:\WINDOWS\SYSTEM32\USERENV.dll
0x00007ffd76380000 - 0x00007ffd7638c000 	C:\WINDOWS\SYSTEM32\CRYPTBASE.dll
0x00007ffd717c0000 - 0x00007ffd717d6000 	C:\WINDOWS\SYSTEM32\dhcpcsvc6.DLL
0x00007ffd717a0000 - 0x00007ffd717bc000 	C:\WINDOWS\SYSTEM32\dhcpcsvc.DLL
0x00007ffd49450000 - 0x00007ffd494c2000 	C:\Users\Kelvin\AppData\Local\Temp\lwjglKelvin\3.2.2-build-10\lwjgl.dll
0x00007ffd57c50000 - 0x00007ffd57cae000 	C:\Users\Kelvin\AppData\Local\Temp\lwjglKelvin\3.2.2-build-10\glfw.dll
0x00007ffd75ab0000 - 0x00007ffd75ae1000 	C:\WINDOWS\SYSTEM32\ntmarta.dll
0x00007ffd71dc0000 - 0x00007ffd71dcb000 	C:\_gdl\java\8u242-b08\bin\sunmscapi.dll
0x00007ffd770d0000 - 0x00007ffd77219000 	C:\WINDOWS\System32\CRYPT32.dll
0x00007ffd76a10000 - 0x00007ffd76a22000 	C:\WINDOWS\System32\MSASN1.dll
0x00007ffd3b4e0000 - 0x00007ffd3b731000 	C:\Users\Kelvin\AppData\Local\Temp\lwjglKelvin\3.2.2-build-10\jemalloc.dll
0x00007ffd74930000 - 0x00007ffd749c9000 	C:\WINDOWS\system32\uxtheme.dll
0x00007ffd76750000 - 0x00007ffd7677a000 	C:\WINDOWS\SYSTEM32\DEVOBJ.dll
0x00007ffd74fe0000 - 0x00007ffd7500d000 	C:\WINDOWS\SYSTEM32\dwmapi.dll
0x00007ffd71810000 - 0x00007ffd7192b000 	C:\WINDOWS\SYSTEM32\inputhost.dll
0x00007ffd72fc0000 - 0x00007ffd73113000 	C:\WINDOWS\SYSTEM32\wintypes.dll
0x00007ffd66ba0000 - 0x00007ffd66eca000 	C:\WINDOWS\SYSTEM32\CoreUIComponents.dll
0x00007ffd72e40000 - 0x00007ffd72f30000 	C:\WINDOWS\SYSTEM32\PROPSYS.dll
0x00007ffd745e0000 - 0x00007ffd746b4000 	C:\WINDOWS\SYSTEM32\CoreMessaging.dll
0x00007ffd77b50000 - 0x00007ffd77c15000 	C:\WINDOWS\System32\OLEAUT32.dll
0x00007ffd78a60000 - 0x00007ffd78b95000 	C:\WINDOWS\System32\MSCTF.dll
0x00007ffd77d90000 - 0x00007ffd78200000 	C:\WINDOWS\System32\SETUPAPI.DLL
0x00007ffd76f90000 - 0x00007ffd76fec000 	C:\WINDOWS\System32\WINTRUST.dll
0x00007ffd44300000 - 0x00007ffd44456000 	C:\WINDOWS\SYSTEM32\opengl32.dll
0x00007ffd57ea0000 - 0x00007ffd57ecc000 	C:\WINDOWS\SYSTEM32\GLU32.dll
0x00007ffd755b0000 - 0x00007ffd755d0000 	C:\WINDOWS\SYSTEM32\dxcore.dll
0x00007ffd29700000 - 0x00007ffd2c098000 	C:\WINDOWS\System32\DriverStore\FileRepository\nv_dispi.inf_amd64_324f172f3e662ec5\nvoglv64.dll
0x00007ffd783d0000 - 0x00007ffd78527000 	C:\WINDOWS\System32\ole32.dll
0x00007ffd72a00000 - 0x00007ffd72a13000 	C:\WINDOWS\SYSTEM32\WTSAPI32.dll
0x00007ffd48870000 - 0x00007ffd48b1e000 	C:\WINDOWS\system32\nvspcap64.dll
0x00007ffd75a00000 - 0x00007ffd75a56000 	C:\WINDOWS\SYSTEM32\WINSTA.dll
0x00007ffd48fb0000 - 0x00007ffd49008000 	C:\Users\Kelvin\AppData\Local\Temp\lwjglKelvin\3.2.2-build-10\lwjgl_opengl.dll
0x00007ffd46610000 - 0x00007ffd4668f000 	C:\Users\Kelvin\AppData\Local\Temp\lwjglKelvin\3.2.2-build-10\lwjgl_stb.dll
0x00007ffd66650000 - 0x00007ffd666fe000 	C:\WINDOWS\SYSTEM32\mscms.dll
0x00007ffd665a0000 - 0x00007ffd665b7000 	C:\WINDOWS\SYSTEM32\ColorAdapterClient.dll
0x00007ffd72df0000 - 0x00007ffd72e33000 	C:\WINDOWS\SYSTEM32\icm32.dll
0x00007ffd45d30000 - 0x00007ffd45d72000 	C:\Users\Kelvin\AppData\Local\Temp\jna--2051171159\jna2728627140723110963.dll
0x00007ffd57af0000 - 0x00007ffd57b0a000 	C:\_gdl\instances\Craft to Exile [Harmony]\natives\SAPIWrapper_x64.dll
0x00007ffd78dd0000 - 0x00007ffd78e72000 	C:\WINDOWS\System32\clbcatq.dll
0x00007ffd703f0000 - 0x00007ffd70462000 	C:\WINDOWS\System32\MMDevApi.dll
0x00007ffd43b20000 - 0x00007ffd43c34000 	C:\Users\Kelvin\AppData\Local\Temp\lwjglKelvin\3.2.2-build-10\OpenAL.dll
0x00007ffd517a0000 - 0x00007ffd518fd000 	C:\WINDOWS\SYSTEM32\AUDIOSES.DLL
0x00007ffd74d20000 - 0x00007ffd74d34000 	C:\WINDOWS\SYSTEM32\resourcepolicyclient.dll
0x00007ffd71ed0000 - 0x00007ffd71f6e000 	C:\WINDOWS\System32\TextInputFramework.dll
0x00007ffd69460000 - 0x00007ffd69707000 	C:\WINDOWS\System32\iertutil.dll
0x00007ffd3cef0000 - 0x00007ffd3d085000 	C:\_gdl\java\8u242-b08\bin\awt.dll
0x00007ffd747f0000 - 0x00007ffd7487f000 	C:\WINDOWS\SYSTEM32\apphelp.dll
0x00007ffd75330000 - 0x00007ffd75524000 	C:\WINDOWS\SYSTEM32\dbghelp.dll

VM Arguments:
jvm_args: -XX:HeapDumpPath=MojangTricksIntelDriversForPerformance_javaw.exe_minecraft.exe.heapdump -Dos.name=Windows 10 -Dos.version=10.0 -Djava.library.path=C:\_gdl\instances\Craft to Exile [Harmony]\natives -Dminecraft.launcher.brand=GDLauncher -Dminecraft.launcher.version=1.0 -Xmx4096m -Xms4096m -Dminecraft.applet.TargetDirectory=C:\_gdl\instances\Craft to Exile [Harmony] -Dfml.ignorePatchDiscrepancies=true -Dfml.ignoreInvalidMinecraftCertificates=true -XX:HeapDumpPath=MojangTricksIntelDriversForPerformance_javaw.exe_minecraft.exe.heapdump -Xms256m 
java_command: cpw.mods.modlauncher.Launcher --width 854 --height 480 --username Mahjerion --version 1.16.2 --gameDir C:\_gdl\instances\Craft to Exile [Harmony] --assetsDir C:\_gdl\datastore\assets --assetIndex 1.16 --uuid 078e6d6a263646289d0d28d4dd831d5f --accessToken eyJhbGciOiJIUzI1NiJ9.eyJzdWIiOiJlMTdjMzAwM2Q5MDk4YjAzMThiYzljN2VlODFlOTFhNCIsInlnZ3QiOiI2YmU1ZjI1YTc2ZmE0NjAwYmE1YTI2MDQ5MjdhMTVkYSIsInNwciI6IjA3OGU2ZDZhMjYzNjQ2Mjg5ZDBkMjhkNGRkODMxZDVmIiwiaXNzIjoiWWdnZHJhc2lsLUF1dGgiLCJleHAiOjE2MDM2Mzc5MjgsImlhdCI6MTYwMzQ2NTEyOH0._VC-wMkGqVaMKCCtxD7-WxeTCeckYvHF8aFUMUa5YGM --userType mojang --versionType release --launchTarget fmlclient --fml.forgeVersion 33.0.61 --fml.mcVersion 1.16.2 --fml.forgeGroup net.minecraftforge --fml.mcpVersion 20200812.004259
java_class_path (initial): C:\_gdl\datastore\libraries\net\minecraftforge\forge\1.16.2-33.0.61\forge-1.16.2-33.0.61.jar;C:\_gdl\datastore\libraries\org\ow2\asm\asm\7.2\asm-7.2.jar;C:\_gdl\datastore\libraries\org\ow2\asm\asm-commons\7.2\asm-commons-7.2.jar;C:\_gdl\datastore\libraries\org\ow2\asm\asm-tree\7.2\asm-tree-7.2.jar;C:\_gdl\datastore\libraries\org\ow2\asm\asm-util\7.2\asm-util-7.2.jar;C:\_gdl\datastore\libraries\org\ow2\asm\asm-analysis\7.2\asm-analysis-7.2.jar;C:\_gdl\datastore\libraries\cpw\mods\modlauncher\7.0.1\modlauncher-7.0.1.jar;C:\_gdl\datastore\libraries\cpw\mods\grossjava9hacks\1.3.0\grossjava9hacks-1.3.0.jar;C:\_gdl\datastore\libraries\net\minecraftforge\accesstransformers\2.2.0-shadowed\accesstransformers-2.2.0-shadowed.jar;C:\_gdl\datastore\libraries\net\minecraftforge\eventbus\3.0.3-service\eventbus-3.0.3-service.jar;C:\_gdl\datastore\libraries\net\minecraftforge\forgespi\3.1.1\forgespi-3.1.1.jar;C:\_gdl\datastore\libraries\net\minecraftforge\coremods\3.0.0\coremods-3.0.0.jar;C:\_gdl\datastore\libraries\net\minecraftforge\unsafe\0.2.0\unsafe-0.2.0.jar;C:\_gdl\datastore\libraries\com\electronwill\night-config\core\3.6.2\core-3.6.2.jar;C:\_gdl\datastore\libraries\com\electronwill\night-config\toml\3.6.2\toml-3.6.2.jar;C:\_gdl\datastore\libraries\org\jline\jline\3.12.1\jline-3.12.1.jar;C:\_gdl\datastore\libraries\org\apache\maven\maven-artifact\3.6.0\maven-artifact-3.6.0.jar;C:\_gdl\datastore\libraries\net\jodah\typetools\0.8.1\typetools-0.8.1.jar;C:\_gdl\datastore\libraries\org\apache\logging\log4j\log4j-api\2.11.2\log4j-api-2.11.2.jar;C:\_gdl\datastore\libraries\org\apache\logging\log4j\log4j-core\2.11.2\log4j-core-2.11.2.jar;C:\_gdl\datastore\libraries\net\minecrell\terminalconsoleappender\1.2.0\terminalconsoleappender-1.2.0.jar;C:\_gdl\datastore\libraries\net\sf\jopt-simple\jopt-simple\5.0.4\jopt-simple-5.0.4.jar;C:\_gdl\datastore\libraries\org\spongepowered\mixin\0.8\mixin-0.8.jar;C:\_gdl\datastore\libraries\com\mojang\patchy\1.1\patchy-1.
Launcher Type: SUN_STANDARD

Environment Variables:
JAVA_HOME=C:\Program Files\AdoptOpenJDK\jdk-8.0.265.01-hotspot\
PATH=C:\Program Files\AdoptOpenJDK\jdk-8.0.265.01-hotspot\bin;C:\Program Files\AdoptOpenJDK\jdk-11.0.8.10-hotspot\bin;C:\Program Files (x86)\Common Files\Oracle\Java\javapath;C:\Windows\system32;C:\Windows;C:\Windows\System32\Wbem;C:\Windows\System32\WindowsPowerShell\v1.0\;C:\Windows\System32\OpenSSH\;C:\Program Files (x86)\NVIDIA Corporation\PhysX\Common;C:\Program Files\NVIDIA Corporation\NVIDIA NvDLISR;C:\WINDOWS\system32;C:\WINDOWS;C:\WINDOWS\System32\Wbem;C:\WINDOWS\System32\WindowsPowerShell\v1.0\;C:\WINDOWS\System32\OpenSSH\;C:\Program Files\AdoptOpenJDK\jdk-8.0.265.01-hotspot\\bin;C:\Users\Kelvin\AppData\Local\Programs\Python\Python38-32\Scripts;C:\Users\Kelvin\AppData\Local\Microsoft\WindowsApps;C:\Users\Kelvin\AppData\Local\GitHubDesktop\bin;C:\Program Files\JetBrains\PyCharm Community Edition 2020.2.1\bin;;C:\Program Files\JetBrains\IntelliJ IDEA Community Edition 2020.2.1\bin;
USERNAME=Kelvin
OS=Windows_NT
PROCESSOR_IDENTIFIER=AMD64 Family 23 Model 8 Stepping 2, AuthenticAMD



---------------  S Y S T E M  ---------------

OS: Windows 10.0 , 64 bit Build 18362 (10.0.18362.1110)

CPU:total 12 (initial active 12) (12 cores per cpu, 1 threads per core) family 23 model 8 stepping 2, cmov, cx8, fxsr, mmx, sse, sse2, sse3, ssse3, sse4.1, sse4.2, popcnt, avx, avx2, aes, clmul, mmxext, 3dnowpref, lzcnt, sse4a, tsc, tscinvbit, tscinv, bmi1

Memory: 4k page, physical 33501216k(23655824k free), swap 35598368k(22591736k free)

vm_info: OpenJDK 64-Bit Server VM (25.242-b08) for windows-amd64 JRE (1.8.0_242-b08), built on Jan 19 2020 14:45:52 by "jenkins" with MS VC++ 12.0 (VS2013)

time: Fri Oct 23 18:05:22 2020
timezone: Eastern Daylight Time
elapsed time: 197 seconds (0d 0h 3m 17s)

